2025-07-23 09:33:36,543 - INFO - ================================================================================
2025-07-23 09:33:36,543 - INFO - 🚀 VSLR Training Started
2025-07-23 09:33:36,544 - INFO - ================================================================================
2025-07-23 09:33:36,544 - INFO - 📝 Log file: /home/na/VSLR/outputs/logs/training_20250723_093336.log
2025-07-23 09:33:36,544 - INFO - 📅 Start time: 2025-07-23 09:33:36
2025-07-23 09:33:36,606 - INFO - Using device: cuda
2025-07-23 09:33:36,606 - INFO - Configuration loaded
2025-07-23 09:33:36,606 - INFO - Loading labels...
2025-07-23 09:33:36,612 - INFO -  15 classes: [1, 2, 3, 4, 5, 6, 7, 8, 9, 10, 11, 12, 13, 14, 15]
2025-07-23 09:33:36,612 - INFO -  300 videos
2025-07-23 09:33:36,612 - INFO - 
2025-07-23 09:33:36,612 - INFO -  Creating datasets...
2025-07-23 09:33:36,612 - INFO - Configuration:
2025-07-23 09:33:36,612 - INFO -    Split strategy: Stratified
2025-07-23 09:33:36,612 - INFO -    Train augmentations: ['flip', 'translation', 'scaling']
2025-07-23 09:33:36,612 - INFO -    Val augmentations: None (for fair evaluation)
2025-07-23 09:33:36,612 - INFO -    Translation range: ±0.1
2025-07-23 09:33:36,612 - INFO -    Scale range: ±0.1
2025-07-23 09:33:36,613 - INFO -  Using stratified split strategy
2025-07-23 09:33:36,613 - INFO -  TRAIN dataset: 240 original files
2025-07-23 09:33:36,613 - INFO -  Augmentation enabled: 1920 total samples (x8)
2025-07-23 09:33:36,614 - INFO -   - Augmentations: ['flip', 'translation', 'scaling']
2025-07-23 09:33:36,614 - INFO -   - Total combinations: 8
2025-07-23 09:33:36,614 - INFO -   - Combinations: ['original', 'flip', 'translation', 'scaling', 'flip+translation', 'flip+scaling', 'translation+scaling', 'flip+translation+scaling']
2025-07-23 09:33:36,614 - INFO -  TRAIN class distribution:
2025-07-23 09:33:36,614 - INFO -   Class 1: 16 samples
2025-07-23 09:33:36,614 - INFO -   Class 2: 16 samples
2025-07-23 09:33:36,614 - INFO -   Class 3: 16 samples
2025-07-23 09:33:36,614 - INFO -   Class 4: 16 samples
2025-07-23 09:33:36,614 - INFO -   Class 5: 16 samples
2025-07-23 09:33:36,614 - INFO -   Class 6: 16 samples
2025-07-23 09:33:36,614 - INFO -   Class 7: 16 samples
2025-07-23 09:33:36,614 - INFO -   Class 8: 16 samples
2025-07-23 09:33:36,614 - INFO -   Class 9: 16 samples
2025-07-23 09:33:36,614 - INFO -   Class 10: 16 samples
2025-07-23 09:33:36,614 - INFO -   Class 11: 16 samples
2025-07-23 09:33:36,614 - INFO -   Class 12: 16 samples
2025-07-23 09:33:36,614 - INFO -   Class 13: 16 samples
2025-07-23 09:33:36,614 - INFO -   Class 14: 16 samples
2025-07-23 09:33:36,614 - INFO -   Class 15: 16 samples
2025-07-23 09:33:36,614 - INFO -  ✓ Balanced: 16 samples per class
2025-07-23 09:33:36,615 - INFO -  Using stratified split strategy
2025-07-23 09:33:36,615 - INFO -  VAL dataset: 60 original files
2025-07-23 09:33:36,615 - INFO -  No augmentation enabled: 60 total samples
2025-07-23 09:33:36,615 - INFO -  VAL class distribution:
2025-07-23 09:33:36,615 - INFO -   Class 1: 4 samples
2025-07-23 09:33:36,615 - INFO -   Class 2: 4 samples
2025-07-23 09:33:36,615 - INFO -   Class 3: 4 samples
2025-07-23 09:33:36,615 - INFO -   Class 4: 4 samples
2025-07-23 09:33:36,615 - INFO -   Class 5: 4 samples
2025-07-23 09:33:36,615 - INFO -   Class 6: 4 samples
2025-07-23 09:33:36,615 - INFO -   Class 7: 4 samples
2025-07-23 09:33:36,615 - INFO -   Class 8: 4 samples
2025-07-23 09:33:36,615 - INFO -   Class 9: 4 samples
2025-07-23 09:33:36,615 - INFO -   Class 10: 4 samples
2025-07-23 09:33:36,615 - INFO -   Class 11: 4 samples
2025-07-23 09:33:36,615 - INFO -   Class 12: 4 samples
2025-07-23 09:33:36,615 - INFO -   Class 13: 4 samples
2025-07-23 09:33:36,616 - INFO -   Class 14: 4 samples
2025-07-23 09:33:36,616 - INFO -   Class 15: 4 samples
2025-07-23 09:33:36,616 - INFO -  ✓ Balanced: 4 samples per class
2025-07-23 09:33:36,616 - INFO - 
2025-07-23 09:33:36,616 - INFO - Dataset summary:
2025-07-23 09:33:36,616 - INFO -   Total classes: 15
2025-07-23 09:33:36,616 - INFO -   Train samples: 1920
2025-07-23 09:33:36,616 - INFO -   Val samples: 60
2025-07-23 09:33:36,616 - INFO -   Strategy: Stratified split
2025-07-23 09:33:36,616 - INFO - 
2025-07-23 09:33:36,616 - INFO - Creating data loaders...
2025-07-23 09:33:36,616 - INFO -  Train batches: 240
2025-07-23 09:33:36,616 - INFO -  Valid batches: 8
2025-07-23 09:33:36,616 - INFO -  Batch size: 8
2025-07-23 09:33:36,617 - INFO -  Data Augmentation (flip + translation + scaling): 240 original → 1920 total samples
2025-07-23 09:33:36,617 - INFO -  Augmentation combinations: ['original', 'flip', 'translation', 'scaling', 'flip+translation', 'flip+scaling', 'translation+scaling', 'flip+translation+scaling']
2025-07-23 09:33:36,646 - INFO -  Sample keypoints shape: torch.Size([8, 60, 75, 2])
2025-07-23 09:33:36,646 - INFO -  Sample labels shape: torch.Size([8])
2025-07-23 09:33:36,646 - INFO - 
2025-07-23 09:33:36,646 - INFO - Creating adjacency matrix...
2025-07-23 09:33:36,648 - INFO -  Adjacency matrix shape: torch.Size([75, 75])
2025-07-23 09:33:36,648 - INFO -  Number of vertices: 75
2025-07-23 09:33:36,648 - INFO - 
2025-07-23 09:33:36,648 - INFO - Creating model...
2025-07-23 09:33:36,898 - INFO - Model created with 285584 parameters
2025-07-23 09:33:36,898 - INFO - Model configuration:
2025-07-23 09:33:36,899 - INFO -   - GCN layers: 2
2025-07-23 09:33:36,899 - INFO -   - GCN hidden dim: 128
2025-07-23 09:33:36,899 - INFO -   - LSTM hidden dim: 128
2025-07-23 09:33:36,899 - INFO -   - LSTM layers: 1
2025-07-23 09:33:36,899 - INFO -   - Bidirectional: True
2025-07-23 09:33:36,899 - INFO -   - Dropout: 0.5
2025-07-23 09:33:36,899 - INFO -   - Pooling type: attention
2025-07-23 09:33:36,899 - INFO -   - Sequence length: 60
2025-07-23 09:33:36,899 - INFO -   - Number of vertices: 75
2025-07-23 09:33:36,899 - INFO -   - Using Attention Pooling with dropout: 0.5
2025-07-23 09:33:36,899 - INFO -   - Attention weights can be visualized after forward pass
2025-07-23 09:33:36,899 - INFO - 
2025-07-23 09:33:36,899 - INFO - Starting training...
2025-07-23 09:33:36,899 - INFO -  Training configuration:
2025-07-23 09:33:36,899 - INFO -   - Epochs: 300
2025-07-23 09:33:36,899 - INFO -   - Batch size: 8
2025-07-23 09:33:36,899 - INFO -   - Learning rate: 0.001
2025-07-23 09:33:36,899 - INFO -   - Optimizer: adam
2025-07-23 09:33:36,899 - INFO -   - Scheduler: step
2025-07-23 09:33:36,899 - INFO -   - Early stopping patience: 100
2025-07-23 09:33:40,623 - INFO - Epoch 001/300 | Train Loss: 2.7209 Acc: 06.46% | Val Loss: 2.7140 Acc: 06.67% | LR: 0.001000
2025-07-23 09:33:42,255 - INFO - Epoch 002/300 | Train Loss: 2.7117 Acc: 06.82% | Val Loss: 2.7245 Acc: 05.00% | LR: 0.001000
2025-07-23 09:33:43,872 - INFO - Epoch 003/300 | Train Loss: 2.6989 Acc: 07.60% | Val Loss: 2.7473 Acc: 06.67% | LR: 0.001000
2025-07-23 09:33:45,508 - INFO - Epoch 004/300 | Train Loss: 2.6096 Acc: 13.28% | Val Loss: 2.4337 Acc: 10.00% | LR: 0.001000
2025-07-23 09:33:47,216 - INFO - Epoch 005/300 | Train Loss: 2.3804 Acc: 16.77% | Val Loss: 2.2585 Acc: 16.67% | LR: 0.001000
2025-07-23 09:33:48,842 - INFO - Epoch 006/300 | Train Loss: 2.2543 Acc: 20.26% | Val Loss: 2.2018 Acc: 18.33% | LR: 0.001000
2025-07-23 09:33:50,466 - INFO - Epoch 007/300 | Train Loss: 2.1323 Acc: 25.21% | Val Loss: 2.0849 Acc: 26.67% | LR: 0.001000
2025-07-23 09:33:52,098 - INFO - Epoch 008/300 | Train Loss: 2.0335 Acc: 27.66% | Val Loss: 1.9476 Acc: 30.00% | LR: 0.001000
2025-07-23 09:33:53,789 - INFO - Epoch 009/300 | Train Loss: 1.9347 Acc: 31.72% | Val Loss: 1.7902 Acc: 33.33% | LR: 0.001000
2025-07-23 09:33:55,557 - INFO - Epoch 010/300 | Train Loss: 1.8364 Acc: 34.22% | Val Loss: 1.7107 Acc: 36.67% | LR: 0.001000
2025-07-23 09:33:57,333 - INFO - Epoch 011/300 | Train Loss: 1.7572 Acc: 38.02% | Val Loss: 1.6485 Acc: 38.33% | LR: 0.001000
2025-07-23 09:33:59,023 - INFO - Epoch 012/300 | Train Loss: 1.6673 Acc: 40.99% | Val Loss: 1.6751 Acc: 36.67% | LR: 0.001000
2025-07-23 09:34:00,798 - INFO - Epoch 013/300 | Train Loss: 1.5493 Acc: 45.89% | Val Loss: 1.3186 Acc: 46.67% | LR: 0.001000
2025-07-23 09:34:02,715 - INFO - Epoch 014/300 | Train Loss: 1.5021 Acc: 47.45% | Val Loss: 1.1250 Acc: 55.00% | LR: 0.001000
2025-07-23 09:34:04,594 - INFO - Epoch 015/300 | Train Loss: 1.4399 Acc: 48.23% | Val Loss: 1.2497 Acc: 51.67% | LR: 0.001000
2025-07-23 09:34:06,460 - INFO - Epoch 016/300 | Train Loss: 1.3613 Acc: 50.21% | Val Loss: 1.0987 Acc: 58.33% | LR: 0.001000
2025-07-23 09:34:08,178 - INFO - Epoch 017/300 | Train Loss: 1.2595 Acc: 57.55% | Val Loss: 1.0092 Acc: 65.00% | LR: 0.001000
2025-07-23 09:34:09,923 - INFO - Epoch 018/300 | Train Loss: 1.2729 Acc: 55.68% | Val Loss: 1.0429 Acc: 58.33% | LR: 0.001000
2025-07-23 09:34:11,637 - INFO - Epoch 019/300 | Train Loss: 1.1705 Acc: 59.01% | Val Loss: 0.8698 Acc: 70.00% | LR: 0.001000
2025-07-23 09:34:13,288 - INFO - Epoch 020/300 | Train Loss: 1.1121 Acc: 61.30% | Val Loss: 0.8483 Acc: 66.67% | LR: 0.000500
2025-07-23 09:34:14,917 - INFO - Epoch 021/300 | Train Loss: 0.9797 Acc: 66.82% | Val Loss: 0.6488 Acc: 78.33% | LR: 0.000500
2025-07-23 09:34:16,544 - INFO - Epoch 022/300 | Train Loss: 0.8866 Acc: 68.75% | Val Loss: 0.5612 Acc: 83.33% | LR: 0.000500
2025-07-23 09:34:18,172 - INFO - Epoch 023/300 | Train Loss: 0.8406 Acc: 71.77% | Val Loss: 0.7013 Acc: 76.67% | LR: 0.000500
2025-07-23 09:34:19,797 - INFO - Epoch 024/300 | Train Loss: 0.7897 Acc: 73.80% | Val Loss: 0.6144 Acc: 81.67% | LR: 0.000500
2025-07-23 09:34:21,415 - INFO - Epoch 025/300 | Train Loss: 0.7458 Acc: 74.90% | Val Loss: 0.4859 Acc: 86.67% | LR: 0.000500
2025-07-23 09:34:23,047 - INFO - Epoch 026/300 | Train Loss: 0.7778 Acc: 73.07% | Val Loss: 0.5362 Acc: 78.33% | LR: 0.000500
2025-07-23 09:34:24,662 - INFO - Epoch 027/300 | Train Loss: 0.6957 Acc: 76.35% | Val Loss: 0.5035 Acc: 88.33% | LR: 0.000500
2025-07-23 09:34:26,266 - INFO - Epoch 028/300 | Train Loss: 0.7096 Acc: 75.94% | Val Loss: 0.6880 Acc: 76.67% | LR: 0.000500
2025-07-23 09:34:27,881 - INFO - Epoch 029/300 | Train Loss: 0.6570 Acc: 78.02% | Val Loss: 0.5954 Acc: 73.33% | LR: 0.000500
2025-07-23 09:34:29,488 - INFO - Epoch 030/300 | Train Loss: 0.6469 Acc: 77.34% | Val Loss: 0.5268 Acc: 83.33% | LR: 0.000500
2025-07-23 09:34:31,107 - INFO - Epoch 031/300 | Train Loss: 0.6442 Acc: 77.66% | Val Loss: 0.5876 Acc: 80.00% | LR: 0.000500
2025-07-23 09:34:32,723 - INFO - Epoch 032/300 | Train Loss: 0.5894 Acc: 81.25% | Val Loss: 0.5011 Acc: 85.00% | LR: 0.000500
2025-07-23 09:34:34,333 - INFO - Epoch 033/300 | Train Loss: 0.5826 Acc: 80.47% | Val Loss: 0.5845 Acc: 81.67% | LR: 0.000500
2025-07-23 09:34:35,942 - INFO - Epoch 034/300 | Train Loss: 0.5279 Acc: 83.28% | Val Loss: 0.4533 Acc: 86.67% | LR: 0.000500
2025-07-23 09:34:37,558 - INFO - Epoch 035/300 | Train Loss: 0.5661 Acc: 82.45% | Val Loss: 0.5504 Acc: 73.33% | LR: 0.000500
2025-07-23 09:34:39,168 - INFO - Epoch 036/300 | Train Loss: 0.5236 Acc: 83.96% | Val Loss: 0.4278 Acc: 88.33% | LR: 0.000500
2025-07-23 09:34:40,786 - INFO - Epoch 037/300 | Train Loss: 0.4731 Acc: 85.00% | Val Loss: 0.6442 Acc: 85.00% | LR: 0.000500
2025-07-23 09:34:42,403 - INFO - Epoch 038/300 | Train Loss: 0.4646 Acc: 84.22% | Val Loss: 0.6196 Acc: 85.00% | LR: 0.000500
2025-07-23 09:34:44,012 - INFO - Epoch 039/300 | Train Loss: 0.4760 Acc: 85.57% | Val Loss: 0.4143 Acc: 91.67% | LR: 0.000500
2025-07-23 09:34:45,624 - INFO - Epoch 040/300 | Train Loss: 0.4272 Acc: 86.15% | Val Loss: 0.4302 Acc: 90.00% | LR: 0.000250
2025-07-23 09:34:47,246 - INFO - Epoch 041/300 | Train Loss: 0.3627 Acc: 88.70% | Val Loss: 0.4498 Acc: 90.00% | LR: 0.000250
2025-07-23 09:34:48,864 - INFO - Epoch 042/300 | Train Loss: 0.3221 Acc: 90.83% | Val Loss: 0.3584 Acc: 93.33% | LR: 0.000250
2025-07-23 09:34:50,480 - INFO - Epoch 043/300 | Train Loss: 0.2895 Acc: 91.15% | Val Loss: 0.3986 Acc: 91.67% | LR: 0.000250
2025-07-23 09:34:52,090 - INFO - Epoch 044/300 | Train Loss: 0.3253 Acc: 91.51% | Val Loss: 0.4059 Acc: 93.33% | LR: 0.000250
2025-07-23 09:34:53,706 - INFO - Epoch 045/300 | Train Loss: 0.3167 Acc: 90.78% | Val Loss: 0.5240 Acc: 90.00% | LR: 0.000250
2025-07-23 09:34:55,316 - INFO - Epoch 046/300 | Train Loss: 0.2196 Acc: 93.54% | Val Loss: 0.4864 Acc: 91.67% | LR: 0.000250
2025-07-23 09:34:56,946 - INFO - Epoch 047/300 | Train Loss: 0.2859 Acc: 92.97% | Val Loss: 0.3826 Acc: 91.67% | LR: 0.000250
2025-07-23 09:34:58,560 - INFO - Epoch 048/300 | Train Loss: 0.2394 Acc: 93.39% | Val Loss: 0.3334 Acc: 91.67% | LR: 0.000250
2025-07-23 09:35:00,167 - INFO - Epoch 049/300 | Train Loss: 0.2575 Acc: 92.29% | Val Loss: 0.5306 Acc: 90.00% | LR: 0.000250
2025-07-23 09:35:01,802 - INFO - Epoch 050/300 | Train Loss: 0.2901 Acc: 92.19% | Val Loss: 0.4115 Acc: 91.67% | LR: 0.000250
2025-07-23 09:35:03,594 - INFO - Epoch 051/300 | Train Loss: 0.2223 Acc: 93.70% | Val Loss: 0.4762 Acc: 90.00% | LR: 0.000250
2025-07-23 09:35:05,614 - INFO - Epoch 052/300 | Train Loss: 0.2179 Acc: 93.75% | Val Loss: 0.4120 Acc: 88.33% | LR: 0.000250
2025-07-23 09:35:07,610 - INFO - Epoch 053/300 | Train Loss: 0.2321 Acc: 93.49% | Val Loss: 0.5485 Acc: 90.00% | LR: 0.000250
2025-07-23 09:35:09,628 - INFO - Epoch 054/300 | Train Loss: 0.2607 Acc: 92.97% | Val Loss: 0.4833 Acc: 91.67% | LR: 0.000250
2025-07-23 09:35:11,373 - INFO - Epoch 055/300 | Train Loss: 0.2343 Acc: 93.39% | Val Loss: 0.5482 Acc: 90.00% | LR: 0.000250
2025-07-23 09:35:13,023 - INFO - Epoch 056/300 | Train Loss: 0.2597 Acc: 92.81% | Val Loss: 0.5700 Acc: 90.00% | LR: 0.000250
2025-07-23 09:35:14,635 - INFO - Epoch 057/300 | Train Loss: 0.2284 Acc: 93.85% | Val Loss: 0.5589 Acc: 90.00% | LR: 0.000250
2025-07-23 09:35:16,278 - INFO - Epoch 058/300 | Train Loss: 0.2360 Acc: 93.85% | Val Loss: 0.3643 Acc: 91.67% | LR: 0.000250
2025-07-23 09:35:17,999 - INFO - Epoch 059/300 | Train Loss: 0.2167 Acc: 94.48% | Val Loss: 0.5909 Acc: 90.00% | LR: 0.000250
2025-07-23 09:35:19,713 - INFO - Epoch 060/300 | Train Loss: 0.2554 Acc: 93.39% | Val Loss: 0.5555 Acc: 91.67% | LR: 0.000125
2025-07-23 09:35:21,421 - INFO - Epoch 061/300 | Train Loss: 0.1498 Acc: 95.52% | Val Loss: 0.5399 Acc: 91.67% | LR: 0.000125
2025-07-23 09:35:23,137 - INFO - Epoch 062/300 | Train Loss: 0.1351 Acc: 96.35% | Val Loss: 0.5370 Acc: 91.67% | LR: 0.000125
2025-07-23 09:35:24,848 - INFO - Epoch 063/300 | Train Loss: 0.1316 Acc: 96.20% | Val Loss: 0.5553 Acc: 91.67% | LR: 0.000125
2025-07-23 09:35:26,560 - INFO - Epoch 064/300 | Train Loss: 0.1389 Acc: 96.30% | Val Loss: 0.5356 Acc: 91.67% | LR: 0.000125
2025-07-23 09:35:28,305 - INFO - Epoch 065/300 | Train Loss: 0.1301 Acc: 96.51% | Val Loss: 0.5409 Acc: 91.67% | LR: 0.000125
2025-07-23 09:35:29,994 - INFO - Epoch 066/300 | Train Loss: 0.1214 Acc: 96.51% | Val Loss: 0.4823 Acc: 91.67% | LR: 0.000125
2025-07-23 09:35:31,614 - INFO - Epoch 067/300 | Train Loss: 0.1396 Acc: 96.77% | Val Loss: 0.5506 Acc: 91.67% | LR: 0.000125
2025-07-23 09:35:33,242 - INFO - Epoch 068/300 | Train Loss: 0.1318 Acc: 96.67% | Val Loss: 0.5279 Acc: 91.67% | LR: 0.000125
2025-07-23 09:35:34,881 - INFO - Epoch 069/300 | Train Loss: 0.1299 Acc: 96.93% | Val Loss: 0.4003 Acc: 91.67% | LR: 0.000125
2025-07-23 09:35:36,528 - INFO - Epoch 070/300 | Train Loss: 0.1286 Acc: 96.61% | Val Loss: 0.5655 Acc: 91.67% | LR: 0.000125
2025-07-23 09:35:38,187 - INFO - Epoch 071/300 | Train Loss: 0.1236 Acc: 96.51% | Val Loss: 0.5214 Acc: 91.67% | LR: 0.000125
2025-07-23 09:35:39,823 - INFO - Epoch 072/300 | Train Loss: 0.1066 Acc: 97.14% | Val Loss: 0.4405 Acc: 91.67% | LR: 0.000125
2025-07-23 09:35:41,449 - INFO - Epoch 073/300 | Train Loss: 0.1395 Acc: 95.94% | Val Loss: 0.5647 Acc: 91.67% | LR: 0.000125
2025-07-23 09:35:43,163 - INFO - Epoch 074/300 | Train Loss: 0.1231 Acc: 96.93% | Val Loss: 0.5743 Acc: 91.67% | LR: 0.000125
2025-07-23 09:35:44,917 - INFO - Epoch 075/300 | Train Loss: 0.1208 Acc: 96.98% | Val Loss: 0.5861 Acc: 91.67% | LR: 0.000125
2025-07-23 09:35:46,625 - INFO - Epoch 076/300 | Train Loss: 0.1031 Acc: 97.81% | Val Loss: 0.4891 Acc: 93.33% | LR: 0.000125
2025-07-23 09:35:48,266 - INFO - Epoch 077/300 | Train Loss: 0.1244 Acc: 97.08% | Val Loss: 0.6115 Acc: 91.67% | LR: 0.000125
2025-07-23 09:35:49,896 - INFO - Epoch 078/300 | Train Loss: 0.1631 Acc: 96.61% | Val Loss: 0.5467 Acc: 91.67% | LR: 0.000125
2025-07-23 09:35:51,519 - INFO - Epoch 079/300 | Train Loss: 0.1164 Acc: 97.34% | Val Loss: 0.5228 Acc: 91.67% | LR: 0.000125
2025-07-23 09:35:53,149 - INFO - Epoch 080/300 | Train Loss: 0.1162 Acc: 96.93% | Val Loss: 0.4589 Acc: 91.67% | LR: 0.000063
2025-07-23 09:35:54,773 - INFO - Epoch 081/300 | Train Loss: 0.1174 Acc: 97.50% | Val Loss: 0.4394 Acc: 93.33% | LR: 0.000063
2025-07-23 09:35:56,408 - INFO - Epoch 082/300 | Train Loss: 0.0933 Acc: 97.86% | Val Loss: 0.5077 Acc: 93.33% | LR: 0.000063
2025-07-23 09:35:58,040 - INFO - Epoch 083/300 | Train Loss: 0.0807 Acc: 97.97% | Val Loss: 0.5024 Acc: 93.33% | LR: 0.000063
2025-07-23 09:35:59,668 - INFO - Epoch 084/300 | Train Loss: 0.1083 Acc: 97.55% | Val Loss: 0.5732 Acc: 91.67% | LR: 0.000063
2025-07-23 09:36:01,296 - INFO - Epoch 085/300 | Train Loss: 0.0826 Acc: 97.92% | Val Loss: 0.5975 Acc: 91.67% | LR: 0.000063
2025-07-23 09:36:02,929 - INFO - Epoch 086/300 | Train Loss: 0.1059 Acc: 97.55% | Val Loss: 0.5348 Acc: 93.33% | LR: 0.000063
2025-07-23 09:36:04,564 - INFO - Epoch 087/300 | Train Loss: 0.0732 Acc: 98.07% | Val Loss: 0.4600 Acc: 93.33% | LR: 0.000063
2025-07-23 09:36:06,194 - INFO - Epoch 088/300 | Train Loss: 0.0891 Acc: 97.71% | Val Loss: 0.4942 Acc: 93.33% | LR: 0.000063
2025-07-23 09:36:07,826 - INFO - Epoch 089/300 | Train Loss: 0.0783 Acc: 97.81% | Val Loss: 0.4901 Acc: 91.67% | LR: 0.000063
2025-07-23 09:36:09,465 - INFO - Epoch 090/300 | Train Loss: 0.0824 Acc: 98.07% | Val Loss: 0.6113 Acc: 91.67% | LR: 0.000063
2025-07-23 09:36:11,087 - INFO - Epoch 091/300 | Train Loss: 0.1069 Acc: 97.60% | Val Loss: 0.5904 Acc: 91.67% | LR: 0.000063
2025-07-23 09:36:12,715 - INFO - Epoch 092/300 | Train Loss: 0.0943 Acc: 98.07% | Val Loss: 0.5728 Acc: 90.00% | LR: 0.000063
2025-07-23 09:36:14,349 - INFO - Epoch 093/300 | Train Loss: 0.0807 Acc: 98.18% | Val Loss: 0.5953 Acc: 90.00% | LR: 0.000063
2025-07-23 09:36:15,991 - INFO - Epoch 094/300 | Train Loss: 0.0718 Acc: 98.59% | Val Loss: 0.5269 Acc: 91.67% | LR: 0.000063
2025-07-23 09:36:17,632 - INFO - Epoch 095/300 | Train Loss: 0.0684 Acc: 98.28% | Val Loss: 0.6016 Acc: 91.67% | LR: 0.000063
2025-07-23 09:36:19,263 - INFO - Epoch 096/300 | Train Loss: 0.0962 Acc: 97.86% | Val Loss: 0.5252 Acc: 91.67% | LR: 0.000063
2025-07-23 09:36:20,885 - INFO - Epoch 097/300 | Train Loss: 0.0880 Acc: 97.92% | Val Loss: 0.5809 Acc: 93.33% | LR: 0.000063
2025-07-23 09:36:22,508 - INFO - Epoch 098/300 | Train Loss: 0.1038 Acc: 97.86% | Val Loss: 0.4355 Acc: 93.33% | LR: 0.000063
2025-07-23 09:36:24,133 - INFO - Epoch 099/300 | Train Loss: 0.1397 Acc: 96.98% | Val Loss: 0.5423 Acc: 91.67% | LR: 0.000063
2025-07-23 09:36:25,752 - INFO - Epoch 100/300 | Train Loss: 0.0916 Acc: 98.23% | Val Loss: 0.5649 Acc: 91.67% | LR: 0.000031
2025-07-23 09:36:27,427 - INFO - Epoch 101/300 | Train Loss: 0.0762 Acc: 98.28% | Val Loss: 0.5866 Acc: 91.67% | LR: 0.000031
2025-07-23 09:36:29,218 - INFO - Epoch 102/300 | Train Loss: 0.0582 Acc: 98.65% | Val Loss: 0.5361 Acc: 93.33% | LR: 0.000031
2025-07-23 09:36:30,976 - INFO - Epoch 103/300 | Train Loss: 0.0719 Acc: 98.23% | Val Loss: 0.5314 Acc: 93.33% | LR: 0.000031
2025-07-23 09:36:32,735 - INFO - Epoch 104/300 | Train Loss: 0.1039 Acc: 97.66% | Val Loss: 0.5327 Acc: 93.33% | LR: 0.000031
2025-07-23 09:36:34,433 - INFO - Epoch 105/300 | Train Loss: 0.0754 Acc: 98.07% | Val Loss: 0.4421 Acc: 91.67% | LR: 0.000031
2025-07-23 09:36:36,055 - INFO - Epoch 106/300 | Train Loss: 0.0508 Acc: 98.75% | Val Loss: 0.5892 Acc: 91.67% | LR: 0.000031
2025-07-23 09:36:37,681 - INFO - Epoch 107/300 | Train Loss: 0.0690 Acc: 98.54% | Val Loss: 0.5071 Acc: 93.33% | LR: 0.000031
2025-07-23 09:36:39,309 - INFO - Epoch 108/300 | Train Loss: 0.0802 Acc: 98.44% | Val Loss: 0.4665 Acc: 93.33% | LR: 0.000031
2025-07-23 09:36:40,941 - INFO - Epoch 109/300 | Train Loss: 0.0543 Acc: 98.59% | Val Loss: 0.5390 Acc: 93.33% | LR: 0.000031
2025-07-23 09:36:42,576 - INFO - Epoch 110/300 | Train Loss: 0.0666 Acc: 98.65% | Val Loss: 0.5651 Acc: 91.67% | LR: 0.000031
2025-07-23 09:36:44,208 - INFO - Epoch 111/300 | Train Loss: 0.0545 Acc: 98.65% | Val Loss: 0.5151 Acc: 93.33% | LR: 0.000031
2025-07-23 09:36:45,845 - INFO - Epoch 112/300 | Train Loss: 0.0692 Acc: 98.33% | Val Loss: 0.5402 Acc: 93.33% | LR: 0.000031
2025-07-23 09:36:47,619 - INFO - Epoch 113/300 | Train Loss: 0.0385 Acc: 98.85% | Val Loss: 0.5571 Acc: 93.33% | LR: 0.000031
2025-07-23 09:36:49,377 - INFO - Epoch 114/300 | Train Loss: 0.0642 Acc: 98.49% | Val Loss: 0.5670 Acc: 93.33% | LR: 0.000031
2025-07-23 09:36:51,136 - INFO - Epoch 115/300 | Train Loss: 0.0759 Acc: 98.12% | Val Loss: 0.5293 Acc: 93.33% | LR: 0.000031
2025-07-23 09:36:52,902 - INFO - Epoch 116/300 | Train Loss: 0.0783 Acc: 98.12% | Val Loss: 0.5375 Acc: 93.33% | LR: 0.000031
2025-07-23 09:36:54,673 - INFO - Epoch 117/300 | Train Loss: 0.0427 Acc: 98.96% | Val Loss: 0.5195 Acc: 93.33% | LR: 0.000031
2025-07-23 09:36:56,433 - INFO - Epoch 118/300 | Train Loss: 0.0616 Acc: 98.65% | Val Loss: 0.6074 Acc: 91.67% | LR: 0.000031
2025-07-23 09:36:58,199 - INFO - Epoch 119/300 | Train Loss: 0.0503 Acc: 98.70% | Val Loss: 0.5519 Acc: 91.67% | LR: 0.000031
2025-07-23 09:36:59,963 - INFO - Epoch 120/300 | Train Loss: 0.0619 Acc: 98.28% | Val Loss: 0.5522 Acc: 93.33% | LR: 0.000016
2025-07-23 09:37:01,729 - INFO - Epoch 121/300 | Train Loss: 0.0609 Acc: 98.23% | Val Loss: 0.5308 Acc: 93.33% | LR: 0.000016
2025-07-23 09:37:03,496 - INFO - Epoch 122/300 | Train Loss: 0.0598 Acc: 98.65% | Val Loss: 0.5349 Acc: 93.33% | LR: 0.000016
2025-07-23 09:37:05,259 - INFO - Epoch 123/300 | Train Loss: 0.0772 Acc: 98.23% | Val Loss: 0.5477 Acc: 93.33% | LR: 0.000016
2025-07-23 09:37:07,030 - INFO - Epoch 124/300 | Train Loss: 0.0268 Acc: 99.27% | Val Loss: 0.4408 Acc: 93.33% | LR: 0.000016
2025-07-23 09:37:08,800 - INFO - Epoch 125/300 | Train Loss: 0.0673 Acc: 98.54% | Val Loss: 0.5050 Acc: 93.33% | LR: 0.000016
2025-07-23 09:37:10,568 - INFO - Epoch 126/300 | Train Loss: 0.0512 Acc: 98.85% | Val Loss: 0.4941 Acc: 93.33% | LR: 0.000016
2025-07-23 09:37:12,330 - INFO - Epoch 127/300 | Train Loss: 0.0694 Acc: 98.70% | Val Loss: 0.4876 Acc: 93.33% | LR: 0.000016
2025-07-23 09:37:13,982 - INFO - Epoch 128/300 | Train Loss: 0.0744 Acc: 98.18% | Val Loss: 0.5498 Acc: 93.33% | LR: 0.000016
2025-07-23 09:37:15,610 - INFO - Epoch 129/300 | Train Loss: 0.0336 Acc: 99.06% | Val Loss: 0.4665 Acc: 93.33% | LR: 0.000016
2025-07-23 09:37:17,240 - INFO - Epoch 130/300 | Train Loss: 0.0572 Acc: 98.70% | Val Loss: 0.4842 Acc: 93.33% | LR: 0.000016
2025-07-23 09:37:18,867 - INFO - Epoch 131/300 | Train Loss: 0.0517 Acc: 98.49% | Val Loss: 0.5717 Acc: 91.67% | LR: 0.000016
2025-07-23 09:37:20,491 - INFO - Epoch 132/300 | Train Loss: 0.0447 Acc: 98.65% | Val Loss: 0.5456 Acc: 93.33% | LR: 0.000016
2025-07-23 09:37:22,189 - INFO - Epoch 133/300 | Train Loss: 0.0915 Acc: 98.23% | Val Loss: 0.5519 Acc: 93.33% | LR: 0.000016
2025-07-23 09:37:23,957 - INFO - Epoch 134/300 | Train Loss: 0.0736 Acc: 98.54% | Val Loss: 0.5930 Acc: 91.67% | LR: 0.000016
2025-07-23 09:37:25,728 - INFO - Epoch 135/300 | Train Loss: 0.0494 Acc: 99.01% | Val Loss: 0.5399 Acc: 93.33% | LR: 0.000016
2025-07-23 09:37:27,495 - INFO - Epoch 136/300 | Train Loss: 0.0558 Acc: 98.80% | Val Loss: 0.5697 Acc: 93.33% | LR: 0.000016
2025-07-23 09:37:29,271 - INFO - Epoch 137/300 | Train Loss: 0.0699 Acc: 98.49% | Val Loss: 0.5217 Acc: 93.33% | LR: 0.000016
2025-07-23 09:37:31,045 - INFO - Epoch 138/300 | Train Loss: 0.0543 Acc: 98.49% | Val Loss: 0.5620 Acc: 93.33% | LR: 0.000016
2025-07-23 09:37:32,818 - INFO - Epoch 139/300 | Train Loss: 0.0420 Acc: 99.17% | Val Loss: 0.5306 Acc: 93.33% | LR: 0.000016
2025-07-23 09:37:34,579 - INFO - Epoch 140/300 | Train Loss: 0.0623 Acc: 98.49% | Val Loss: 0.4638 Acc: 95.00% | LR: 0.000008
2025-07-23 09:37:36,339 - INFO - Epoch 141/300 | Train Loss: 0.0473 Acc: 98.96% | Val Loss: 0.5541 Acc: 93.33% | LR: 0.000008
2025-07-23 09:37:38,112 - INFO - Epoch 142/300 | Train Loss: 0.0449 Acc: 98.91% | Val Loss: 0.4543 Acc: 95.00% | LR: 0.000008
2025-07-23 09:37:39,882 - INFO - Epoch 143/300 | Train Loss: 0.0327 Acc: 99.01% | Val Loss: 0.5234 Acc: 93.33% | LR: 0.000008
2025-07-23 09:37:41,652 - INFO - Epoch 144/300 | Train Loss: 0.0401 Acc: 99.01% | Val Loss: 0.5402 Acc: 93.33% | LR: 0.000008
2025-07-23 09:37:43,427 - INFO - Epoch 145/300 | Train Loss: 0.0666 Acc: 98.65% | Val Loss: 0.5230 Acc: 93.33% | LR: 0.000008
2025-07-23 09:37:45,186 - INFO - Epoch 146/300 | Train Loss: 0.0514 Acc: 98.80% | Val Loss: 0.6019 Acc: 91.67% | LR: 0.000008
2025-07-23 09:37:46,955 - INFO - Epoch 147/300 | Train Loss: 0.0719 Acc: 98.33% | Val Loss: 0.5670 Acc: 93.33% | LR: 0.000008
2025-07-23 09:37:48,722 - INFO - Epoch 148/300 | Train Loss: 0.0480 Acc: 98.91% | Val Loss: 0.5161 Acc: 93.33% | LR: 0.000008
2025-07-23 09:37:50,466 - INFO - Epoch 149/300 | Train Loss: 0.0333 Acc: 99.17% | Val Loss: 0.5589 Acc: 93.33% | LR: 0.000008
2025-07-23 09:37:52,115 - INFO - Epoch 150/300 | Train Loss: 0.0741 Acc: 98.65% | Val Loss: 0.5364 Acc: 93.33% | LR: 0.000008
2025-07-23 09:37:53,776 - INFO - Epoch 151/300 | Train Loss: 0.0566 Acc: 98.80% | Val Loss: 0.4824 Acc: 93.33% | LR: 0.000008
2025-07-23 09:37:55,436 - INFO - Epoch 152/300 | Train Loss: 0.0432 Acc: 99.11% | Val Loss: 0.5559 Acc: 93.33% | LR: 0.000008
2025-07-23 09:37:57,089 - INFO - Epoch 153/300 | Train Loss: 0.0506 Acc: 98.70% | Val Loss: 0.5425 Acc: 93.33% | LR: 0.000008
2025-07-23 09:37:58,732 - INFO - Epoch 154/300 | Train Loss: 0.0389 Acc: 98.85% | Val Loss: 0.5120 Acc: 93.33% | LR: 0.000008
2025-07-23 09:38:00,388 - INFO - Epoch 155/300 | Train Loss: 0.0708 Acc: 98.49% | Val Loss: 0.5660 Acc: 93.33% | LR: 0.000008
2025-07-23 09:38:02,029 - INFO - Epoch 156/300 | Train Loss: 0.0478 Acc: 99.01% | Val Loss: 0.5249 Acc: 93.33% | LR: 0.000008
2025-07-23 09:38:03,679 - INFO - Epoch 157/300 | Train Loss: 0.0615 Acc: 98.65% | Val Loss: 0.4562 Acc: 95.00% | LR: 0.000008
2025-07-23 09:38:05,314 - INFO - Epoch 158/300 | Train Loss: 0.0414 Acc: 99.01% | Val Loss: 0.5444 Acc: 93.33% | LR: 0.000008
2025-07-23 09:38:06,960 - INFO - Epoch 159/300 | Train Loss: 0.0537 Acc: 98.54% | Val Loss: 0.5165 Acc: 93.33% | LR: 0.000008
2025-07-23 09:38:08,617 - INFO - Epoch 160/300 | Train Loss: 0.0439 Acc: 98.91% | Val Loss: 0.5124 Acc: 93.33% | LR: 0.000004
2025-07-23 09:38:10,254 - INFO - Epoch 161/300 | Train Loss: 0.0410 Acc: 98.80% | Val Loss: 0.4889 Acc: 93.33% | LR: 0.000004
2025-07-23 09:38:11,878 - INFO - Epoch 162/300 | Train Loss: 0.0453 Acc: 98.91% | Val Loss: 0.4620 Acc: 95.00% | LR: 0.000004
2025-07-23 09:38:13,541 - INFO - Epoch 163/300 | Train Loss: 0.0359 Acc: 98.96% | Val Loss: 0.5709 Acc: 93.33% | LR: 0.000004
2025-07-23 09:38:15,183 - INFO - Epoch 164/300 | Train Loss: 0.0675 Acc: 98.33% | Val Loss: 0.5569 Acc: 93.33% | LR: 0.000004
2025-07-23 09:38:16,898 - INFO - Epoch 165/300 | Train Loss: 0.0548 Acc: 99.17% | Val Loss: 0.5178 Acc: 93.33% | LR: 0.000004
2025-07-23 09:38:18,622 - INFO - Epoch 166/300 | Train Loss: 0.0462 Acc: 99.06% | Val Loss: 0.4784 Acc: 93.33% | LR: 0.000004
2025-07-23 09:38:20,340 - INFO - Epoch 167/300 | Train Loss: 0.0494 Acc: 98.80% | Val Loss: 0.5634 Acc: 93.33% | LR: 0.000004
2025-07-23 09:38:22,053 - INFO - Epoch 168/300 | Train Loss: 0.0615 Acc: 98.49% | Val Loss: 0.5210 Acc: 93.33% | LR: 0.000004
2025-07-23 09:38:23,777 - INFO - Epoch 169/300 | Train Loss: 0.0387 Acc: 98.91% | Val Loss: 0.4644 Acc: 93.33% | LR: 0.000004
2025-07-23 09:38:25,499 - INFO - Epoch 170/300 | Train Loss: 0.0378 Acc: 98.80% | Val Loss: 0.5478 Acc: 93.33% | LR: 0.000004
2025-07-23 09:38:27,217 - INFO - Epoch 171/300 | Train Loss: 0.0596 Acc: 98.96% | Val Loss: 0.4840 Acc: 93.33% | LR: 0.000004
2025-07-23 09:38:28,939 - INFO - Epoch 172/300 | Train Loss: 0.0619 Acc: 98.54% | Val Loss: 0.4686 Acc: 95.00% | LR: 0.000004
2025-07-23 09:38:30,651 - INFO - Epoch 173/300 | Train Loss: 0.0323 Acc: 99.01% | Val Loss: 0.5523 Acc: 93.33% | LR: 0.000004
2025-07-23 09:38:32,370 - INFO - Epoch 174/300 | Train Loss: 0.0675 Acc: 98.59% | Val Loss: 0.5678 Acc: 93.33% | LR: 0.000004
2025-07-23 09:38:34,093 - INFO - Epoch 175/300 | Train Loss: 0.0406 Acc: 98.85% | Val Loss: 0.5137 Acc: 93.33% | LR: 0.000004
2025-07-23 09:38:35,806 - INFO - Epoch 176/300 | Train Loss: 0.0491 Acc: 98.96% | Val Loss: 0.5499 Acc: 93.33% | LR: 0.000004
2025-07-23 09:38:37,521 - INFO - Epoch 177/300 | Train Loss: 0.0514 Acc: 99.01% | Val Loss: 0.5615 Acc: 93.33% | LR: 0.000004
2025-07-23 09:38:39,240 - INFO - Epoch 178/300 | Train Loss: 0.0461 Acc: 98.65% | Val Loss: 0.5288 Acc: 93.33% | LR: 0.000004
2025-07-23 09:38:40,958 - INFO - Epoch 179/300 | Train Loss: 0.0431 Acc: 98.96% | Val Loss: 0.5534 Acc: 93.33% | LR: 0.000004
2025-07-23 09:38:42,677 - INFO - Epoch 180/300 | Train Loss: 0.0456 Acc: 98.70% | Val Loss: 0.4657 Acc: 95.00% | LR: 0.000002
2025-07-23 09:38:44,400 - INFO - Epoch 181/300 | Train Loss: 0.0650 Acc: 98.59% | Val Loss: 0.4427 Acc: 95.00% | LR: 0.000002
2025-07-23 09:38:46,114 - INFO - Epoch 182/300 | Train Loss: 0.0399 Acc: 99.01% | Val Loss: 0.5338 Acc: 93.33% | LR: 0.000002
2025-07-23 09:38:47,843 - INFO - Epoch 183/300 | Train Loss: 0.0657 Acc: 98.65% | Val Loss: 0.5583 Acc: 93.33% | LR: 0.000002
2025-07-23 09:38:49,563 - INFO - Epoch 184/300 | Train Loss: 0.0508 Acc: 98.80% | Val Loss: 0.4526 Acc: 95.00% | LR: 0.000002
2025-07-23 09:38:51,274 - INFO - Epoch 185/300 | Train Loss: 0.0410 Acc: 98.85% | Val Loss: 0.5543 Acc: 93.33% | LR: 0.000002
2025-07-23 09:38:52,984 - INFO - Epoch 186/300 | Train Loss: 0.0476 Acc: 98.54% | Val Loss: 0.5313 Acc: 93.33% | LR: 0.000002
2025-07-23 09:38:54,708 - INFO - Epoch 187/300 | Train Loss: 0.0541 Acc: 98.65% | Val Loss: 0.5443 Acc: 93.33% | LR: 0.000002
2025-07-23 09:38:56,421 - INFO - Epoch 188/300 | Train Loss: 0.0439 Acc: 99.01% | Val Loss: 0.4934 Acc: 93.33% | LR: 0.000002
2025-07-23 09:38:58,135 - INFO - Epoch 189/300 | Train Loss: 0.0397 Acc: 99.06% | Val Loss: 0.4989 Acc: 93.33% | LR: 0.000002
2025-07-23 09:38:59,845 - INFO - Epoch 190/300 | Train Loss: 0.0584 Acc: 98.85% | Val Loss: 0.5211 Acc: 93.33% | LR: 0.000002
2025-07-23 09:39:01,560 - INFO - Epoch 191/300 | Train Loss: 0.0439 Acc: 98.70% | Val Loss: 0.5600 Acc: 91.67% | LR: 0.000002
2025-07-23 09:39:03,277 - INFO - Epoch 192/300 | Train Loss: 0.0568 Acc: 98.59% | Val Loss: 0.5195 Acc: 93.33% | LR: 0.000002
2025-07-23 09:39:04,998 - INFO - Epoch 193/300 | Train Loss: 0.0722 Acc: 98.70% | Val Loss: 0.5552 Acc: 93.33% | LR: 0.000002
2025-07-23 09:39:06,715 - INFO - Epoch 194/300 | Train Loss: 0.0711 Acc: 98.18% | Val Loss: 0.5572 Acc: 93.33% | LR: 0.000002
2025-07-23 09:39:08,433 - INFO - Epoch 195/300 | Train Loss: 0.0558 Acc: 98.80% | Val Loss: 0.5144 Acc: 93.33% | LR: 0.000002
2025-07-23 09:39:10,164 - INFO - Epoch 196/300 | Train Loss: 0.0436 Acc: 99.17% | Val Loss: 0.5274 Acc: 93.33% | LR: 0.000002
2025-07-23 09:39:11,885 - INFO - Epoch 197/300 | Train Loss: 0.0350 Acc: 99.11% | Val Loss: 0.5392 Acc: 93.33% | LR: 0.000002
2025-07-23 09:39:13,611 - INFO - Epoch 198/300 | Train Loss: 0.0320 Acc: 99.17% | Val Loss: 0.4558 Acc: 95.00% | LR: 0.000002
2025-07-23 09:39:15,331 - INFO - Epoch 199/300 | Train Loss: 0.0529 Acc: 98.70% | Val Loss: 0.4634 Acc: 93.33% | LR: 0.000002
2025-07-23 09:39:17,043 - INFO - Epoch 200/300 | Train Loss: 0.0271 Acc: 99.32% | Val Loss: 0.5506 Acc: 93.33% | LR: 0.000001
2025-07-23 09:39:18,760 - INFO - Epoch 201/300 | Train Loss: 0.0528 Acc: 98.75% | Val Loss: 0.5595 Acc: 93.33% | LR: 0.000001
2025-07-23 09:39:20,482 - INFO - Epoch 202/300 | Train Loss: 0.0510 Acc: 98.80% | Val Loss: 0.5533 Acc: 93.33% | LR: 0.000001
2025-07-23 09:39:22,194 - INFO - Epoch 203/300 | Train Loss: 0.0361 Acc: 99.11% | Val Loss: 0.4678 Acc: 93.33% | LR: 0.000001
2025-07-23 09:39:23,914 - INFO - Epoch 204/300 | Train Loss: 0.0429 Acc: 99.01% | Val Loss: 0.5190 Acc: 93.33% | LR: 0.000001
2025-07-23 09:39:25,603 - INFO - Epoch 205/300 | Train Loss: 0.0369 Acc: 99.11% | Val Loss: 0.5093 Acc: 93.33% | LR: 0.000001
2025-07-23 09:39:27,223 - INFO - Epoch 206/300 | Train Loss: 0.0350 Acc: 99.11% | Val Loss: 0.5639 Acc: 93.33% | LR: 0.000001
2025-07-23 09:39:28,863 - INFO - Epoch 207/300 | Train Loss: 0.0263 Acc: 99.43% | Val Loss: 0.5306 Acc: 93.33% | LR: 0.000001
2025-07-23 09:39:30,494 - INFO - Epoch 208/300 | Train Loss: 0.0399 Acc: 99.11% | Val Loss: 0.5087 Acc: 93.33% | LR: 0.000001
2025-07-23 09:39:32,125 - INFO - Epoch 209/300 | Train Loss: 0.0551 Acc: 98.39% | Val Loss: 0.5443 Acc: 93.33% | LR: 0.000001
2025-07-23 09:39:33,754 - INFO - Epoch 210/300 | Train Loss: 0.0486 Acc: 99.01% | Val Loss: 0.5529 Acc: 93.33% | LR: 0.000001
2025-07-23 09:39:35,381 - INFO - Epoch 211/300 | Train Loss: 0.0490 Acc: 98.80% | Val Loss: 0.5792 Acc: 91.67% | LR: 0.000001
2025-07-23 09:39:37,008 - INFO - Epoch 212/300 | Train Loss: 0.0469 Acc: 98.85% | Val Loss: 0.5669 Acc: 93.33% | LR: 0.000001
2025-07-23 09:39:38,716 - INFO - Epoch 213/300 | Train Loss: 0.0467 Acc: 99.01% | Val Loss: 0.5691 Acc: 93.33% | LR: 0.000001
2025-07-23 09:39:40,349 - INFO - Epoch 214/300 | Train Loss: 0.0565 Acc: 98.44% | Val Loss: 0.5389 Acc: 93.33% | LR: 0.000001
2025-07-23 09:39:41,977 - INFO - Epoch 215/300 | Train Loss: 0.0520 Acc: 98.75% | Val Loss: 0.5098 Acc: 93.33% | LR: 0.000001
2025-07-23 09:39:43,614 - INFO - Epoch 216/300 | Train Loss: 0.0387 Acc: 98.85% | Val Loss: 0.5396 Acc: 93.33% | LR: 0.000001
2025-07-23 09:39:45,258 - INFO - Epoch 217/300 | Train Loss: 0.0418 Acc: 98.85% | Val Loss: 0.4930 Acc: 93.33% | LR: 0.000001
2025-07-23 09:39:46,998 - INFO - Epoch 218/300 | Train Loss: 0.0517 Acc: 98.91% | Val Loss: 0.5377 Acc: 93.33% | LR: 0.000001
2025-07-23 09:39:48,744 - INFO - Epoch 219/300 | Train Loss: 0.0368 Acc: 99.06% | Val Loss: 0.5293 Acc: 93.33% | LR: 0.000001
2025-07-23 09:39:50,482 - INFO - Epoch 220/300 | Train Loss: 0.0369 Acc: 98.96% | Val Loss: 0.4522 Acc: 95.00% | LR: 0.000000
2025-07-23 09:39:52,218 - INFO - Epoch 221/300 | Train Loss: 0.0556 Acc: 99.01% | Val Loss: 0.5083 Acc: 93.33% | LR: 0.000000
2025-07-23 09:39:54,029 - INFO - Epoch 222/300 | Train Loss: 0.0509 Acc: 99.01% | Val Loss: 0.4836 Acc: 93.33% | LR: 0.000000
2025-07-23 09:39:55,930 - INFO - Epoch 223/300 | Train Loss: 0.0419 Acc: 99.01% | Val Loss: 0.5406 Acc: 93.33% | LR: 0.000000
2025-07-23 09:39:57,805 - INFO - Epoch 224/300 | Train Loss: 0.0627 Acc: 98.75% | Val Loss: 0.5614 Acc: 93.33% | LR: 0.000000
2025-07-23 09:39:59,669 - INFO - Epoch 225/300 | Train Loss: 0.0460 Acc: 98.96% | Val Loss: 0.5201 Acc: 93.33% | LR: 0.000000
2025-07-23 09:40:01,437 - INFO - Epoch 226/300 | Train Loss: 0.0442 Acc: 99.01% | Val Loss: 0.5348 Acc: 93.33% | LR: 0.000000
2025-07-23 09:40:03,111 - INFO - Epoch 227/300 | Train Loss: 0.0494 Acc: 99.11% | Val Loss: 0.4828 Acc: 93.33% | LR: 0.000000
2025-07-23 09:40:04,858 - INFO - Epoch 228/300 | Train Loss: 0.0607 Acc: 98.65% | Val Loss: 0.5563 Acc: 93.33% | LR: 0.000000
2025-07-23 09:40:06,573 - INFO - Epoch 229/300 | Train Loss: 0.0492 Acc: 98.85% | Val Loss: 0.4745 Acc: 93.33% | LR: 0.000000
2025-07-23 09:40:08,288 - INFO - Epoch 230/300 | Train Loss: 0.0417 Acc: 99.01% | Val Loss: 0.4557 Acc: 95.00% | LR: 0.000000
2025-07-23 09:40:10,059 - INFO - Epoch 231/300 | Train Loss: 0.0612 Acc: 98.49% | Val Loss: 0.5447 Acc: 93.33% | LR: 0.000000
2025-07-23 09:40:11,858 - INFO - Epoch 232/300 | Train Loss: 0.0345 Acc: 99.22% | Val Loss: 0.5464 Acc: 93.33% | LR: 0.000000
2025-07-23 09:40:13,658 - INFO - Epoch 233/300 | Train Loss: 0.0543 Acc: 98.75% | Val Loss: 0.5648 Acc: 93.33% | LR: 0.000000
2025-07-23 09:40:15,487 - INFO - Epoch 234/300 | Train Loss: 0.0436 Acc: 98.96% | Val Loss: 0.4609 Acc: 95.00% | LR: 0.000000
2025-07-23 09:40:17,313 - INFO - Epoch 235/300 | Train Loss: 0.0352 Acc: 99.22% | Val Loss: 0.5208 Acc: 93.33% | LR: 0.000000
2025-07-23 09:40:19,251 - INFO - Epoch 236/300 | Train Loss: 0.0550 Acc: 98.80% | Val Loss: 0.5443 Acc: 93.33% | LR: 0.000000
2025-07-23 09:40:21,377 - INFO - Epoch 237/300 | Train Loss: 0.0637 Acc: 98.70% | Val Loss: 0.5592 Acc: 93.33% | LR: 0.000000
2025-07-23 09:40:23,242 - INFO - Epoch 238/300 | Train Loss: 0.0439 Acc: 99.06% | Val Loss: 0.5494 Acc: 93.33% | LR: 0.000000
2025-07-23 09:40:25,051 - INFO - Epoch 239/300 | Train Loss: 0.0438 Acc: 98.96% | Val Loss: 0.5277 Acc: 93.33% | LR: 0.000000
2025-07-23 09:40:26,920 - INFO - Epoch 240/300 | Train Loss: 0.0337 Acc: 99.32% | Val Loss: 0.5501 Acc: 93.33% | LR: 0.000000
2025-07-23 09:40:28,743 - INFO - Epoch 241/300 | Train Loss: 0.0698 Acc: 98.54% | Val Loss: 0.5409 Acc: 93.33% | LR: 0.000000
2025-07-23 09:40:30,518 - INFO - Epoch 242/300 | Train Loss: 0.0498 Acc: 98.91% | Val Loss: 0.5591 Acc: 93.33% | LR: 0.000000
2025-07-23 09:40:32,278 - INFO - Epoch 243/300 | Train Loss: 0.0518 Acc: 98.80% | Val Loss: 0.5578 Acc: 93.33% | LR: 0.000000
2025-07-23 09:40:34,039 - INFO - Epoch 244/300 | Train Loss: 0.0501 Acc: 98.65% | Val Loss: 0.5099 Acc: 93.33% | LR: 0.000000
2025-07-23 09:40:35,823 - INFO - Epoch 245/300 | Train Loss: 0.0335 Acc: 99.43% | Val Loss: 0.5539 Acc: 93.33% | LR: 0.000000
2025-07-23 09:40:37,636 - INFO - Epoch 246/300 | Train Loss: 0.0406 Acc: 99.22% | Val Loss: 0.5590 Acc: 93.33% | LR: 0.000000
2025-07-23 09:40:39,572 - INFO - Epoch 247/300 | Train Loss: 0.0161 Acc: 99.38% | Val Loss: 0.5504 Acc: 93.33% | LR: 0.000000
2025-07-23 09:40:41,434 - INFO - Epoch 248/300 | Train Loss: 0.0548 Acc: 98.70% | Val Loss: 0.5611 Acc: 93.33% | LR: 0.000000
2025-07-23 09:40:43,219 - INFO - Epoch 249/300 | Train Loss: 0.0436 Acc: 98.91% | Val Loss: 0.5571 Acc: 93.33% | LR: 0.000000
2025-07-23 09:40:44,946 - INFO - Epoch 250/300 | Train Loss: 0.0464 Acc: 99.22% | Val Loss: 0.4860 Acc: 93.33% | LR: 0.000000
2025-07-23 09:40:46,709 - INFO - Epoch 251/300 | Train Loss: 0.0459 Acc: 98.85% | Val Loss: 0.5817 Acc: 93.33% | LR: 0.000000
2025-07-23 09:40:48,500 - INFO - Epoch 252/300 | Train Loss: 0.0519 Acc: 98.59% | Val Loss: 0.5008 Acc: 93.33% | LR: 0.000000
2025-07-23 09:40:50,245 - INFO - Epoch 253/300 | Train Loss: 0.0513 Acc: 98.80% | Val Loss: 0.5545 Acc: 93.33% | LR: 0.000000
2025-07-23 09:40:52,000 - INFO - Epoch 254/300 | Train Loss: 0.0443 Acc: 99.11% | Val Loss: 0.5651 Acc: 93.33% | LR: 0.000000
2025-07-23 09:40:53,755 - INFO - Epoch 255/300 | Train Loss: 0.0365 Acc: 99.06% | Val Loss: 0.5836 Acc: 93.33% | LR: 0.000000
2025-07-23 09:40:55,548 - INFO - Epoch 256/300 | Train Loss: 0.0493 Acc: 98.85% | Val Loss: 0.5208 Acc: 93.33% | LR: 0.000000
2025-07-23 09:40:57,338 - INFO - Epoch 257/300 | Train Loss: 0.0540 Acc: 98.59% | Val Loss: 0.5666 Acc: 93.33% | LR: 0.000000
2025-07-23 09:40:59,129 - INFO - Epoch 258/300 | Train Loss: 0.0661 Acc: 98.75% | Val Loss: 0.5344 Acc: 93.33% | LR: 0.000000
2025-07-23 09:41:00,931 - INFO - Epoch 259/300 | Train Loss: 0.0788 Acc: 98.39% | Val Loss: 0.5463 Acc: 93.33% | LR: 0.000000
2025-07-23 09:41:02,730 - INFO - Epoch 260/300 | Train Loss: 0.0553 Acc: 98.91% | Val Loss: 0.5226 Acc: 93.33% | LR: 0.000000
2025-07-23 09:41:04,515 - INFO - Epoch 261/300 | Train Loss: 0.0532 Acc: 98.80% | Val Loss: 0.4859 Acc: 93.33% | LR: 0.000000
2025-07-23 09:41:06,173 - INFO - Epoch 262/300 | Train Loss: 0.0296 Acc: 99.11% | Val Loss: 0.5686 Acc: 93.33% | LR: 0.000000
2025-07-23 09:41:07,828 - INFO - Epoch 263/300 | Train Loss: 0.0483 Acc: 98.91% | Val Loss: 0.5695 Acc: 93.33% | LR: 0.000000
2025-07-23 09:41:09,481 - INFO - Epoch 264/300 | Train Loss: 0.0326 Acc: 98.91% | Val Loss: 0.5514 Acc: 93.33% | LR: 0.000000
2025-07-23 09:41:11,134 - INFO - Epoch 265/300 | Train Loss: 0.0386 Acc: 99.11% | Val Loss: 0.4932 Acc: 93.33% | LR: 0.000000
2025-07-23 09:41:12,792 - INFO - Epoch 266/300 | Train Loss: 0.0437 Acc: 99.01% | Val Loss: 0.5174 Acc: 93.33% | LR: 0.000000
2025-07-23 09:41:14,453 - INFO - Epoch 267/300 | Train Loss: 0.0450 Acc: 99.06% | Val Loss: 0.5559 Acc: 93.33% | LR: 0.000000
2025-07-23 09:41:16,101 - INFO - Epoch 268/300 | Train Loss: 0.0654 Acc: 98.59% | Val Loss: 0.5239 Acc: 93.33% | LR: 0.000000
2025-07-23 09:41:17,752 - INFO - Epoch 269/300 | Train Loss: 0.0444 Acc: 98.96% | Val Loss: 0.4721 Acc: 93.33% | LR: 0.000000
2025-07-23 09:41:19,418 - INFO - Epoch 270/300 | Train Loss: 0.0611 Acc: 98.91% | Val Loss: 0.5440 Acc: 93.33% | LR: 0.000000
2025-07-23 09:41:21,211 - INFO - Epoch 271/300 | Train Loss: 0.0508 Acc: 98.85% | Val Loss: 0.5554 Acc: 93.33% | LR: 0.000000
2025-07-23 09:41:22,879 - INFO - Epoch 272/300 | Train Loss: 0.0560 Acc: 98.91% | Val Loss: 0.5618 Acc: 93.33% | LR: 0.000000
2025-07-23 09:41:24,582 - INFO - Epoch 273/300 | Train Loss: 0.0456 Acc: 98.85% | Val Loss: 0.5568 Acc: 93.33% | LR: 0.000000
2025-07-23 09:41:26,327 - INFO - Epoch 274/300 | Train Loss: 0.0491 Acc: 98.91% | Val Loss: 0.5333 Acc: 93.33% | LR: 0.000000
2025-07-23 09:41:28,023 - INFO - Epoch 275/300 | Train Loss: 0.0329 Acc: 99.17% | Val Loss: 0.5654 Acc: 93.33% | LR: 0.000000
2025-07-23 09:41:29,741 - INFO - Epoch 276/300 | Train Loss: 0.0366 Acc: 99.27% | Val Loss: 0.5542 Acc: 93.33% | LR: 0.000000
2025-07-23 09:41:31,600 - INFO - Epoch 277/300 | Train Loss: 0.0802 Acc: 98.59% | Val Loss: 0.5446 Acc: 93.33% | LR: 0.000000
2025-07-23 09:41:33,412 - INFO - Epoch 278/300 | Train Loss: 0.0346 Acc: 99.22% | Val Loss: 0.4559 Acc: 95.00% | LR: 0.000000
2025-07-23 09:41:35,224 - INFO - Epoch 279/300 | Train Loss: 0.0370 Acc: 99.01% | Val Loss: 0.5583 Acc: 93.33% | LR: 0.000000
2025-07-23 09:41:37,119 - INFO - Epoch 280/300 | Train Loss: 0.0527 Acc: 98.75% | Val Loss: 0.5419 Acc: 93.33% | LR: 0.000000
2025-07-23 09:41:38,989 - INFO - Epoch 281/300 | Train Loss: 0.0621 Acc: 98.59% | Val Loss: 0.5517 Acc: 93.33% | LR: 0.000000
2025-07-23 09:41:40,832 - INFO - Epoch 282/300 | Train Loss: 0.0570 Acc: 98.75% | Val Loss: 0.4627 Acc: 93.33% | LR: 0.000000
2025-07-23 09:41:42,607 - INFO - Epoch 283/300 | Train Loss: 0.0336 Acc: 99.11% | Val Loss: 0.5477 Acc: 93.33% | LR: 0.000000
2025-07-23 09:41:44,382 - INFO - Epoch 284/300 | Train Loss: 0.0462 Acc: 99.01% | Val Loss: 0.5587 Acc: 93.33% | LR: 0.000000
2025-07-23 09:41:46,083 - INFO - Epoch 285/300 | Train Loss: 0.0695 Acc: 98.49% | Val Loss: 0.5518 Acc: 93.33% | LR: 0.000000
2025-07-23 09:41:47,706 - INFO - Epoch 286/300 | Train Loss: 0.0433 Acc: 99.17% | Val Loss: 0.4592 Acc: 95.00% | LR: 0.000000
2025-07-23 09:41:49,474 - INFO - Epoch 287/300 | Train Loss: 0.0531 Acc: 98.65% | Val Loss: 0.5482 Acc: 93.33% | LR: 0.000000
2025-07-23 09:41:51,289 - INFO - Epoch 288/300 | Train Loss: 0.0485 Acc: 99.06% | Val Loss: 0.5213 Acc: 93.33% | LR: 0.000000
2025-07-23 09:41:53,101 - INFO - Epoch 289/300 | Train Loss: 0.0496 Acc: 98.96% | Val Loss: 0.4531 Acc: 95.00% | LR: 0.000000
2025-07-23 09:41:54,894 - INFO - Epoch 290/300 | Train Loss: 0.0474 Acc: 99.17% | Val Loss: 0.5499 Acc: 93.33% | LR: 0.000000
2025-07-23 09:41:56,699 - INFO - Epoch 291/300 | Train Loss: 0.0556 Acc: 98.80% | Val Loss: 0.5532 Acc: 93.33% | LR: 0.000000
2025-07-23 09:41:58,503 - INFO - Epoch 292/300 | Train Loss: 0.0647 Acc: 98.54% | Val Loss: 0.4837 Acc: 93.33% | LR: 0.000000
2025-07-23 09:42:00,310 - INFO - Epoch 293/300 | Train Loss: 0.0449 Acc: 98.80% | Val Loss: 0.5714 Acc: 91.67% | LR: 0.000000
2025-07-23 09:42:02,151 - INFO - Epoch 294/300 | Train Loss: 0.0375 Acc: 99.11% | Val Loss: 0.5179 Acc: 93.33% | LR: 0.000000
2025-07-23 09:42:03,926 - INFO - Epoch 295/300 | Train Loss: 0.0602 Acc: 98.75% | Val Loss: 0.5679 Acc: 93.33% | LR: 0.000000
2025-07-23 09:42:05,683 - INFO - Epoch 296/300 | Train Loss: 0.0404 Acc: 99.11% | Val Loss: 0.4534 Acc: 95.00% | LR: 0.000000
2025-07-23 09:42:07,322 - INFO - Epoch 297/300 | Train Loss: 0.0441 Acc: 99.17% | Val Loss: 0.5282 Acc: 93.33% | LR: 0.000000
2025-07-23 09:42:08,963 - INFO - Epoch 298/300 | Train Loss: 0.0402 Acc: 99.06% | Val Loss: 0.5726 Acc: 93.33% | LR: 0.000000
2025-07-23 09:42:10,614 - INFO - Epoch 299/300 | Train Loss: 0.0428 Acc: 98.96% | Val Loss: 0.5657 Acc: 93.33% | LR: 0.000000
2025-07-23 09:42:12,259 - INFO - Epoch 300/300 | Train Loss: 0.0340 Acc: 99.11% | Val Loss: 0.5577 Acc: 93.33% | LR: 0.000000
2025-07-23 09:42:12,259 - INFO - Training completed. Best validation accuracy: 95.00% (Train: 99.22%)
2025-07-23 09:42:12,259 - INFO - 
2025-07-23 09:42:12,259 - INFO - Generating training visualizations...
2025-07-23 09:42:12,259 - INFO - Loading best model from: outputs/models/best_hgc_lstm.pth
2025-07-23 09:42:12,851 - INFO - Training curves saved to: training_plots/training_curves.png
2025-07-23 09:42:16,950 - INFO - 
2025-07-23 09:42:16,950 - INFO - 📊 TRAINING SUMMARY:
2025-07-23 09:42:16,950 - INFO -    Best Validation Accuracy: 95.00% (Epoch 140)
2025-07-23 09:42:16,950 - INFO -    Final Training Accuracy: 99.11%
2025-07-23 09:42:16,950 - INFO -  Analyzing model performance on validation set...
2025-07-23 09:42:17,444 - INFO - Confusion matrix saved to: training_plots/confusion_matrix.png
2025-07-23 09:42:20,925 - INFO - 
2025-07-23 09:42:20,925 - INFO - ============================================================
2025-07-23 09:42:20,925 - INFO - CLASSIFICATION REPORT
2025-07-23 09:42:20,925 - INFO - ============================================================
2025-07-23 09:42:20,929 - INFO -               precision    recall  f1-score   support
2025-07-23 09:42:20,930 - INFO - 
2025-07-23 09:42:20,930 - INFO -      Class_1       0.75      0.75      0.75         4
2025-07-23 09:42:20,930 - INFO -      Class_2       1.00      1.00      1.00         4
2025-07-23 09:42:20,930 - INFO -      Class_3       1.00      1.00      1.00         4
2025-07-23 09:42:20,930 - INFO -      Class_4       1.00      1.00      1.00         4
2025-07-23 09:42:20,930 - INFO -      Class_5       1.00      1.00      1.00         4
2025-07-23 09:42:20,930 - INFO -      Class_6       1.00      1.00      1.00         4
2025-07-23 09:42:20,930 - INFO -      Class_7       1.00      1.00      1.00         4
2025-07-23 09:42:20,930 - INFO -      Class_8       1.00      1.00      1.00         4
2025-07-23 09:42:20,930 - INFO -      Class_9       1.00      0.75      0.86         4
2025-07-23 09:42:20,930 - INFO -     Class_10       1.00      1.00      1.00         4
2025-07-23 09:42:20,930 - INFO -     Class_11       1.00      1.00      1.00         4
2025-07-23 09:42:20,930 - INFO -     Class_12       0.60      0.75      0.67         4
2025-07-23 09:42:20,930 - INFO -     Class_13       1.00      1.00      1.00         4
2025-07-23 09:42:20,930 - INFO -     Class_14       1.00      1.00      1.00         4
2025-07-23 09:42:20,930 - INFO -     Class_15       1.00      1.00      1.00         4
2025-07-23 09:42:20,930 - INFO - 
2025-07-23 09:42:20,930 - INFO -     accuracy                           0.95        60
2025-07-23 09:42:20,930 - INFO -    macro avg       0.96      0.95      0.95        60
2025-07-23 09:42:20,930 - INFO - weighted avg       0.96      0.95      0.95        60
2025-07-23 09:42:20,931 - INFO - 
2025-07-23 09:42:20,931 - INFO - ================================================================================
2025-07-23 09:42:20,931 - INFO - 🎉 TRAINING COMPLETED SUCCESSFULLY!
2025-07-23 09:42:20,931 - INFO - ================================================================================
2025-07-23 09:42:20,931 - INFO - 🏆 Best validation accuracy: 95.00%
2025-07-23 09:42:20,931 - INFO - 💾 Model saved to: outputs/models/best_hgc_lstm.pth
2025-07-23 09:42:20,931 - INFO - 📊 Plots saved to: outputs/plots
2025-07-23 09:42:20,931 - INFO - 📝 Training log saved to: /home/na/VSLR/outputs/logs/training_20250723_093336.log
2025-07-23 09:42:20,931 - INFO - 📅 End time: 2025-07-23 09:42:20
2025-07-23 09:42:20,931 - INFO - ================================================================================
