2025-07-23 09:43:00,093 - INFO - ================================================================================
2025-07-23 09:43:00,093 - INFO - 🚀 VSLR Training Started
2025-07-23 09:43:00,093 - INFO - ================================================================================
2025-07-23 09:43:00,093 - INFO - 📝 Log file: /home/na/VSLR/outputs/logs/training_20250723_094300.log
2025-07-23 09:43:00,093 - INFO - 📅 Start time: 2025-07-23 09:43:00
2025-07-23 09:43:00,145 - INFO - Using device: cuda
2025-07-23 09:43:00,145 - INFO - Configuration loaded
2025-07-23 09:43:00,146 - INFO - Loading labels...
2025-07-23 09:43:00,149 - INFO -  15 classes: [1, 2, 3, 4, 5, 6, 7, 8, 9, 10, 11, 12, 13, 14, 15]
2025-07-23 09:43:00,149 - INFO -  300 videos
2025-07-23 09:43:00,149 - INFO - 
2025-07-23 09:43:00,149 - INFO -  Creating datasets...
2025-07-23 09:43:00,149 - INFO - Configuration:
2025-07-23 09:43:00,149 - INFO -    Split strategy: Stratified
2025-07-23 09:43:00,149 - INFO -    Train augmentations: ['flip', 'translation', 'scaling']
2025-07-23 09:43:00,149 - INFO -    Val augmentations: None (for fair evaluation)
2025-07-23 09:43:00,149 - INFO -    Translation range: ±0.1
2025-07-23 09:43:00,149 - INFO -    Scale range: ±0.1
2025-07-23 09:43:00,149 - INFO -  Using stratified split strategy
2025-07-23 09:43:00,150 - INFO -  TRAIN dataset: 240 original files
2025-07-23 09:43:00,150 - INFO -  Augmentation enabled: 1920 total samples (x8)
2025-07-23 09:43:00,150 - INFO -   - Augmentations: ['flip', 'translation', 'scaling']
2025-07-23 09:43:00,150 - INFO -   - Total combinations: 8
2025-07-23 09:43:00,150 - INFO -   - Combinations: ['original', 'flip', 'translation', 'scaling', 'flip+translation', 'flip+scaling', 'translation+scaling', 'flip+translation+scaling']
2025-07-23 09:43:00,150 - INFO -  TRAIN class distribution:
2025-07-23 09:43:00,150 - INFO -   Class 1: 16 samples
2025-07-23 09:43:00,150 - INFO -   Class 2: 16 samples
2025-07-23 09:43:00,150 - INFO -   Class 3: 16 samples
2025-07-23 09:43:00,150 - INFO -   Class 4: 16 samples
2025-07-23 09:43:00,150 - INFO -   Class 5: 16 samples
2025-07-23 09:43:00,150 - INFO -   Class 6: 16 samples
2025-07-23 09:43:00,150 - INFO -   Class 7: 16 samples
2025-07-23 09:43:00,150 - INFO -   Class 8: 16 samples
2025-07-23 09:43:00,150 - INFO -   Class 9: 16 samples
2025-07-23 09:43:00,150 - INFO -   Class 10: 16 samples
2025-07-23 09:43:00,150 - INFO -   Class 11: 16 samples
2025-07-23 09:43:00,150 - INFO -   Class 12: 16 samples
2025-07-23 09:43:00,150 - INFO -   Class 13: 16 samples
2025-07-23 09:43:00,150 - INFO -   Class 14: 16 samples
2025-07-23 09:43:00,151 - INFO -   Class 15: 16 samples
2025-07-23 09:43:00,151 - INFO -  ✓ Balanced: 16 samples per class
2025-07-23 09:43:00,151 - INFO -  Using stratified split strategy
2025-07-23 09:43:00,151 - INFO -  VAL dataset: 60 original files
2025-07-23 09:43:00,151 - INFO -  No augmentation enabled: 60 total samples
2025-07-23 09:43:00,151 - INFO -  VAL class distribution:
2025-07-23 09:43:00,151 - INFO -   Class 1: 4 samples
2025-07-23 09:43:00,151 - INFO -   Class 2: 4 samples
2025-07-23 09:43:00,151 - INFO -   Class 3: 4 samples
2025-07-23 09:43:00,151 - INFO -   Class 4: 4 samples
2025-07-23 09:43:00,151 - INFO -   Class 5: 4 samples
2025-07-23 09:43:00,151 - INFO -   Class 6: 4 samples
2025-07-23 09:43:00,151 - INFO -   Class 7: 4 samples
2025-07-23 09:43:00,152 - INFO -   Class 8: 4 samples
2025-07-23 09:43:00,152 - INFO -   Class 9: 4 samples
2025-07-23 09:43:00,152 - INFO -   Class 10: 4 samples
2025-07-23 09:43:00,152 - INFO -   Class 11: 4 samples
2025-07-23 09:43:00,152 - INFO -   Class 12: 4 samples
2025-07-23 09:43:00,152 - INFO -   Class 13: 4 samples
2025-07-23 09:43:00,152 - INFO -   Class 14: 4 samples
2025-07-23 09:43:00,152 - INFO -   Class 15: 4 samples
2025-07-23 09:43:00,152 - INFO -  ✓ Balanced: 4 samples per class
2025-07-23 09:43:00,152 - INFO - 
2025-07-23 09:43:00,152 - INFO - Dataset summary:
2025-07-23 09:43:00,152 - INFO -   Total classes: 15
2025-07-23 09:43:00,152 - INFO -   Train samples: 1920
2025-07-23 09:43:00,152 - INFO -   Val samples: 60
2025-07-23 09:43:00,152 - INFO -   Strategy: Stratified split
2025-07-23 09:43:00,152 - INFO - 
2025-07-23 09:43:00,152 - INFO - Creating data loaders...
2025-07-23 09:43:00,152 - INFO -  Train batches: 240
2025-07-23 09:43:00,152 - INFO -  Valid batches: 8
2025-07-23 09:43:00,153 - INFO -  Batch size: 8
2025-07-23 09:43:00,153 - INFO -  Data Augmentation (flip + translation + scaling): 240 original → 1920 total samples
2025-07-23 09:43:00,153 - INFO -  Augmentation combinations: ['original', 'flip', 'translation', 'scaling', 'flip+translation', 'flip+scaling', 'translation+scaling', 'flip+translation+scaling']
2025-07-23 09:43:00,157 - INFO -  Sample keypoints shape: torch.Size([8, 60, 75, 2])
2025-07-23 09:43:00,157 - INFO -  Sample labels shape: torch.Size([8])
2025-07-23 09:43:00,157 - INFO - 
2025-07-23 09:43:00,157 - INFO - Creating adjacency matrix...
2025-07-23 09:43:00,159 - INFO -  Adjacency matrix shape: torch.Size([75, 75])
2025-07-23 09:43:00,159 - INFO -  Number of vertices: 75
2025-07-23 09:43:00,159 - INFO - 
2025-07-23 09:43:00,159 - INFO - Creating model...
2025-07-23 09:43:00,401 - INFO - Model created with 285455 parameters
2025-07-23 09:43:00,401 - INFO - Model configuration:
2025-07-23 09:43:00,401 - INFO -   - GCN layers: 2
2025-07-23 09:43:00,401 - INFO -   - GCN hidden dim: 128
2025-07-23 09:43:00,401 - INFO -   - LSTM hidden dim: 128
2025-07-23 09:43:00,401 - INFO -   - LSTM layers: 1
2025-07-23 09:43:00,401 - INFO -   - Bidirectional: True
2025-07-23 09:43:00,401 - INFO -   - Dropout: 0.5
2025-07-23 09:43:00,401 - INFO -   - Pooling type: adaptive_avg
2025-07-23 09:43:00,401 - INFO -   - Sequence length: 60
2025-07-23 09:43:00,401 - INFO -   - Number of vertices: 75
2025-07-23 09:43:00,401 - INFO - 
2025-07-23 09:43:00,401 - INFO - Starting training...
2025-07-23 09:43:00,401 - INFO -  Training configuration:
2025-07-23 09:43:00,401 - INFO -   - Epochs: 300
2025-07-23 09:43:00,402 - INFO -   - Batch size: 8
2025-07-23 09:43:00,402 - INFO -   - Learning rate: 0.001
2025-07-23 09:43:00,402 - INFO -   - Optimizer: adam
2025-07-23 09:43:00,402 - INFO -   - Scheduler: step
2025-07-23 09:43:00,402 - INFO -   - Early stopping patience: 100
2025-07-23 09:43:02,986 - INFO - Epoch 001/300 | Train Loss: 2.7235 Acc: 07.40% | Val Loss: 2.7314 Acc: 03.33% | LR: 0.001000
2025-07-23 09:43:04,567 - INFO - Epoch 002/300 | Train Loss: 2.6994 Acc: 07.71% | Val Loss: 2.7182 Acc: 08.33% | LR: 0.001000
2025-07-23 09:43:06,165 - INFO - Epoch 003/300 | Train Loss: 2.6783 Acc: 08.54% | Val Loss: 2.7061 Acc: 15.00% | LR: 0.001000
2025-07-23 09:43:07,747 - INFO - Epoch 004/300 | Train Loss: 2.6658 Acc: 09.22% | Val Loss: 2.6862 Acc: 11.67% | LR: 0.001000
2025-07-23 09:43:09,344 - INFO - Epoch 005/300 | Train Loss: 2.6332 Acc: 10.16% | Val Loss: 2.6572 Acc: 06.67% | LR: 0.001000
2025-07-23 09:43:10,901 - INFO - Epoch 006/300 | Train Loss: 2.5142 Acc: 15.26% | Val Loss: 2.2490 Acc: 21.67% | LR: 0.001000
2025-07-23 09:43:12,506 - INFO - Epoch 007/300 | Train Loss: 2.2377 Acc: 21.93% | Val Loss: 2.0675 Acc: 21.67% | LR: 0.001000
2025-07-23 09:43:14,092 - INFO - Epoch 008/300 | Train Loss: 2.0288 Acc: 27.50% | Val Loss: 1.8779 Acc: 30.00% | LR: 0.001000
2025-07-23 09:43:15,664 - INFO - Epoch 009/300 | Train Loss: 1.8409 Acc: 32.55% | Val Loss: 1.7119 Acc: 31.67% | LR: 0.001000
2025-07-23 09:43:17,242 - INFO - Epoch 010/300 | Train Loss: 1.7405 Acc: 35.31% | Val Loss: 1.6548 Acc: 38.33% | LR: 0.001000
2025-07-23 09:43:18,817 - INFO - Epoch 011/300 | Train Loss: 1.5305 Acc: 43.85% | Val Loss: 1.6152 Acc: 45.00% | LR: 0.001000
2025-07-23 09:43:20,494 - INFO - Epoch 012/300 | Train Loss: 1.4636 Acc: 46.30% | Val Loss: 1.2586 Acc: 43.33% | LR: 0.001000
2025-07-23 09:43:22,186 - INFO - Epoch 013/300 | Train Loss: 1.2885 Acc: 54.58% | Val Loss: 1.0908 Acc: 65.00% | LR: 0.001000
2025-07-23 09:43:23,868 - INFO - Epoch 014/300 | Train Loss: 1.2140 Acc: 56.98% | Val Loss: 0.9361 Acc: 68.33% | LR: 0.001000
2025-07-23 09:43:25,551 - INFO - Epoch 015/300 | Train Loss: 1.0729 Acc: 61.41% | Val Loss: 0.9472 Acc: 70.00% | LR: 0.001000
2025-07-23 09:43:27,244 - INFO - Epoch 016/300 | Train Loss: 0.9614 Acc: 66.15% | Val Loss: 0.8659 Acc: 71.67% | LR: 0.001000
2025-07-23 09:43:28,936 - INFO - Epoch 017/300 | Train Loss: 0.8975 Acc: 70.57% | Val Loss: 0.8040 Acc: 78.33% | LR: 0.001000
2025-07-23 09:43:30,646 - INFO - Epoch 018/300 | Train Loss: 0.7814 Acc: 74.53% | Val Loss: 0.7325 Acc: 75.00% | LR: 0.001000
2025-07-23 09:43:32,355 - INFO - Epoch 019/300 | Train Loss: 0.6919 Acc: 76.61% | Val Loss: 0.6927 Acc: 83.33% | LR: 0.001000
2025-07-23 09:43:34,071 - INFO - Epoch 020/300 | Train Loss: 0.6606 Acc: 78.91% | Val Loss: 0.6885 Acc: 80.00% | LR: 0.000500
2025-07-23 09:43:35,709 - INFO - Epoch 021/300 | Train Loss: 0.4565 Acc: 85.89% | Val Loss: 0.5608 Acc: 85.00% | LR: 0.000500
2025-07-23 09:43:37,408 - INFO - Epoch 022/300 | Train Loss: 0.4092 Acc: 88.80% | Val Loss: 0.5409 Acc: 86.67% | LR: 0.000500
2025-07-23 09:43:39,108 - INFO - Epoch 023/300 | Train Loss: 0.3757 Acc: 89.01% | Val Loss: 0.3825 Acc: 95.00% | LR: 0.000500
2025-07-23 09:43:40,787 - INFO - Epoch 024/300 | Train Loss: 0.2894 Acc: 91.67% | Val Loss: 0.4579 Acc: 91.67% | LR: 0.000500
2025-07-23 09:43:42,368 - INFO - Epoch 025/300 | Train Loss: 0.2634 Acc: 92.24% | Val Loss: 0.4914 Acc: 91.67% | LR: 0.000500
2025-07-23 09:43:43,937 - INFO - Epoch 026/300 | Train Loss: 0.2601 Acc: 93.18% | Val Loss: 0.3968 Acc: 90.00% | LR: 0.000500
2025-07-23 09:43:45,516 - INFO - Epoch 027/300 | Train Loss: 0.2879 Acc: 93.28% | Val Loss: 0.3970 Acc: 93.33% | LR: 0.000500
2025-07-23 09:43:47,087 - INFO - Epoch 028/300 | Train Loss: 0.1905 Acc: 94.27% | Val Loss: 0.3858 Acc: 95.00% | LR: 0.000500
2025-07-23 09:43:48,655 - INFO - Epoch 029/300 | Train Loss: 0.2082 Acc: 94.38% | Val Loss: 0.3590 Acc: 91.67% | LR: 0.000500
2025-07-23 09:43:50,215 - INFO - Epoch 030/300 | Train Loss: 0.2354 Acc: 93.85% | Val Loss: 0.4128 Acc: 93.33% | LR: 0.000500
2025-07-23 09:43:51,800 - INFO - Epoch 031/300 | Train Loss: 0.1787 Acc: 95.00% | Val Loss: 0.3934 Acc: 93.33% | LR: 0.000500
2025-07-23 09:43:53,369 - INFO - Epoch 032/300 | Train Loss: 0.1396 Acc: 96.09% | Val Loss: 0.4925 Acc: 95.00% | LR: 0.000500
2025-07-23 09:43:55,115 - INFO - Epoch 033/300 | Train Loss: 0.2001 Acc: 95.21% | Val Loss: 0.4856 Acc: 95.00% | LR: 0.000500
2025-07-23 09:43:56,889 - INFO - Epoch 034/300 | Train Loss: 0.1387 Acc: 96.88% | Val Loss: 0.4062 Acc: 93.33% | LR: 0.000500
2025-07-23 09:43:58,646 - INFO - Epoch 035/300 | Train Loss: 0.2113 Acc: 94.74% | Val Loss: 0.4327 Acc: 91.67% | LR: 0.000500
2025-07-23 09:44:00,389 - INFO - Epoch 036/300 | Train Loss: 0.1541 Acc: 96.20% | Val Loss: 0.4666 Acc: 93.33% | LR: 0.000500
2025-07-23 09:44:02,134 - INFO - Epoch 037/300 | Train Loss: 0.1517 Acc: 96.35% | Val Loss: 0.5934 Acc: 93.33% | LR: 0.000500
2025-07-23 09:44:03,879 - INFO - Epoch 038/300 | Train Loss: 0.1580 Acc: 95.89% | Val Loss: 0.5548 Acc: 90.00% | LR: 0.000500
2025-07-23 09:44:05,625 - INFO - Epoch 039/300 | Train Loss: 0.1176 Acc: 97.08% | Val Loss: 0.4386 Acc: 93.33% | LR: 0.000500
2025-07-23 09:44:07,359 - INFO - Epoch 040/300 | Train Loss: 0.1575 Acc: 96.09% | Val Loss: 0.5771 Acc: 95.00% | LR: 0.000250
2025-07-23 09:44:09,001 - INFO - Epoch 041/300 | Train Loss: 0.0781 Acc: 98.28% | Val Loss: 0.7020 Acc: 93.33% | LR: 0.000250
2025-07-23 09:44:10,639 - INFO - Epoch 042/300 | Train Loss: 0.0760 Acc: 98.28% | Val Loss: 0.5420 Acc: 93.33% | LR: 0.000250
2025-07-23 09:44:12,277 - INFO - Epoch 043/300 | Train Loss: 0.0646 Acc: 98.85% | Val Loss: 0.5835 Acc: 91.67% | LR: 0.000250
2025-07-23 09:44:13,955 - INFO - Epoch 044/300 | Train Loss: 0.0711 Acc: 98.28% | Val Loss: 0.4384 Acc: 93.33% | LR: 0.000250
2025-07-23 09:44:15,589 - INFO - Epoch 045/300 | Train Loss: 0.0488 Acc: 98.85% | Val Loss: 0.3915 Acc: 95.00% | LR: 0.000250
2025-07-23 09:44:17,190 - INFO - Epoch 046/300 | Train Loss: 0.0587 Acc: 98.70% | Val Loss: 0.7666 Acc: 93.33% | LR: 0.000250
2025-07-23 09:44:19,034 - INFO - Epoch 047/300 | Train Loss: 0.0906 Acc: 97.97% | Val Loss: 0.8419 Acc: 90.00% | LR: 0.000250
2025-07-23 09:44:20,807 - INFO - Epoch 048/300 | Train Loss: 0.0689 Acc: 98.65% | Val Loss: 0.5156 Acc: 91.67% | LR: 0.000250
2025-07-23 09:44:22,465 - INFO - Epoch 049/300 | Train Loss: 0.0604 Acc: 98.70% | Val Loss: 0.5131 Acc: 93.33% | LR: 0.000250
2025-07-23 09:44:24,100 - INFO - Epoch 050/300 | Train Loss: 0.0546 Acc: 98.91% | Val Loss: 0.6367 Acc: 91.67% | LR: 0.000250
2025-07-23 09:44:25,751 - INFO - Epoch 051/300 | Train Loss: 0.0475 Acc: 98.91% | Val Loss: 0.4588 Acc: 93.33% | LR: 0.000250
2025-07-23 09:44:27,412 - INFO - Epoch 052/300 | Train Loss: 0.0884 Acc: 98.12% | Val Loss: 0.4846 Acc: 93.33% | LR: 0.000250
2025-07-23 09:44:29,065 - INFO - Epoch 053/300 | Train Loss: 0.0609 Acc: 98.59% | Val Loss: 0.5528 Acc: 95.00% | LR: 0.000250
2025-07-23 09:44:30,670 - INFO - Epoch 054/300 | Train Loss: 0.0691 Acc: 98.49% | Val Loss: 0.5115 Acc: 93.33% | LR: 0.000250
2025-07-23 09:44:32,274 - INFO - Epoch 055/300 | Train Loss: 0.0589 Acc: 98.96% | Val Loss: 0.6773 Acc: 93.33% | LR: 0.000250
2025-07-23 09:44:33,886 - INFO - Epoch 056/300 | Train Loss: 0.0745 Acc: 98.33% | Val Loss: 0.5446 Acc: 95.00% | LR: 0.000250
2025-07-23 09:44:35,476 - INFO - Epoch 057/300 | Train Loss: 0.0521 Acc: 98.75% | Val Loss: 0.5064 Acc: 93.33% | LR: 0.000250
2025-07-23 09:44:37,062 - INFO - Epoch 058/300 | Train Loss: 0.1042 Acc: 98.07% | Val Loss: 0.7689 Acc: 88.33% | LR: 0.000250
2025-07-23 09:44:38,622 - INFO - Epoch 059/300 | Train Loss: 0.0551 Acc: 98.96% | Val Loss: 0.6503 Acc: 93.33% | LR: 0.000250
2025-07-23 09:44:40,179 - INFO - Epoch 060/300 | Train Loss: 0.0505 Acc: 98.75% | Val Loss: 0.6899 Acc: 95.00% | LR: 0.000125
2025-07-23 09:44:41,789 - INFO - Epoch 061/300 | Train Loss: 0.0198 Acc: 99.58% | Val Loss: 0.6672 Acc: 95.00% | LR: 0.000125
2025-07-23 09:44:43,364 - INFO - Epoch 062/300 | Train Loss: 0.0463 Acc: 99.22% | Val Loss: 0.6885 Acc: 91.67% | LR: 0.000125
2025-07-23 09:44:44,940 - INFO - Epoch 063/300 | Train Loss: 0.0350 Acc: 99.32% | Val Loss: 0.7920 Acc: 93.33% | LR: 0.000125
2025-07-23 09:44:46,593 - INFO - Epoch 064/300 | Train Loss: 0.0408 Acc: 99.27% | Val Loss: 0.7586 Acc: 93.33% | LR: 0.000125
2025-07-23 09:44:48,258 - INFO - Epoch 065/300 | Train Loss: 0.0421 Acc: 99.27% | Val Loss: 0.6899 Acc: 93.33% | LR: 0.000125
2025-07-23 09:44:49,853 - INFO - Epoch 066/300 | Train Loss: 0.0332 Acc: 99.53% | Val Loss: 0.7344 Acc: 93.33% | LR: 0.000125
2025-07-23 09:44:51,427 - INFO - Epoch 067/300 | Train Loss: 0.0416 Acc: 99.11% | Val Loss: 0.7203 Acc: 93.33% | LR: 0.000125
2025-07-23 09:44:53,021 - INFO - Epoch 068/300 | Train Loss: 0.0204 Acc: 99.48% | Val Loss: 0.7485 Acc: 93.33% | LR: 0.000125
2025-07-23 09:44:54,598 - INFO - Epoch 069/300 | Train Loss: 0.0420 Acc: 99.22% | Val Loss: 0.7260 Acc: 93.33% | LR: 0.000125
2025-07-23 09:44:56,160 - INFO - Epoch 070/300 | Train Loss: 0.0386 Acc: 99.27% | Val Loss: 0.8068 Acc: 91.67% | LR: 0.000125
2025-07-23 09:44:57,731 - INFO - Epoch 071/300 | Train Loss: 0.0361 Acc: 99.22% | Val Loss: 0.7806 Acc: 91.67% | LR: 0.000125
2025-07-23 09:44:59,269 - INFO - Epoch 072/300 | Train Loss: 0.0313 Acc: 99.38% | Val Loss: 0.6892 Acc: 93.33% | LR: 0.000125
2025-07-23 09:45:00,813 - INFO - Epoch 073/300 | Train Loss: 0.0238 Acc: 99.58% | Val Loss: 0.6994 Acc: 93.33% | LR: 0.000125
2025-07-23 09:45:02,361 - INFO - Epoch 074/300 | Train Loss: 0.0288 Acc: 99.48% | Val Loss: 0.8226 Acc: 93.33% | LR: 0.000125
2025-07-23 09:45:03,909 - INFO - Epoch 075/300 | Train Loss: 0.0381 Acc: 99.22% | Val Loss: 0.6673 Acc: 93.33% | LR: 0.000125
2025-07-23 09:45:05,453 - INFO - Epoch 076/300 | Train Loss: 0.0352 Acc: 99.17% | Val Loss: 0.8111 Acc: 91.67% | LR: 0.000125
2025-07-23 09:45:07,005 - INFO - Epoch 077/300 | Train Loss: 0.0348 Acc: 99.32% | Val Loss: 0.7605 Acc: 93.33% | LR: 0.000125
2025-07-23 09:45:08,571 - INFO - Epoch 078/300 | Train Loss: 0.0429 Acc: 99.32% | Val Loss: 0.7652 Acc: 93.33% | LR: 0.000125
2025-07-23 09:45:10,130 - INFO - Epoch 079/300 | Train Loss: 0.0372 Acc: 99.38% | Val Loss: 0.6380 Acc: 95.00% | LR: 0.000125
2025-07-23 09:45:11,679 - INFO - Epoch 080/300 | Train Loss: 0.0294 Acc: 99.48% | Val Loss: 0.6936 Acc: 95.00% | LR: 0.000063
2025-07-23 09:45:13,229 - INFO - Epoch 081/300 | Train Loss: 0.0215 Acc: 99.38% | Val Loss: 0.6526 Acc: 93.33% | LR: 0.000063
2025-07-23 09:45:14,798 - INFO - Epoch 082/300 | Train Loss: 0.0425 Acc: 99.27% | Val Loss: 0.7622 Acc: 91.67% | LR: 0.000063
2025-07-23 09:45:16,387 - INFO - Epoch 083/300 | Train Loss: 0.0081 Acc: 99.84% | Val Loss: 0.8275 Acc: 91.67% | LR: 0.000063
2025-07-23 09:45:17,943 - INFO - Epoch 084/300 | Train Loss: 0.0094 Acc: 99.84% | Val Loss: 0.7214 Acc: 91.67% | LR: 0.000063
2025-07-23 09:45:19,492 - INFO - Epoch 085/300 | Train Loss: 0.0198 Acc: 99.58% | Val Loss: 0.7462 Acc: 93.33% | LR: 0.000063
2025-07-23 09:45:21,040 - INFO - Epoch 086/300 | Train Loss: 0.0221 Acc: 99.43% | Val Loss: 0.5869 Acc: 93.33% | LR: 0.000063
2025-07-23 09:45:22,593 - INFO - Epoch 087/300 | Train Loss: 0.0165 Acc: 99.79% | Val Loss: 0.6682 Acc: 91.67% | LR: 0.000063
2025-07-23 09:45:24,141 - INFO - Epoch 088/300 | Train Loss: 0.0153 Acc: 99.58% | Val Loss: 0.7009 Acc: 93.33% | LR: 0.000063
2025-07-23 09:45:25,690 - INFO - Epoch 089/300 | Train Loss: 0.0260 Acc: 99.53% | Val Loss: 0.4892 Acc: 93.33% | LR: 0.000063
2025-07-23 09:45:27,237 - INFO - Epoch 090/300 | Train Loss: 0.0444 Acc: 99.38% | Val Loss: 0.7125 Acc: 93.33% | LR: 0.000063
2025-07-23 09:45:28,834 - INFO - Epoch 091/300 | Train Loss: 0.0130 Acc: 99.69% | Val Loss: 0.7966 Acc: 95.00% | LR: 0.000063
2025-07-23 09:45:30,419 - INFO - Epoch 092/300 | Train Loss: 0.0139 Acc: 99.74% | Val Loss: 0.8523 Acc: 93.33% | LR: 0.000063
2025-07-23 09:45:31,995 - INFO - Epoch 093/300 | Train Loss: 0.0157 Acc: 99.74% | Val Loss: 0.8491 Acc: 93.33% | LR: 0.000063
2025-07-23 09:45:33,559 - INFO - Epoch 094/300 | Train Loss: 0.0145 Acc: 99.69% | Val Loss: 0.8098 Acc: 91.67% | LR: 0.000063
2025-07-23 09:45:35,172 - INFO - Epoch 095/300 | Train Loss: 0.0251 Acc: 99.58% | Val Loss: 0.7680 Acc: 93.33% | LR: 0.000063
2025-07-23 09:45:36,806 - INFO - Epoch 096/300 | Train Loss: 0.0198 Acc: 99.58% | Val Loss: 0.7256 Acc: 93.33% | LR: 0.000063
2025-07-23 09:45:38,412 - INFO - Epoch 097/300 | Train Loss: 0.0200 Acc: 99.69% | Val Loss: 0.7264 Acc: 93.33% | LR: 0.000063
2025-07-23 09:45:39,971 - INFO - Epoch 098/300 | Train Loss: 0.0304 Acc: 99.43% | Val Loss: 0.7356 Acc: 95.00% | LR: 0.000063
2025-07-23 09:45:41,537 - INFO - Epoch 099/300 | Train Loss: 0.0078 Acc: 99.90% | Val Loss: 0.7895 Acc: 93.33% | LR: 0.000063
2025-07-23 09:45:43,123 - INFO - Epoch 100/300 | Train Loss: 0.0305 Acc: 99.43% | Val Loss: 0.7144 Acc: 93.33% | LR: 0.000031
2025-07-23 09:45:44,700 - INFO - Epoch 101/300 | Train Loss: 0.0198 Acc: 99.69% | Val Loss: 0.5282 Acc: 91.67% | LR: 0.000031
2025-07-23 09:45:46,288 - INFO - Epoch 102/300 | Train Loss: 0.0047 Acc: 99.90% | Val Loss: 0.6768 Acc: 93.33% | LR: 0.000031
2025-07-23 09:45:47,949 - INFO - Epoch 103/300 | Train Loss: 0.0120 Acc: 99.79% | Val Loss: 0.6865 Acc: 93.33% | LR: 0.000031
2025-07-23 09:45:49,595 - INFO - Epoch 104/300 | Train Loss: 0.0111 Acc: 99.79% | Val Loss: 0.3989 Acc: 96.67% | LR: 0.000031
2025-07-23 09:45:51,199 - INFO - Epoch 105/300 | Train Loss: 0.0121 Acc: 99.79% | Val Loss: 0.6095 Acc: 93.33% | LR: 0.000031
2025-07-23 09:45:52,776 - INFO - Epoch 106/300 | Train Loss: 0.0079 Acc: 99.84% | Val Loss: 0.6101 Acc: 95.00% | LR: 0.000031
2025-07-23 09:45:54,389 - INFO - Epoch 107/300 | Train Loss: 0.0115 Acc: 99.74% | Val Loss: 0.7028 Acc: 93.33% | LR: 0.000031
2025-07-23 09:45:56,112 - INFO - Epoch 108/300 | Train Loss: 0.0350 Acc: 99.48% | Val Loss: 0.7144 Acc: 93.33% | LR: 0.000031
2025-07-23 09:45:57,723 - INFO - Epoch 109/300 | Train Loss: 0.0215 Acc: 99.69% | Val Loss: 0.7297 Acc: 91.67% | LR: 0.000031
2025-07-23 09:45:59,308 - INFO - Epoch 110/300 | Train Loss: 0.0183 Acc: 99.74% | Val Loss: 0.7541 Acc: 93.33% | LR: 0.000031
2025-07-23 09:46:00,887 - INFO - Epoch 111/300 | Train Loss: 0.0158 Acc: 99.64% | Val Loss: 0.7013 Acc: 95.00% | LR: 0.000031
2025-07-23 09:46:02,439 - INFO - Epoch 112/300 | Train Loss: 0.0135 Acc: 99.74% | Val Loss: 0.7199 Acc: 95.00% | LR: 0.000031
2025-07-23 09:46:04,001 - INFO - Epoch 113/300 | Train Loss: 0.0209 Acc: 99.69% | Val Loss: 0.7399 Acc: 93.33% | LR: 0.000031
2025-07-23 09:46:05,553 - INFO - Epoch 114/300 | Train Loss: 0.0199 Acc: 99.79% | Val Loss: 0.7049 Acc: 93.33% | LR: 0.000031
2025-07-23 09:46:07,101 - INFO - Epoch 115/300 | Train Loss: 0.0240 Acc: 99.43% | Val Loss: 0.7916 Acc: 93.33% | LR: 0.000031
2025-07-23 09:46:08,664 - INFO - Epoch 116/300 | Train Loss: 0.0085 Acc: 99.69% | Val Loss: 0.7339 Acc: 93.33% | LR: 0.000031
2025-07-23 09:46:10,227 - INFO - Epoch 117/300 | Train Loss: 0.0315 Acc: 99.48% | Val Loss: 0.7111 Acc: 93.33% | LR: 0.000031
2025-07-23 09:46:11,774 - INFO - Epoch 118/300 | Train Loss: 0.0213 Acc: 99.74% | Val Loss: 0.7089 Acc: 95.00% | LR: 0.000031
2025-07-23 09:46:13,330 - INFO - Epoch 119/300 | Train Loss: 0.0134 Acc: 99.74% | Val Loss: 0.7488 Acc: 93.33% | LR: 0.000031
2025-07-23 09:46:14,874 - INFO - Epoch 120/300 | Train Loss: 0.0149 Acc: 99.74% | Val Loss: 0.8027 Acc: 93.33% | LR: 0.000016
2025-07-23 09:46:16,422 - INFO - Epoch 121/300 | Train Loss: 0.0280 Acc: 99.38% | Val Loss: 0.7528 Acc: 93.33% | LR: 0.000016
2025-07-23 09:46:17,975 - INFO - Epoch 122/300 | Train Loss: 0.0067 Acc: 99.79% | Val Loss: 0.7792 Acc: 93.33% | LR: 0.000016
2025-07-23 09:46:19,582 - INFO - Epoch 123/300 | Train Loss: 0.0069 Acc: 99.79% | Val Loss: 0.7584 Acc: 93.33% | LR: 0.000016
2025-07-23 09:46:21,180 - INFO - Epoch 124/300 | Train Loss: 0.0054 Acc: 99.95% | Val Loss: 0.6276 Acc: 93.33% | LR: 0.000016
2025-07-23 09:46:22,797 - INFO - Epoch 125/300 | Train Loss: 0.0156 Acc: 99.79% | Val Loss: 0.7506 Acc: 93.33% | LR: 0.000016
2025-07-23 09:46:24,350 - INFO - Epoch 126/300 | Train Loss: 0.0291 Acc: 99.58% | Val Loss: 0.7619 Acc: 93.33% | LR: 0.000016
2025-07-23 09:46:25,899 - INFO - Epoch 127/300 | Train Loss: 0.0095 Acc: 99.79% | Val Loss: 0.7292 Acc: 93.33% | LR: 0.000016
2025-07-23 09:46:27,456 - INFO - Epoch 128/300 | Train Loss: 0.0023 Acc: 100.00% | Val Loss: 0.7090 Acc: 93.33% | LR: 0.000016
2025-07-23 09:46:29,072 - INFO - Epoch 129/300 | Train Loss: 0.0149 Acc: 99.69% | Val Loss: 0.7302 Acc: 93.33% | LR: 0.000016
2025-07-23 09:46:30,629 - INFO - Epoch 130/300 | Train Loss: 0.0397 Acc: 99.48% | Val Loss: 0.7507 Acc: 93.33% | LR: 0.000016
2025-07-23 09:46:32,252 - INFO - Epoch 131/300 | Train Loss: 0.0071 Acc: 99.90% | Val Loss: 0.7746 Acc: 93.33% | LR: 0.000016
2025-07-23 09:46:33,826 - INFO - Epoch 132/300 | Train Loss: 0.0174 Acc: 99.69% | Val Loss: 0.7277 Acc: 93.33% | LR: 0.000016
2025-07-23 09:46:35,367 - INFO - Epoch 133/300 | Train Loss: 0.0214 Acc: 99.43% | Val Loss: 0.7715 Acc: 91.67% | LR: 0.000016
2025-07-23 09:46:36,915 - INFO - Epoch 134/300 | Train Loss: 0.0138 Acc: 99.74% | Val Loss: 0.7551 Acc: 93.33% | LR: 0.000016
2025-07-23 09:46:38,478 - INFO - Epoch 135/300 | Train Loss: 0.0241 Acc: 99.69% | Val Loss: 0.7361 Acc: 93.33% | LR: 0.000016
2025-07-23 09:46:40,057 - INFO - Epoch 136/300 | Train Loss: 0.0025 Acc: 100.00% | Val Loss: 0.7620 Acc: 93.33% | LR: 0.000016
2025-07-23 09:46:41,627 - INFO - Epoch 137/300 | Train Loss: 0.0202 Acc: 99.53% | Val Loss: 0.7650 Acc: 93.33% | LR: 0.000016
2025-07-23 09:46:43,218 - INFO - Epoch 138/300 | Train Loss: 0.0145 Acc: 99.74% | Val Loss: 0.7736 Acc: 93.33% | LR: 0.000016
2025-07-23 09:46:44,802 - INFO - Epoch 139/300 | Train Loss: 0.0043 Acc: 99.95% | Val Loss: 0.7905 Acc: 93.33% | LR: 0.000016
2025-07-23 09:46:46,360 - INFO - Epoch 140/300 | Train Loss: 0.0172 Acc: 99.79% | Val Loss: 0.7559 Acc: 93.33% | LR: 0.000008
2025-07-23 09:46:48,109 - INFO - Epoch 141/300 | Train Loss: 0.0101 Acc: 99.79% | Val Loss: 0.7469 Acc: 93.33% | LR: 0.000008
2025-07-23 09:46:49,963 - INFO - Epoch 142/300 | Train Loss: 0.0072 Acc: 99.84% | Val Loss: 0.7699 Acc: 93.33% | LR: 0.000008
2025-07-23 09:46:51,817 - INFO - Epoch 143/300 | Train Loss: 0.0091 Acc: 99.84% | Val Loss: 0.7675 Acc: 91.67% | LR: 0.000008
2025-07-23 09:46:53,491 - INFO - Epoch 144/300 | Train Loss: 0.0151 Acc: 99.74% | Val Loss: 0.7974 Acc: 91.67% | LR: 0.000008
2025-07-23 09:46:55,210 - INFO - Epoch 145/300 | Train Loss: 0.0157 Acc: 99.64% | Val Loss: 0.7633 Acc: 91.67% | LR: 0.000008
2025-07-23 09:46:56,906 - INFO - Epoch 146/300 | Train Loss: 0.0125 Acc: 99.58% | Val Loss: 0.7427 Acc: 93.33% | LR: 0.000008
2025-07-23 09:46:58,495 - INFO - Epoch 147/300 | Train Loss: 0.0294 Acc: 99.48% | Val Loss: 0.7331 Acc: 93.33% | LR: 0.000008
2025-07-23 09:47:00,084 - INFO - Epoch 148/300 | Train Loss: 0.0087 Acc: 99.95% | Val Loss: 0.7831 Acc: 93.33% | LR: 0.000008
2025-07-23 09:47:01,647 - INFO - Epoch 149/300 | Train Loss: 0.0155 Acc: 99.74% | Val Loss: 0.7815 Acc: 91.67% | LR: 0.000008
2025-07-23 09:47:03,225 - INFO - Epoch 150/300 | Train Loss: 0.0071 Acc: 99.90% | Val Loss: 0.7835 Acc: 93.33% | LR: 0.000008
2025-07-23 09:47:04,788 - INFO - Epoch 151/300 | Train Loss: 0.0094 Acc: 99.79% | Val Loss: 0.7937 Acc: 93.33% | LR: 0.000008
2025-07-23 09:47:06,335 - INFO - Epoch 152/300 | Train Loss: 0.0058 Acc: 99.90% | Val Loss: 0.7667 Acc: 93.33% | LR: 0.000008
2025-07-23 09:47:07,890 - INFO - Epoch 153/300 | Train Loss: 0.0047 Acc: 99.90% | Val Loss: 0.7967 Acc: 93.33% | LR: 0.000008
2025-07-23 09:47:09,448 - INFO - Epoch 154/300 | Train Loss: 0.0092 Acc: 99.79% | Val Loss: 0.8125 Acc: 93.33% | LR: 0.000008
2025-07-23 09:47:10,999 - INFO - Epoch 155/300 | Train Loss: 0.0227 Acc: 99.58% | Val Loss: 0.7642 Acc: 93.33% | LR: 0.000008
2025-07-23 09:47:12,548 - INFO - Epoch 156/300 | Train Loss: 0.0223 Acc: 99.69% | Val Loss: 0.7691 Acc: 93.33% | LR: 0.000008
2025-07-23 09:47:14,126 - INFO - Epoch 157/300 | Train Loss: 0.0103 Acc: 99.84% | Val Loss: 0.8119 Acc: 91.67% | LR: 0.000008
2025-07-23 09:47:15,703 - INFO - Epoch 158/300 | Train Loss: 0.0230 Acc: 99.74% | Val Loss: 0.8783 Acc: 91.67% | LR: 0.000008
2025-07-23 09:47:17,313 - INFO - Epoch 159/300 | Train Loss: 0.0141 Acc: 99.69% | Val Loss: 0.7563 Acc: 93.33% | LR: 0.000008
2025-07-23 09:47:18,920 - INFO - Epoch 160/300 | Train Loss: 0.0021 Acc: 100.00% | Val Loss: 0.7469 Acc: 93.33% | LR: 0.000004
2025-07-23 09:47:20,519 - INFO - Epoch 161/300 | Train Loss: 0.0081 Acc: 99.90% | Val Loss: 0.7676 Acc: 93.33% | LR: 0.000004
2025-07-23 09:47:22,089 - INFO - Epoch 162/300 | Train Loss: 0.0201 Acc: 99.74% | Val Loss: 0.7491 Acc: 93.33% | LR: 0.000004
2025-07-23 09:47:23,662 - INFO - Epoch 163/300 | Train Loss: 0.0105 Acc: 99.79% | Val Loss: 0.8325 Acc: 91.67% | LR: 0.000004
2025-07-23 09:47:25,237 - INFO - Epoch 164/300 | Train Loss: 0.0081 Acc: 99.95% | Val Loss: 0.7726 Acc: 93.33% | LR: 0.000004
2025-07-23 09:47:26,783 - INFO - Epoch 165/300 | Train Loss: 0.0029 Acc: 99.90% | Val Loss: 0.7880 Acc: 93.33% | LR: 0.000004
2025-07-23 09:47:28,336 - INFO - Epoch 166/300 | Train Loss: 0.0121 Acc: 99.79% | Val Loss: 0.7831 Acc: 93.33% | LR: 0.000004
2025-07-23 09:47:29,885 - INFO - Epoch 167/300 | Train Loss: 0.0144 Acc: 99.84% | Val Loss: 0.8219 Acc: 93.33% | LR: 0.000004
2025-07-23 09:47:31,432 - INFO - Epoch 168/300 | Train Loss: 0.0026 Acc: 99.95% | Val Loss: 0.7604 Acc: 93.33% | LR: 0.000004
2025-07-23 09:47:32,985 - INFO - Epoch 169/300 | Train Loss: 0.0097 Acc: 99.79% | Val Loss: 0.7996 Acc: 93.33% | LR: 0.000004
2025-07-23 09:47:34,539 - INFO - Epoch 170/300 | Train Loss: 0.0067 Acc: 99.79% | Val Loss: 0.7892 Acc: 93.33% | LR: 0.000004
2025-07-23 09:47:36,102 - INFO - Epoch 171/300 | Train Loss: 0.0128 Acc: 99.74% | Val Loss: 0.7777 Acc: 93.33% | LR: 0.000004
2025-07-23 09:47:37,650 - INFO - Epoch 172/300 | Train Loss: 0.0115 Acc: 99.84% | Val Loss: 0.7312 Acc: 93.33% | LR: 0.000004
2025-07-23 09:47:39,215 - INFO - Epoch 173/300 | Train Loss: 0.0133 Acc: 99.84% | Val Loss: 0.8084 Acc: 93.33% | LR: 0.000004
2025-07-23 09:47:40,778 - INFO - Epoch 174/300 | Train Loss: 0.0185 Acc: 99.74% | Val Loss: 0.7587 Acc: 93.33% | LR: 0.000004
2025-07-23 09:47:42,331 - INFO - Epoch 175/300 | Train Loss: 0.0102 Acc: 99.84% | Val Loss: 0.8087 Acc: 93.33% | LR: 0.000004
2025-07-23 09:47:43,892 - INFO - Epoch 176/300 | Train Loss: 0.0138 Acc: 99.84% | Val Loss: 0.8006 Acc: 93.33% | LR: 0.000004
2025-07-23 09:47:45,439 - INFO - Epoch 177/300 | Train Loss: 0.0086 Acc: 99.84% | Val Loss: 0.8015 Acc: 93.33% | LR: 0.000004
2025-07-23 09:47:46,989 - INFO - Epoch 178/300 | Train Loss: 0.0056 Acc: 99.90% | Val Loss: 0.7980 Acc: 93.33% | LR: 0.000004
2025-07-23 09:47:48,558 - INFO - Epoch 179/300 | Train Loss: 0.0146 Acc: 99.69% | Val Loss: 0.7750 Acc: 93.33% | LR: 0.000004
2025-07-23 09:47:50,109 - INFO - Epoch 180/300 | Train Loss: 0.0100 Acc: 99.84% | Val Loss: 0.7827 Acc: 93.33% | LR: 0.000002
2025-07-23 09:47:51,654 - INFO - Epoch 181/300 | Train Loss: 0.0023 Acc: 99.95% | Val Loss: 0.8071 Acc: 93.33% | LR: 0.000002
2025-07-23 09:47:53,199 - INFO - Epoch 182/300 | Train Loss: 0.0067 Acc: 99.90% | Val Loss: 0.7993 Acc: 93.33% | LR: 0.000002
2025-07-23 09:47:54,748 - INFO - Epoch 183/300 | Train Loss: 0.0177 Acc: 99.74% | Val Loss: 0.7792 Acc: 93.33% | LR: 0.000002
2025-07-23 09:47:56,314 - INFO - Epoch 184/300 | Train Loss: 0.0046 Acc: 99.84% | Val Loss: 0.7649 Acc: 93.33% | LR: 0.000002
2025-07-23 09:47:57,862 - INFO - Epoch 185/300 | Train Loss: 0.0064 Acc: 99.90% | Val Loss: 0.7780 Acc: 93.33% | LR: 0.000002
2025-07-23 09:47:59,418 - INFO - Epoch 186/300 | Train Loss: 0.0205 Acc: 99.53% | Val Loss: 0.7504 Acc: 93.33% | LR: 0.000002
2025-07-23 09:48:00,970 - INFO - Epoch 187/300 | Train Loss: 0.0122 Acc: 99.74% | Val Loss: 0.7360 Acc: 93.33% | LR: 0.000002
2025-07-23 09:48:02,563 - INFO - Epoch 188/300 | Train Loss: 0.0056 Acc: 99.95% | Val Loss: 0.7992 Acc: 93.33% | LR: 0.000002
2025-07-23 09:48:04,159 - INFO - Epoch 189/300 | Train Loss: 0.0019 Acc: 100.00% | Val Loss: 0.7785 Acc: 93.33% | LR: 0.000002
2025-07-23 09:48:05,799 - INFO - Epoch 190/300 | Train Loss: 0.0130 Acc: 99.74% | Val Loss: 0.8183 Acc: 93.33% | LR: 0.000002
2025-07-23 09:48:07,690 - INFO - Epoch 191/300 | Train Loss: 0.0280 Acc: 99.58% | Val Loss: 0.7813 Acc: 93.33% | LR: 0.000002
2025-07-23 09:48:09,551 - INFO - Epoch 192/300 | Train Loss: 0.0116 Acc: 99.79% | Val Loss: 0.7845 Acc: 93.33% | LR: 0.000002
2025-07-23 09:48:11,433 - INFO - Epoch 193/300 | Train Loss: 0.0046 Acc: 99.90% | Val Loss: 0.7936 Acc: 93.33% | LR: 0.000002
2025-07-23 09:48:13,354 - INFO - Epoch 194/300 | Train Loss: 0.0168 Acc: 99.64% | Val Loss: 0.8042 Acc: 93.33% | LR: 0.000002
2025-07-23 09:48:15,258 - INFO - Epoch 195/300 | Train Loss: 0.0017 Acc: 100.00% | Val Loss: 0.7711 Acc: 93.33% | LR: 0.000002
2025-07-23 09:48:17,155 - INFO - Epoch 196/300 | Train Loss: 0.0164 Acc: 99.74% | Val Loss: 0.7602 Acc: 93.33% | LR: 0.000002
2025-07-23 09:48:19,060 - INFO - Epoch 197/300 | Train Loss: 0.0134 Acc: 99.79% | Val Loss: 0.7515 Acc: 93.33% | LR: 0.000002
2025-07-23 09:48:20,954 - INFO - Epoch 198/300 | Train Loss: 0.0107 Acc: 99.84% | Val Loss: 0.8129 Acc: 93.33% | LR: 0.000002
2025-07-23 09:48:22,859 - INFO - Epoch 199/300 | Train Loss: 0.0237 Acc: 99.79% | Val Loss: 0.8089 Acc: 93.33% | LR: 0.000002
2025-07-23 09:48:24,765 - INFO - Epoch 200/300 | Train Loss: 0.0122 Acc: 99.69% | Val Loss: 0.7795 Acc: 93.33% | LR: 0.000001
2025-07-23 09:48:26,675 - INFO - Epoch 201/300 | Train Loss: 0.0076 Acc: 99.95% | Val Loss: 0.7768 Acc: 93.33% | LR: 0.000001
2025-07-23 09:48:28,470 - INFO - Epoch 202/300 | Train Loss: 0.0182 Acc: 99.74% | Val Loss: 0.7696 Acc: 93.33% | LR: 0.000001
2025-07-23 09:48:30,308 - INFO - Epoch 203/300 | Train Loss: 0.0097 Acc: 99.84% | Val Loss: 0.8105 Acc: 93.33% | LR: 0.000001
2025-07-23 09:48:32,199 - INFO - Epoch 204/300 | Train Loss: 0.0041 Acc: 99.95% | Val Loss: 0.8154 Acc: 93.33% | LR: 0.000001
2025-07-23 09:48:32,199 - INFO - Early stopping triggered after 204 epochs
2025-07-23 09:48:32,199 - INFO - Training completed. Best validation accuracy: 96.67% (Train: 99.79%)
2025-07-23 09:48:32,199 - INFO - 
2025-07-23 09:48:32,199 - INFO - Generating training visualizations...
2025-07-23 09:48:32,199 - INFO - Loading best model from: outputs/models/best_hgc_lstm.pth
2025-07-23 09:48:32,726 - INFO - Training curves saved to: training_plots/training_curves.png
2025-07-23 09:48:45,551 - INFO - 
2025-07-23 09:48:45,551 - INFO - 📊 TRAINING SUMMARY:
2025-07-23 09:48:45,552 - INFO -    Best Validation Accuracy: 96.67% (Epoch 104)
2025-07-23 09:48:45,552 - INFO -    Final Training Accuracy: 99.95%
2025-07-23 09:48:45,552 - INFO -  Analyzing model performance on validation set...
2025-07-23 09:48:46,034 - INFO - Confusion matrix saved to: training_plots/confusion_matrix.png
2025-07-23 09:48:48,724 - INFO - 
2025-07-23 09:48:48,724 - INFO - ============================================================
2025-07-23 09:48:48,724 - INFO - CLASSIFICATION REPORT
2025-07-23 09:48:48,724 - INFO - ============================================================
2025-07-23 09:48:48,728 - INFO -               precision    recall  f1-score   support
2025-07-23 09:48:48,728 - INFO - 
2025-07-23 09:48:48,728 - INFO -      Class_1       1.00      0.75      0.86         4
2025-07-23 09:48:48,728 - INFO -      Class_2       1.00      1.00      1.00         4
2025-07-23 09:48:48,729 - INFO -      Class_3       1.00      1.00      1.00         4
2025-07-23 09:48:48,729 - INFO -      Class_4       1.00      1.00      1.00         4
2025-07-23 09:48:48,729 - INFO -      Class_5       0.80      1.00      0.89         4
2025-07-23 09:48:48,729 - INFO -      Class_6       1.00      1.00      1.00         4
2025-07-23 09:48:48,729 - INFO -      Class_7       1.00      1.00      1.00         4
2025-07-23 09:48:48,729 - INFO -      Class_8       1.00      1.00      1.00         4
2025-07-23 09:48:48,729 - INFO -      Class_9       1.00      0.75      0.86         4
2025-07-23 09:48:48,729 - INFO -     Class_10       1.00      1.00      1.00         4
2025-07-23 09:48:48,729 - INFO -     Class_11       1.00      1.00      1.00         4
2025-07-23 09:48:48,729 - INFO -     Class_12       0.80      1.00      0.89         4
2025-07-23 09:48:48,729 - INFO -     Class_13       1.00      1.00      1.00         4
2025-07-23 09:48:48,729 - INFO -     Class_14       1.00      1.00      1.00         4
2025-07-23 09:48:48,729 - INFO -     Class_15       1.00      1.00      1.00         4
2025-07-23 09:48:48,729 - INFO - 
2025-07-23 09:48:48,729 - INFO -     accuracy                           0.97        60
2025-07-23 09:48:48,729 - INFO -    macro avg       0.97      0.97      0.97        60
2025-07-23 09:48:48,729 - INFO - weighted avg       0.97      0.97      0.97        60
2025-07-23 09:48:48,729 - INFO - 
2025-07-23 09:48:48,729 - INFO - ================================================================================
2025-07-23 09:48:48,729 - INFO - 🎉 TRAINING COMPLETED SUCCESSFULLY!
2025-07-23 09:48:48,730 - INFO - ================================================================================
2025-07-23 09:48:48,730 - INFO - 🏆 Best validation accuracy: 96.67%
2025-07-23 09:48:48,730 - INFO - 💾 Model saved to: outputs/models/best_hgc_lstm.pth
2025-07-23 09:48:48,730 - INFO - 📊 Plots saved to: outputs/plots
2025-07-23 09:48:48,730 - INFO - 📝 Training log saved to: /home/na/VSLR/outputs/logs/training_20250723_094300.log
2025-07-23 09:48:48,730 - INFO - 📅 End time: 2025-07-23 09:48:48
2025-07-23 09:48:48,730 - INFO - ================================================================================
