2025-07-23 08:25:15,063 - INFO - ================================================================================
2025-07-23 08:25:15,063 - INFO - 🚀 VSLR Training Started
2025-07-23 08:25:15,063 - INFO - ================================================================================
2025-07-23 08:25:15,063 - INFO - 📝 Log file: /home/na/VSLR/outputs/logs/training_20250723_082515.log
2025-07-23 08:25:15,063 - INFO - 📅 Start time: 2025-07-23 08:25:15
2025-07-23 08:25:15,118 - INFO - Using device: cuda
2025-07-23 08:25:15,118 - INFO - Configuration loaded
2025-07-23 08:25:15,118 - INFO - Loading labels...
2025-07-23 08:25:15,123 - INFO -  15 classes: [1, 2, 3, 4, 5, 6, 7, 8, 9, 10, 11, 12, 13, 14, 15]
2025-07-23 08:25:15,123 - INFO -  300 videos
2025-07-23 08:25:15,123 - INFO - 
2025-07-23 08:25:15,123 - INFO -  Creating datasets...
2025-07-23 08:25:15,123 - INFO - Configuration:
2025-07-23 08:25:15,123 - INFO -    Split strategy: Stratified
2025-07-23 08:25:15,123 - INFO -    Train flip augmentation: Enabled
2025-07-23 08:25:15,123 - INFO -    Train transform augmentation: Enabled
2025-07-23 08:25:15,123 - INFO -    Translation range: ±0.1
2025-07-23 08:25:15,123 - INFO -    Scale range: ±0.1
2025-07-23 08:25:15,123 - INFO -    Val augmentation: Disabled (for fair evaluation)
2025-07-23 08:25:15,124 - INFO -  Using stratified split strategy
2025-07-23 08:25:15,124 - INFO -  TRAIN dataset: 240 original files
2025-07-23 08:25:15,124 - INFO -  Augmentation enabled: 960 total samples (x4)
2025-07-23 08:25:15,124 - INFO -   - Flip augmentation: ✓
2025-07-23 08:25:15,124 - INFO -   - Transform augmentation: ✓
2025-07-23 08:25:15,124 - INFO -  TRAIN class distribution:
2025-07-23 08:25:15,124 - INFO -   Class 1: 16 samples
2025-07-23 08:25:15,124 - INFO -   Class 2: 16 samples
2025-07-23 08:25:15,124 - INFO -   Class 3: 16 samples
2025-07-23 08:25:15,124 - INFO -   Class 4: 16 samples
2025-07-23 08:25:15,124 - INFO -   Class 5: 16 samples
2025-07-23 08:25:15,124 - INFO -   Class 6: 16 samples
2025-07-23 08:25:15,124 - INFO -   Class 7: 16 samples
2025-07-23 08:25:15,124 - INFO -   Class 8: 16 samples
2025-07-23 08:25:15,124 - INFO -   Class 9: 16 samples
2025-07-23 08:25:15,124 - INFO -   Class 10: 16 samples
2025-07-23 08:25:15,124 - INFO -   Class 11: 16 samples
2025-07-23 08:25:15,124 - INFO -   Class 12: 16 samples
2025-07-23 08:25:15,124 - INFO -   Class 13: 16 samples
2025-07-23 08:25:15,124 - INFO -   Class 14: 16 samples
2025-07-23 08:25:15,125 - INFO -   Class 15: 16 samples
2025-07-23 08:25:15,125 - INFO -  ✓ Balanced: 16 samples per class
2025-07-23 08:25:15,125 - INFO -  Using stratified split strategy
2025-07-23 08:25:15,125 - INFO -  VAL dataset: 60 original files
2025-07-23 08:25:15,125 - INFO -  VAL class distribution:
2025-07-23 08:25:15,125 - INFO -   Class 1: 4 samples
2025-07-23 08:25:15,125 - INFO -   Class 2: 4 samples
2025-07-23 08:25:15,125 - INFO -   Class 3: 4 samples
2025-07-23 08:25:15,125 - INFO -   Class 4: 4 samples
2025-07-23 08:25:15,125 - INFO -   Class 5: 4 samples
2025-07-23 08:25:15,125 - INFO -   Class 6: 4 samples
2025-07-23 08:25:15,125 - INFO -   Class 7: 4 samples
2025-07-23 08:25:15,125 - INFO -   Class 8: 4 samples
2025-07-23 08:25:15,125 - INFO -   Class 9: 4 samples
2025-07-23 08:25:15,125 - INFO -   Class 10: 4 samples
2025-07-23 08:25:15,125 - INFO -   Class 11: 4 samples
2025-07-23 08:25:15,126 - INFO -   Class 12: 4 samples
2025-07-23 08:25:15,126 - INFO -   Class 13: 4 samples
2025-07-23 08:25:15,126 - INFO -   Class 14: 4 samples
2025-07-23 08:25:15,126 - INFO -   Class 15: 4 samples
2025-07-23 08:25:15,126 - INFO -  ✓ Balanced: 4 samples per class
2025-07-23 08:25:15,126 - INFO - 
2025-07-23 08:25:15,126 - INFO - Dataset summary:
2025-07-23 08:25:15,126 - INFO -   Total classes: 15
2025-07-23 08:25:15,126 - INFO -   Train samples: 960
2025-07-23 08:25:15,126 - INFO -   Val samples: 60
2025-07-23 08:25:15,126 - INFO -   Strategy: Stratified split
2025-07-23 08:25:15,126 - INFO - 
2025-07-23 08:25:15,126 - INFO - Creating data loaders...
2025-07-23 08:25:15,126 - INFO -  Train batches: 120
2025-07-23 08:25:15,126 - INFO -  Valid batches: 8
2025-07-23 08:25:15,126 - INFO -  Batch size: 8
2025-07-23 08:25:15,126 - INFO -  Data Augmentation (Flip + Transform): 240 original → 960 total samples
2025-07-23 08:25:15,156 - INFO -  Sample keypoints shape: torch.Size([8, 60, 75, 2])
2025-07-23 08:25:15,157 - INFO -  Sample labels shape: torch.Size([8])
2025-07-23 08:25:15,157 - INFO - 
2025-07-23 08:25:15,157 - INFO - Creating adjacency matrix...
2025-07-23 08:25:15,175 - INFO -  Adjacency matrix shape: torch.Size([75, 75])
2025-07-23 08:25:15,175 - INFO -  Number of vertices: 75
2025-07-23 08:25:15,175 - INFO - 
2025-07-23 08:25:15,175 - INFO - Creating model...
2025-07-23 08:25:15,450 - INFO - Model created with 285584 parameters
2025-07-23 08:25:15,451 - INFO - Model configuration:
2025-07-23 08:25:15,451 - INFO -   - GCN layers: 2
2025-07-23 08:25:15,451 - INFO -   - GCN hidden dim: 128
2025-07-23 08:25:15,451 - INFO -   - LSTM hidden dim: 128
2025-07-23 08:25:15,451 - INFO -   - LSTM layers: 1
2025-07-23 08:25:15,451 - INFO -   - Bidirectional: True
2025-07-23 08:25:15,451 - INFO -   - Dropout: 0.5
2025-07-23 08:25:15,451 - INFO -   - Pooling type: attention
2025-07-23 08:25:15,451 - INFO -   - Sequence length: 60
2025-07-23 08:25:15,451 - INFO -   - Number of vertices: 75
2025-07-23 08:25:15,451 - INFO -   - Using Attention Pooling with dropout: 0.5
2025-07-23 08:25:15,451 - INFO -   - Attention weights can be visualized after forward pass
2025-07-23 08:25:15,451 - INFO - 
2025-07-23 08:25:15,451 - INFO - Starting training...
2025-07-23 08:25:15,451 - INFO -  Training configuration:
2025-07-23 08:25:15,451 - INFO -   - Epochs: 300
2025-07-23 08:25:15,451 - INFO -   - Batch size: 8
2025-07-23 08:25:15,451 - INFO -   - Learning rate: 0.001
2025-07-23 08:25:15,451 - INFO -   - Optimizer: adam
2025-07-23 08:25:15,452 - INFO -   - Scheduler: step
2025-07-23 08:25:15,452 - INFO -   - Early stopping patience: 100
2025-07-23 08:25:17,898 - INFO - Epoch 001/300 | Train Loss: 2.7343 Acc: 05.31% | Val Loss: 2.7179 Acc: 06.67% | LR: 0.001000
2025-07-23 08:25:18,728 - INFO - Epoch 002/300 | Train Loss: 2.7162 Acc: 06.98% | Val Loss: 2.7150 Acc: 11.67% | LR: 0.001000
2025-07-23 08:25:19,564 - INFO - Epoch 003/300 | Train Loss: 2.7139 Acc: 07.29% | Val Loss: 2.7134 Acc: 11.67% | LR: 0.001000
2025-07-23 08:25:20,392 - INFO - Epoch 004/300 | Train Loss: 2.7077 Acc: 07.40% | Val Loss: 2.7147 Acc: 06.67% | LR: 0.001000
2025-07-23 08:25:21,227 - INFO - Epoch 005/300 | Train Loss: 2.7096 Acc: 07.08% | Val Loss: 2.7106 Acc: 10.00% | LR: 0.001000
2025-07-23 08:25:22,083 - INFO - Epoch 006/300 | Train Loss: 2.6981 Acc: 07.19% | Val Loss: 2.7175 Acc: 10.00% | LR: 0.001000
2025-07-23 08:25:22,959 - INFO - Epoch 007/300 | Train Loss: 2.7025 Acc: 08.33% | Val Loss: 2.7148 Acc: 10.00% | LR: 0.001000
2025-07-23 08:25:23,822 - INFO - Epoch 008/300 | Train Loss: 2.6827 Acc: 10.94% | Val Loss: 2.7058 Acc: 15.00% | LR: 0.001000
2025-07-23 08:25:24,675 - INFO - Epoch 009/300 | Train Loss: 2.6221 Acc: 10.52% | Val Loss: 2.5064 Acc: 11.67% | LR: 0.001000
2025-07-23 08:25:25,574 - INFO - Epoch 010/300 | Train Loss: 2.5312 Acc: 12.71% | Val Loss: 2.4374 Acc: 15.00% | LR: 0.001000
2025-07-23 08:25:26,466 - INFO - Epoch 011/300 | Train Loss: 2.3407 Acc: 19.06% | Val Loss: 2.2306 Acc: 20.00% | LR: 0.001000
2025-07-23 08:25:27,337 - INFO - Epoch 012/300 | Train Loss: 2.3203 Acc: 18.96% | Val Loss: 2.2024 Acc: 16.67% | LR: 0.001000
2025-07-23 08:25:28,192 - INFO - Epoch 013/300 | Train Loss: 2.2536 Acc: 19.27% | Val Loss: 2.0870 Acc: 25.00% | LR: 0.001000
2025-07-23 08:25:29,038 - INFO - Epoch 014/300 | Train Loss: 2.1829 Acc: 20.00% | Val Loss: 2.0573 Acc: 30.00% | LR: 0.001000
2025-07-23 08:25:29,890 - INFO - Epoch 015/300 | Train Loss: 2.1224 Acc: 25.73% | Val Loss: 2.0396 Acc: 30.00% | LR: 0.001000
2025-07-23 08:25:30,743 - INFO - Epoch 016/300 | Train Loss: 2.0967 Acc: 26.15% | Val Loss: 2.0271 Acc: 23.33% | LR: 0.001000
2025-07-23 08:25:31,586 - INFO - Epoch 017/300 | Train Loss: 2.0391 Acc: 25.52% | Val Loss: 1.8273 Acc: 38.33% | LR: 0.001000
2025-07-23 08:25:32,423 - INFO - Epoch 018/300 | Train Loss: 1.9793 Acc: 30.31% | Val Loss: 1.7572 Acc: 38.33% | LR: 0.001000
2025-07-23 08:25:33,247 - INFO - Epoch 019/300 | Train Loss: 2.0019 Acc: 31.25% | Val Loss: 1.7334 Acc: 36.67% | LR: 0.001000
2025-07-23 08:25:34,080 - INFO - Epoch 020/300 | Train Loss: 1.8390 Acc: 35.62% | Val Loss: 1.7524 Acc: 33.33% | LR: 0.000500
2025-07-23 08:25:34,909 - INFO - Epoch 021/300 | Train Loss: 1.7083 Acc: 39.17% | Val Loss: 1.5176 Acc: 41.67% | LR: 0.000500
2025-07-23 08:25:35,765 - INFO - Epoch 022/300 | Train Loss: 1.6100 Acc: 42.40% | Val Loss: 1.4585 Acc: 43.33% | LR: 0.000500
2025-07-23 08:25:36,596 - INFO - Epoch 023/300 | Train Loss: 1.5906 Acc: 43.33% | Val Loss: 1.3425 Acc: 50.00% | LR: 0.000500
2025-07-23 08:25:37,432 - INFO - Epoch 024/300 | Train Loss: 1.5535 Acc: 44.38% | Val Loss: 1.3381 Acc: 53.33% | LR: 0.000500
2025-07-23 08:25:38,245 - INFO - Epoch 025/300 | Train Loss: 1.4227 Acc: 51.04% | Val Loss: 1.0375 Acc: 60.00% | LR: 0.000500
2025-07-23 08:25:39,049 - INFO - Epoch 026/300 | Train Loss: 1.4102 Acc: 50.31% | Val Loss: 1.1212 Acc: 58.33% | LR: 0.000500
2025-07-23 08:25:39,867 - INFO - Epoch 027/300 | Train Loss: 1.3763 Acc: 54.38% | Val Loss: 1.1325 Acc: 56.67% | LR: 0.000500
2025-07-23 08:25:40,680 - INFO - Epoch 028/300 | Train Loss: 1.3344 Acc: 51.46% | Val Loss: 1.1174 Acc: 51.67% | LR: 0.000500
2025-07-23 08:25:41,501 - INFO - Epoch 029/300 | Train Loss: 1.2769 Acc: 56.67% | Val Loss: 0.9408 Acc: 60.00% | LR: 0.000500
2025-07-23 08:25:42,318 - INFO - Epoch 030/300 | Train Loss: 1.1733 Acc: 58.54% | Val Loss: 0.9265 Acc: 66.67% | LR: 0.000500
2025-07-23 08:25:43,145 - INFO - Epoch 031/300 | Train Loss: 1.2068 Acc: 58.44% | Val Loss: 0.8979 Acc: 75.00% | LR: 0.000500
2025-07-23 08:25:43,989 - INFO - Epoch 032/300 | Train Loss: 1.1073 Acc: 61.98% | Val Loss: 0.7621 Acc: 73.33% | LR: 0.000500
2025-07-23 08:25:44,814 - INFO - Epoch 033/300 | Train Loss: 1.1313 Acc: 60.62% | Val Loss: 0.6986 Acc: 73.33% | LR: 0.000500
2025-07-23 08:25:45,628 - INFO - Epoch 034/300 | Train Loss: 1.0477 Acc: 65.31% | Val Loss: 0.7197 Acc: 78.33% | LR: 0.000500
2025-07-23 08:25:46,449 - INFO - Epoch 035/300 | Train Loss: 1.0295 Acc: 63.75% | Val Loss: 0.7433 Acc: 71.67% | LR: 0.000500
2025-07-23 08:25:47,275 - INFO - Epoch 036/300 | Train Loss: 1.0209 Acc: 64.27% | Val Loss: 0.7088 Acc: 73.33% | LR: 0.000500
2025-07-23 08:25:48,203 - INFO - Epoch 037/300 | Train Loss: 1.0230 Acc: 63.75% | Val Loss: 0.6967 Acc: 73.33% | LR: 0.000500
2025-07-23 08:25:49,234 - INFO - Epoch 038/300 | Train Loss: 0.9966 Acc: 64.06% | Val Loss: 0.7110 Acc: 75.00% | LR: 0.000500
2025-07-23 08:25:50,285 - INFO - Epoch 039/300 | Train Loss: 0.9319 Acc: 66.77% | Val Loss: 0.7297 Acc: 75.00% | LR: 0.000500
2025-07-23 08:25:51,325 - INFO - Epoch 040/300 | Train Loss: 0.9296 Acc: 65.83% | Val Loss: 0.6918 Acc: 73.33% | LR: 0.000250
2025-07-23 08:25:52,363 - INFO - Epoch 041/300 | Train Loss: 0.8292 Acc: 71.04% | Val Loss: 0.5791 Acc: 83.33% | LR: 0.000250
2025-07-23 08:25:53,433 - INFO - Epoch 042/300 | Train Loss: 0.7946 Acc: 73.12% | Val Loss: 0.5818 Acc: 85.00% | LR: 0.000250
2025-07-23 08:25:54,328 - INFO - Epoch 043/300 | Train Loss: 0.7595 Acc: 75.52% | Val Loss: 0.5266 Acc: 88.33% | LR: 0.000250
2025-07-23 08:25:55,225 - INFO - Epoch 044/300 | Train Loss: 0.7630 Acc: 75.21% | Val Loss: 0.5386 Acc: 83.33% | LR: 0.000250
2025-07-23 08:25:56,062 - INFO - Epoch 045/300 | Train Loss: 0.7212 Acc: 74.79% | Val Loss: 0.5402 Acc: 81.67% | LR: 0.000250
2025-07-23 08:25:56,894 - INFO - Epoch 046/300 | Train Loss: 0.7423 Acc: 74.06% | Val Loss: 0.5238 Acc: 85.00% | LR: 0.000250
2025-07-23 08:25:57,732 - INFO - Epoch 047/300 | Train Loss: 0.6984 Acc: 75.10% | Val Loss: 0.5056 Acc: 88.33% | LR: 0.000250
2025-07-23 08:25:58,573 - INFO - Epoch 048/300 | Train Loss: 0.6802 Acc: 76.46% | Val Loss: 0.4873 Acc: 88.33% | LR: 0.000250
2025-07-23 08:25:59,405 - INFO - Epoch 049/300 | Train Loss: 0.6431 Acc: 77.40% | Val Loss: 0.4678 Acc: 86.67% | LR: 0.000250
2025-07-23 08:26:00,241 - INFO - Epoch 050/300 | Train Loss: 0.6413 Acc: 78.85% | Val Loss: 0.4583 Acc: 88.33% | LR: 0.000250
2025-07-23 08:26:01,090 - INFO - Epoch 051/300 | Train Loss: 0.6034 Acc: 78.44% | Val Loss: 0.4409 Acc: 88.33% | LR: 0.000250
2025-07-23 08:26:01,953 - INFO - Epoch 052/300 | Train Loss: 0.6377 Acc: 77.50% | Val Loss: 0.4740 Acc: 88.33% | LR: 0.000250
2025-07-23 08:26:02,996 - INFO - Epoch 053/300 | Train Loss: 0.6348 Acc: 77.71% | Val Loss: 0.4478 Acc: 88.33% | LR: 0.000250
2025-07-23 08:26:03,869 - INFO - Epoch 054/300 | Train Loss: 0.5574 Acc: 82.92% | Val Loss: 0.4182 Acc: 91.67% | LR: 0.000250
2025-07-23 08:26:04,725 - INFO - Epoch 055/300 | Train Loss: 0.6015 Acc: 79.27% | Val Loss: 0.4276 Acc: 86.67% | LR: 0.000250
2025-07-23 08:26:05,559 - INFO - Epoch 056/300 | Train Loss: 0.5740 Acc: 81.77% | Val Loss: 0.3830 Acc: 90.00% | LR: 0.000250
2025-07-23 08:26:06,379 - INFO - Epoch 057/300 | Train Loss: 0.5693 Acc: 81.46% | Val Loss: 0.3973 Acc: 88.33% | LR: 0.000250
2025-07-23 08:26:07,203 - INFO - Epoch 058/300 | Train Loss: 0.5078 Acc: 83.33% | Val Loss: 0.4613 Acc: 88.33% | LR: 0.000250
2025-07-23 08:26:08,026 - INFO - Epoch 059/300 | Train Loss: 0.5594 Acc: 83.23% | Val Loss: 0.4446 Acc: 86.67% | LR: 0.000250
2025-07-23 08:26:08,846 - INFO - Epoch 060/300 | Train Loss: 0.5350 Acc: 83.23% | Val Loss: 0.4672 Acc: 88.33% | LR: 0.000125
2025-07-23 08:26:09,669 - INFO - Epoch 061/300 | Train Loss: 0.4607 Acc: 85.73% | Val Loss: 0.4077 Acc: 88.33% | LR: 0.000125
2025-07-23 08:26:10,492 - INFO - Epoch 062/300 | Train Loss: 0.4347 Acc: 86.67% | Val Loss: 0.3919 Acc: 90.00% | LR: 0.000125
2025-07-23 08:26:11,312 - INFO - Epoch 063/300 | Train Loss: 0.4290 Acc: 86.04% | Val Loss: 0.4185 Acc: 90.00% | LR: 0.000125
2025-07-23 08:26:12,153 - INFO - Epoch 064/300 | Train Loss: 0.4329 Acc: 86.98% | Val Loss: 0.4385 Acc: 90.00% | LR: 0.000125
2025-07-23 08:26:12,991 - INFO - Epoch 065/300 | Train Loss: 0.4058 Acc: 87.40% | Val Loss: 0.3991 Acc: 90.00% | LR: 0.000125
2025-07-23 08:26:13,826 - INFO - Epoch 066/300 | Train Loss: 0.3815 Acc: 87.29% | Val Loss: 0.3829 Acc: 90.00% | LR: 0.000125
2025-07-23 08:26:14,669 - INFO - Epoch 067/300 | Train Loss: 0.3805 Acc: 88.44% | Val Loss: 0.4079 Acc: 90.00% | LR: 0.000125
2025-07-23 08:26:15,531 - INFO - Epoch 068/300 | Train Loss: 0.3888 Acc: 87.92% | Val Loss: 0.4403 Acc: 88.33% | LR: 0.000125
2025-07-23 08:26:16,380 - INFO - Epoch 069/300 | Train Loss: 0.3534 Acc: 89.58% | Val Loss: 0.3726 Acc: 90.00% | LR: 0.000125
2025-07-23 08:26:17,254 - INFO - Epoch 070/300 | Train Loss: 0.3772 Acc: 87.92% | Val Loss: 0.4086 Acc: 90.00% | LR: 0.000125
2025-07-23 08:26:18,100 - INFO - Epoch 071/300 | Train Loss: 0.3797 Acc: 88.75% | Val Loss: 0.4661 Acc: 88.33% | LR: 0.000125
2025-07-23 08:26:18,986 - INFO - Epoch 072/300 | Train Loss: 0.3849 Acc: 88.44% | Val Loss: 0.4246 Acc: 90.00% | LR: 0.000125
2025-07-23 08:26:19,875 - INFO - Epoch 073/300 | Train Loss: 0.3775 Acc: 89.38% | Val Loss: 0.3770 Acc: 90.00% | LR: 0.000125
2025-07-23 08:26:20,730 - INFO - Epoch 074/300 | Train Loss: 0.3294 Acc: 89.27% | Val Loss: 0.3675 Acc: 91.67% | LR: 0.000125
2025-07-23 08:26:21,572 - INFO - Epoch 075/300 | Train Loss: 0.3730 Acc: 89.38% | Val Loss: 0.3742 Acc: 91.67% | LR: 0.000125
2025-07-23 08:26:22,410 - INFO - Epoch 076/300 | Train Loss: 0.3543 Acc: 89.38% | Val Loss: 0.3166 Acc: 90.00% | LR: 0.000125
2025-07-23 08:26:23,241 - INFO - Epoch 077/300 | Train Loss: 0.3396 Acc: 90.00% | Val Loss: 0.3651 Acc: 91.67% | LR: 0.000125
2025-07-23 08:26:24,069 - INFO - Epoch 078/300 | Train Loss: 0.3781 Acc: 88.54% | Val Loss: 0.3653 Acc: 91.67% | LR: 0.000125
2025-07-23 08:26:24,903 - INFO - Epoch 079/300 | Train Loss: 0.3525 Acc: 88.96% | Val Loss: 0.3780 Acc: 91.67% | LR: 0.000125
2025-07-23 08:26:25,745 - INFO - Epoch 080/300 | Train Loss: 0.3302 Acc: 90.00% | Val Loss: 0.3576 Acc: 93.33% | LR: 0.000063
2025-07-23 08:26:26,567 - INFO - Epoch 081/300 | Train Loss: 0.3001 Acc: 91.88% | Val Loss: 0.3702 Acc: 91.67% | LR: 0.000063
2025-07-23 08:26:27,399 - INFO - Epoch 082/300 | Train Loss: 0.2997 Acc: 90.31% | Val Loss: 0.3462 Acc: 91.67% | LR: 0.000063
2025-07-23 08:26:28,235 - INFO - Epoch 083/300 | Train Loss: 0.2765 Acc: 91.88% | Val Loss: 0.3740 Acc: 91.67% | LR: 0.000063
2025-07-23 08:26:29,125 - INFO - Epoch 084/300 | Train Loss: 0.3011 Acc: 90.52% | Val Loss: 0.3482 Acc: 91.67% | LR: 0.000063
2025-07-23 08:26:29,989 - INFO - Epoch 085/300 | Train Loss: 0.2517 Acc: 92.92% | Val Loss: 0.3794 Acc: 91.67% | LR: 0.000063
2025-07-23 08:26:30,933 - INFO - Epoch 086/300 | Train Loss: 0.2437 Acc: 92.81% | Val Loss: 0.3967 Acc: 91.67% | LR: 0.000063
2025-07-23 08:26:31,860 - INFO - Epoch 087/300 | Train Loss: 0.2385 Acc: 93.65% | Val Loss: 0.3839 Acc: 91.67% | LR: 0.000063
2025-07-23 08:26:32,817 - INFO - Epoch 088/300 | Train Loss: 0.2768 Acc: 91.77% | Val Loss: 0.4064 Acc: 91.67% | LR: 0.000063
2025-07-23 08:26:33,751 - INFO - Epoch 089/300 | Train Loss: 0.2319 Acc: 93.96% | Val Loss: 0.3536 Acc: 93.33% | LR: 0.000063
2025-07-23 08:26:34,688 - INFO - Epoch 090/300 | Train Loss: 0.2733 Acc: 92.40% | Val Loss: 0.3583 Acc: 91.67% | LR: 0.000063
2025-07-23 08:26:35,582 - INFO - Epoch 091/300 | Train Loss: 0.2668 Acc: 93.23% | Val Loss: 0.3520 Acc: 91.67% | LR: 0.000063
2025-07-23 08:26:36,464 - INFO - Epoch 092/300 | Train Loss: 0.2072 Acc: 93.96% | Val Loss: 0.3723 Acc: 91.67% | LR: 0.000063
2025-07-23 08:26:37,357 - INFO - Epoch 093/300 | Train Loss: 0.2427 Acc: 92.50% | Val Loss: 0.3407 Acc: 93.33% | LR: 0.000063
2025-07-23 08:26:38,200 - INFO - Epoch 094/300 | Train Loss: 0.2264 Acc: 93.44% | Val Loss: 0.3811 Acc: 91.67% | LR: 0.000063
2025-07-23 08:26:39,042 - INFO - Epoch 095/300 | Train Loss: 0.2463 Acc: 93.12% | Val Loss: 0.4179 Acc: 91.67% | LR: 0.000063
2025-07-23 08:26:39,932 - INFO - Epoch 096/300 | Train Loss: 0.2812 Acc: 92.08% | Val Loss: 0.3848 Acc: 91.67% | LR: 0.000063
2025-07-23 08:26:40,805 - INFO - Epoch 097/300 | Train Loss: 0.2486 Acc: 92.71% | Val Loss: 0.4011 Acc: 91.67% | LR: 0.000063
2025-07-23 08:26:41,707 - INFO - Epoch 098/300 | Train Loss: 0.2664 Acc: 92.81% | Val Loss: 0.3927 Acc: 91.67% | LR: 0.000063
2025-07-23 08:26:42,553 - INFO - Epoch 099/300 | Train Loss: 0.2326 Acc: 93.85% | Val Loss: 0.4070 Acc: 91.67% | LR: 0.000063
2025-07-23 08:26:43,390 - INFO - Epoch 100/300 | Train Loss: 0.2233 Acc: 94.17% | Val Loss: 0.4037 Acc: 91.67% | LR: 0.000031
2025-07-23 08:26:44,225 - INFO - Epoch 101/300 | Train Loss: 0.2393 Acc: 93.54% | Val Loss: 0.3556 Acc: 91.67% | LR: 0.000031
2025-07-23 08:26:45,062 - INFO - Epoch 102/300 | Train Loss: 0.1833 Acc: 95.00% | Val Loss: 0.3665 Acc: 91.67% | LR: 0.000031
2025-07-23 08:26:45,895 - INFO - Epoch 103/300 | Train Loss: 0.1845 Acc: 94.69% | Val Loss: 0.3504 Acc: 91.67% | LR: 0.000031
2025-07-23 08:26:46,746 - INFO - Epoch 104/300 | Train Loss: 0.2126 Acc: 94.38% | Val Loss: 0.3443 Acc: 91.67% | LR: 0.000031
2025-07-23 08:26:47,582 - INFO - Epoch 105/300 | Train Loss: 0.2052 Acc: 94.38% | Val Loss: 0.3673 Acc: 91.67% | LR: 0.000031
2025-07-23 08:26:48,412 - INFO - Epoch 106/300 | Train Loss: 0.1859 Acc: 95.21% | Val Loss: 0.3542 Acc: 91.67% | LR: 0.000031
2025-07-23 08:26:49,234 - INFO - Epoch 107/300 | Train Loss: 0.2217 Acc: 94.58% | Val Loss: 0.3681 Acc: 91.67% | LR: 0.000031
2025-07-23 08:26:50,059 - INFO - Epoch 108/300 | Train Loss: 0.2035 Acc: 94.48% | Val Loss: 0.3857 Acc: 91.67% | LR: 0.000031
2025-07-23 08:26:50,878 - INFO - Epoch 109/300 | Train Loss: 0.1964 Acc: 95.31% | Val Loss: 0.3822 Acc: 91.67% | LR: 0.000031
2025-07-23 08:26:51,700 - INFO - Epoch 110/300 | Train Loss: 0.2309 Acc: 93.65% | Val Loss: 0.3598 Acc: 91.67% | LR: 0.000031
2025-07-23 08:26:52,533 - INFO - Epoch 111/300 | Train Loss: 0.2291 Acc: 92.71% | Val Loss: 0.3422 Acc: 91.67% | LR: 0.000031
2025-07-23 08:26:53,359 - INFO - Epoch 112/300 | Train Loss: 0.2423 Acc: 93.54% | Val Loss: 0.3625 Acc: 91.67% | LR: 0.000031
2025-07-23 08:26:54,194 - INFO - Epoch 113/300 | Train Loss: 0.1943 Acc: 94.90% | Val Loss: 0.3517 Acc: 91.67% | LR: 0.000031
2025-07-23 08:26:55,026 - INFO - Epoch 114/300 | Train Loss: 0.1967 Acc: 94.58% | Val Loss: 0.3415 Acc: 91.67% | LR: 0.000031
2025-07-23 08:26:55,880 - INFO - Epoch 115/300 | Train Loss: 0.1672 Acc: 95.62% | Val Loss: 0.3585 Acc: 91.67% | LR: 0.000031
2025-07-23 08:26:56,706 - INFO - Epoch 116/300 | Train Loss: 0.1754 Acc: 95.31% | Val Loss: 0.3617 Acc: 91.67% | LR: 0.000031
2025-07-23 08:26:57,532 - INFO - Epoch 117/300 | Train Loss: 0.1807 Acc: 94.48% | Val Loss: 0.3623 Acc: 91.67% | LR: 0.000031
2025-07-23 08:26:58,361 - INFO - Epoch 118/300 | Train Loss: 0.1909 Acc: 95.42% | Val Loss: 0.3602 Acc: 91.67% | LR: 0.000031
2025-07-23 08:26:59,192 - INFO - Epoch 119/300 | Train Loss: 0.1761 Acc: 94.90% | Val Loss: 0.3647 Acc: 91.67% | LR: 0.000031
2025-07-23 08:27:00,031 - INFO - Epoch 120/300 | Train Loss: 0.1931 Acc: 94.90% | Val Loss: 0.3670 Acc: 91.67% | LR: 0.000016
2025-07-23 08:27:00,886 - INFO - Epoch 121/300 | Train Loss: 0.2361 Acc: 94.58% | Val Loss: 0.3663 Acc: 91.67% | LR: 0.000016
2025-07-23 08:27:01,773 - INFO - Epoch 122/300 | Train Loss: 0.2096 Acc: 94.58% | Val Loss: 0.3734 Acc: 91.67% | LR: 0.000016
2025-07-23 08:27:02,674 - INFO - Epoch 123/300 | Train Loss: 0.1743 Acc: 95.21% | Val Loss: 0.3574 Acc: 91.67% | LR: 0.000016
2025-07-23 08:27:03,542 - INFO - Epoch 124/300 | Train Loss: 0.1835 Acc: 95.83% | Val Loss: 0.3786 Acc: 91.67% | LR: 0.000016
2025-07-23 08:27:04,393 - INFO - Epoch 125/300 | Train Loss: 0.1843 Acc: 95.00% | Val Loss: 0.3681 Acc: 91.67% | LR: 0.000016
2025-07-23 08:27:05,238 - INFO - Epoch 126/300 | Train Loss: 0.1649 Acc: 95.62% | Val Loss: 0.3785 Acc: 91.67% | LR: 0.000016
2025-07-23 08:27:06,105 - INFO - Epoch 127/300 | Train Loss: 0.1771 Acc: 96.04% | Val Loss: 0.3709 Acc: 91.67% | LR: 0.000016
2025-07-23 08:27:06,973 - INFO - Epoch 128/300 | Train Loss: 0.1357 Acc: 96.88% | Val Loss: 0.3790 Acc: 91.67% | LR: 0.000016
2025-07-23 08:27:07,836 - INFO - Epoch 129/300 | Train Loss: 0.2128 Acc: 94.79% | Val Loss: 0.3640 Acc: 91.67% | LR: 0.000016
2025-07-23 08:27:08,691 - INFO - Epoch 130/300 | Train Loss: 0.1505 Acc: 96.15% | Val Loss: 0.3779 Acc: 91.67% | LR: 0.000016
2025-07-23 08:27:09,550 - INFO - Epoch 131/300 | Train Loss: 0.1542 Acc: 96.88% | Val Loss: 0.3649 Acc: 91.67% | LR: 0.000016
2025-07-23 08:27:10,420 - INFO - Epoch 132/300 | Train Loss: 0.1585 Acc: 96.46% | Val Loss: 0.3804 Acc: 91.67% | LR: 0.000016
2025-07-23 08:27:11,264 - INFO - Epoch 133/300 | Train Loss: 0.2215 Acc: 94.38% | Val Loss: 0.3856 Acc: 91.67% | LR: 0.000016
2025-07-23 08:27:12,093 - INFO - Epoch 134/300 | Train Loss: 0.1693 Acc: 95.83% | Val Loss: 0.3802 Acc: 91.67% | LR: 0.000016
2025-07-23 08:27:12,918 - INFO - Epoch 135/300 | Train Loss: 0.2023 Acc: 94.27% | Val Loss: 0.3764 Acc: 91.67% | LR: 0.000016
2025-07-23 08:27:13,756 - INFO - Epoch 136/300 | Train Loss: 0.1736 Acc: 95.10% | Val Loss: 0.3834 Acc: 91.67% | LR: 0.000016
2025-07-23 08:27:14,601 - INFO - Epoch 137/300 | Train Loss: 0.1427 Acc: 96.25% | Val Loss: 0.3902 Acc: 91.67% | LR: 0.000016
2025-07-23 08:27:15,434 - INFO - Epoch 138/300 | Train Loss: 0.1871 Acc: 95.62% | Val Loss: 0.3828 Acc: 91.67% | LR: 0.000016
2025-07-23 08:27:16,264 - INFO - Epoch 139/300 | Train Loss: 0.2000 Acc: 94.90% | Val Loss: 0.3839 Acc: 91.67% | LR: 0.000016
2025-07-23 08:27:17,099 - INFO - Epoch 140/300 | Train Loss: 0.1532 Acc: 95.94% | Val Loss: 0.3789 Acc: 91.67% | LR: 0.000008
2025-07-23 08:27:17,932 - INFO - Epoch 141/300 | Train Loss: 0.1460 Acc: 96.56% | Val Loss: 0.3781 Acc: 91.67% | LR: 0.000008
2025-07-23 08:27:18,759 - INFO - Epoch 142/300 | Train Loss: 0.2121 Acc: 94.90% | Val Loss: 0.3775 Acc: 91.67% | LR: 0.000008
2025-07-23 08:27:19,601 - INFO - Epoch 143/300 | Train Loss: 0.1339 Acc: 96.35% | Val Loss: 0.3942 Acc: 91.67% | LR: 0.000008
2025-07-23 08:27:20,436 - INFO - Epoch 144/300 | Train Loss: 0.2031 Acc: 94.58% | Val Loss: 0.3920 Acc: 91.67% | LR: 0.000008
2025-07-23 08:27:21,259 - INFO - Epoch 145/300 | Train Loss: 0.1816 Acc: 95.31% | Val Loss: 0.3881 Acc: 91.67% | LR: 0.000008
2025-07-23 08:27:22,100 - INFO - Epoch 146/300 | Train Loss: 0.1658 Acc: 95.42% | Val Loss: 0.3901 Acc: 91.67% | LR: 0.000008
2025-07-23 08:27:22,959 - INFO - Epoch 147/300 | Train Loss: 0.1543 Acc: 96.15% | Val Loss: 0.4007 Acc: 91.67% | LR: 0.000008
2025-07-23 08:27:23,802 - INFO - Epoch 148/300 | Train Loss: 0.2064 Acc: 95.42% | Val Loss: 0.3858 Acc: 91.67% | LR: 0.000008
2025-07-23 08:27:24,660 - INFO - Epoch 149/300 | Train Loss: 0.1611 Acc: 95.42% | Val Loss: 0.3668 Acc: 91.67% | LR: 0.000008
2025-07-23 08:27:25,516 - INFO - Epoch 150/300 | Train Loss: 0.1336 Acc: 96.88% | Val Loss: 0.3758 Acc: 91.67% | LR: 0.000008
2025-07-23 08:27:26,353 - INFO - Epoch 151/300 | Train Loss: 0.1550 Acc: 95.73% | Val Loss: 0.3815 Acc: 91.67% | LR: 0.000008
2025-07-23 08:27:27,192 - INFO - Epoch 152/300 | Train Loss: 0.1438 Acc: 96.15% | Val Loss: 0.3931 Acc: 91.67% | LR: 0.000008
2025-07-23 08:27:28,058 - INFO - Epoch 153/300 | Train Loss: 0.1885 Acc: 95.31% | Val Loss: 0.3737 Acc: 91.67% | LR: 0.000008
2025-07-23 08:27:28,906 - INFO - Epoch 154/300 | Train Loss: 0.1734 Acc: 94.58% | Val Loss: 0.3773 Acc: 91.67% | LR: 0.000008
2025-07-23 08:27:29,751 - INFO - Epoch 155/300 | Train Loss: 0.1556 Acc: 96.15% | Val Loss: 0.3894 Acc: 91.67% | LR: 0.000008
2025-07-23 08:27:30,587 - INFO - Epoch 156/300 | Train Loss: 0.1820 Acc: 95.83% | Val Loss: 0.3925 Acc: 91.67% | LR: 0.000008
2025-07-23 08:27:31,432 - INFO - Epoch 157/300 | Train Loss: 0.1975 Acc: 95.62% | Val Loss: 0.3944 Acc: 91.67% | LR: 0.000008
2025-07-23 08:27:32,258 - INFO - Epoch 158/300 | Train Loss: 0.1732 Acc: 95.42% | Val Loss: 0.3766 Acc: 91.67% | LR: 0.000008
2025-07-23 08:27:33,092 - INFO - Epoch 159/300 | Train Loss: 0.1718 Acc: 95.10% | Val Loss: 0.3962 Acc: 91.67% | LR: 0.000008
2025-07-23 08:27:33,920 - INFO - Epoch 160/300 | Train Loss: 0.1803 Acc: 95.73% | Val Loss: 0.3870 Acc: 91.67% | LR: 0.000004
2025-07-23 08:27:34,738 - INFO - Epoch 161/300 | Train Loss: 0.1357 Acc: 96.35% | Val Loss: 0.4018 Acc: 91.67% | LR: 0.000004
2025-07-23 08:27:35,585 - INFO - Epoch 162/300 | Train Loss: 0.1501 Acc: 96.67% | Val Loss: 0.3810 Acc: 91.67% | LR: 0.000004
2025-07-23 08:27:36,439 - INFO - Epoch 163/300 | Train Loss: 0.1374 Acc: 96.56% | Val Loss: 0.3833 Acc: 91.67% | LR: 0.000004
2025-07-23 08:27:37,278 - INFO - Epoch 164/300 | Train Loss: 0.1548 Acc: 96.25% | Val Loss: 0.3943 Acc: 91.67% | LR: 0.000004
2025-07-23 08:27:38,123 - INFO - Epoch 165/300 | Train Loss: 0.1541 Acc: 96.15% | Val Loss: 0.3962 Acc: 91.67% | LR: 0.000004
2025-07-23 08:27:38,961 - INFO - Epoch 166/300 | Train Loss: 0.1938 Acc: 95.62% | Val Loss: 0.3906 Acc: 91.67% | LR: 0.000004
2025-07-23 08:27:39,834 - INFO - Epoch 167/300 | Train Loss: 0.1530 Acc: 96.56% | Val Loss: 0.3940 Acc: 91.67% | LR: 0.000004
2025-07-23 08:27:40,888 - INFO - Epoch 168/300 | Train Loss: 0.1638 Acc: 95.94% | Val Loss: 0.3831 Acc: 91.67% | LR: 0.000004
2025-07-23 08:27:41,973 - INFO - Epoch 169/300 | Train Loss: 0.1482 Acc: 95.73% | Val Loss: 0.3902 Acc: 91.67% | LR: 0.000004
2025-07-23 08:27:43,055 - INFO - Epoch 170/300 | Train Loss: 0.1535 Acc: 95.62% | Val Loss: 0.3976 Acc: 91.67% | LR: 0.000004
2025-07-23 08:27:44,105 - INFO - Epoch 171/300 | Train Loss: 0.1617 Acc: 95.94% | Val Loss: 0.3938 Acc: 91.67% | LR: 0.000004
2025-07-23 08:27:45,168 - INFO - Epoch 172/300 | Train Loss: 0.2347 Acc: 94.27% | Val Loss: 0.3945 Acc: 91.67% | LR: 0.000004
2025-07-23 08:27:46,210 - INFO - Epoch 173/300 | Train Loss: 0.1457 Acc: 96.25% | Val Loss: 0.3874 Acc: 91.67% | LR: 0.000004
2025-07-23 08:27:47,252 - INFO - Epoch 174/300 | Train Loss: 0.1800 Acc: 95.10% | Val Loss: 0.3709 Acc: 91.67% | LR: 0.000004
2025-07-23 08:27:48,293 - INFO - Epoch 175/300 | Train Loss: 0.1603 Acc: 95.73% | Val Loss: 0.3818 Acc: 91.67% | LR: 0.000004
2025-07-23 08:27:49,336 - INFO - Epoch 176/300 | Train Loss: 0.1595 Acc: 95.94% | Val Loss: 0.3744 Acc: 91.67% | LR: 0.000004
2025-07-23 08:27:50,426 - INFO - Epoch 177/300 | Train Loss: 0.1658 Acc: 96.04% | Val Loss: 0.3734 Acc: 91.67% | LR: 0.000004
2025-07-23 08:27:51,530 - INFO - Epoch 178/300 | Train Loss: 0.1321 Acc: 96.77% | Val Loss: 0.3748 Acc: 91.67% | LR: 0.000004
2025-07-23 08:27:52,632 - INFO - Epoch 179/300 | Train Loss: 0.1617 Acc: 95.73% | Val Loss: 0.3846 Acc: 91.67% | LR: 0.000004
2025-07-23 08:27:53,733 - INFO - Epoch 180/300 | Train Loss: 0.1797 Acc: 95.00% | Val Loss: 0.3947 Acc: 91.67% | LR: 0.000002
2025-07-23 08:27:54,769 - INFO - Epoch 181/300 | Train Loss: 0.1948 Acc: 95.83% | Val Loss: 0.3856 Acc: 91.67% | LR: 0.000002
2025-07-23 08:27:55,811 - INFO - Epoch 182/300 | Train Loss: 0.1773 Acc: 95.21% | Val Loss: 0.3856 Acc: 91.67% | LR: 0.000002
2025-07-23 08:27:56,838 - INFO - Epoch 183/300 | Train Loss: 0.1827 Acc: 94.58% | Val Loss: 0.3978 Acc: 91.67% | LR: 0.000002
2025-07-23 08:27:57,875 - INFO - Epoch 184/300 | Train Loss: 0.1571 Acc: 95.83% | Val Loss: 0.4057 Acc: 91.67% | LR: 0.000002
2025-07-23 08:27:58,972 - INFO - Epoch 185/300 | Train Loss: 0.1752 Acc: 95.73% | Val Loss: 0.3858 Acc: 91.67% | LR: 0.000002
2025-07-23 08:28:00,051 - INFO - Epoch 186/300 | Train Loss: 0.1598 Acc: 96.35% | Val Loss: 0.3842 Acc: 91.67% | LR: 0.000002
2025-07-23 08:28:01,090 - INFO - Epoch 187/300 | Train Loss: 0.1500 Acc: 95.94% | Val Loss: 0.3823 Acc: 91.67% | LR: 0.000002
2025-07-23 08:28:02,133 - INFO - Epoch 188/300 | Train Loss: 0.1963 Acc: 95.00% | Val Loss: 0.3872 Acc: 91.67% | LR: 0.000002
2025-07-23 08:28:03,162 - INFO - Epoch 189/300 | Train Loss: 0.1732 Acc: 95.83% | Val Loss: 0.3883 Acc: 91.67% | LR: 0.000002
2025-07-23 08:28:03,162 - INFO - Early stopping triggered after 189 epochs
2025-07-23 08:28:03,162 - INFO - Training completed. Best validation accuracy: 93.33% (Train: 93.96%)
2025-07-23 08:28:03,162 - INFO - 
2025-07-23 08:28:03,162 - INFO - Generating training visualizations...
2025-07-23 08:28:03,162 - INFO - Loading best model from: outputs/models/best_hgc_lstm.pth
2025-07-23 08:28:03,780 - INFO - Training curves saved to: training_plots/training_curves.png
2025-07-23 08:28:10,879 - INFO - 
2025-07-23 08:28:10,879 - INFO - 📊 TRAINING SUMMARY:
2025-07-23 08:28:10,879 - INFO -    Best Validation Accuracy: 93.33% (Epoch 80)
2025-07-23 08:28:10,879 - INFO -    Final Training Accuracy: 95.83%
2025-07-23 08:28:10,879 - INFO -  Analyzing model performance on validation set...
2025-07-23 08:28:11,453 - INFO - Confusion matrix saved to: training_plots/confusion_matrix.png
2025-07-23 08:28:13,936 - INFO - 
2025-07-23 08:28:13,937 - INFO - ============================================================
2025-07-23 08:28:13,937 - INFO - CLASSIFICATION REPORT
2025-07-23 08:28:13,937 - INFO - ============================================================
2025-07-23 08:28:13,941 - INFO -               precision    recall  f1-score   support
2025-07-23 08:28:13,941 - INFO - 
2025-07-23 08:28:13,941 - INFO -      Class_1       0.75      0.75      0.75         4
2025-07-23 08:28:13,941 - INFO -      Class_2       0.80      1.00      0.89         4
2025-07-23 08:28:13,941 - INFO -      Class_3       1.00      1.00      1.00         4
2025-07-23 08:28:13,941 - INFO -      Class_4       1.00      1.00      1.00         4
2025-07-23 08:28:13,941 - INFO -      Class_5       1.00      1.00      1.00         4
2025-07-23 08:28:13,941 - INFO -      Class_6       1.00      1.00      1.00         4
2025-07-23 08:28:13,941 - INFO -      Class_7       1.00      1.00      1.00         4
2025-07-23 08:28:13,941 - INFO -      Class_8       1.00      1.00      1.00         4
2025-07-23 08:28:13,941 - INFO -      Class_9       0.75      0.75      0.75         4
2025-07-23 08:28:13,941 - INFO -     Class_10       1.00      1.00      1.00         4
2025-07-23 08:28:13,941 - INFO -     Class_11       1.00      0.75      0.86         4
2025-07-23 08:28:13,941 - INFO -     Class_12       0.75      0.75      0.75         4
2025-07-23 08:28:13,942 - INFO -     Class_13       1.00      1.00      1.00         4
2025-07-23 08:28:13,942 - INFO -     Class_14       1.00      1.00      1.00         4
2025-07-23 08:28:13,942 - INFO -     Class_15       1.00      1.00      1.00         4
2025-07-23 08:28:13,942 - INFO - 
2025-07-23 08:28:13,942 - INFO -     accuracy                           0.93        60
2025-07-23 08:28:13,942 - INFO -    macro avg       0.94      0.93      0.93        60
2025-07-23 08:28:13,942 - INFO - weighted avg       0.94      0.93      0.93        60
2025-07-23 08:28:13,942 - INFO - 
2025-07-23 08:28:13,942 - INFO - ================================================================================
2025-07-23 08:28:13,942 - INFO - 🎉 TRAINING COMPLETED SUCCESSFULLY!
2025-07-23 08:28:13,942 - INFO - ================================================================================
2025-07-23 08:28:13,942 - INFO - 🏆 Best validation accuracy: 93.33%
2025-07-23 08:28:13,942 - INFO - 💾 Model saved to: outputs/models/best_hgc_lstm.pth
2025-07-23 08:28:13,942 - INFO - 📊 Plots saved to: outputs/plots
2025-07-23 08:28:13,942 - INFO - 📝 Training log saved to: /home/na/VSLR/outputs/logs/training_20250723_082515.log
2025-07-23 08:28:13,942 - INFO - 📅 End time: 2025-07-23 08:28:13
2025-07-23 08:28:13,942 - INFO - ================================================================================
