2025-07-23 09:56:06,450 - INFO - ================================================================================
2025-07-23 09:56:06,450 - INFO - 🚀 VSLR Training Started
2025-07-23 09:56:06,450 - INFO - ================================================================================
2025-07-23 09:56:06,450 - INFO - 📝 Log file: /home/na/VSLR/outputs/logs/training_20250723_095606.log
2025-07-23 09:56:06,450 - INFO - 📅 Start time: 2025-07-23 09:56:06
2025-07-23 09:56:06,500 - INFO - Using device: cuda
2025-07-23 09:56:06,501 - INFO - Configuration loaded
2025-07-23 09:56:06,501 - INFO - Loading labels...
2025-07-23 09:56:06,504 - INFO -  15 classes: [1, 2, 3, 4, 5, 6, 7, 8, 9, 10, 11, 12, 13, 14, 15]
2025-07-23 09:56:06,504 - INFO -  300 videos
2025-07-23 09:56:06,504 - INFO - 
2025-07-23 09:56:06,504 - INFO -  Creating datasets...
2025-07-23 09:56:06,504 - INFO - Configuration:
2025-07-23 09:56:06,504 - INFO -    Split strategy: Stratified
2025-07-23 09:56:06,504 - INFO -    Train augmentations: ['flip', 'translation', 'scaling']
2025-07-23 09:56:06,504 - INFO -    Val augmentations: None (for fair evaluation)
2025-07-23 09:56:06,504 - INFO -    Translation range: ±0.1
2025-07-23 09:56:06,504 - INFO -    Scale range: ±0.1
2025-07-23 09:56:06,505 - INFO -  Using stratified split strategy
2025-07-23 09:56:06,505 - INFO -  TRAIN dataset: 240 original files
2025-07-23 09:56:06,505 - INFO -  Augmentation enabled: 1920 total samples (x8)
2025-07-23 09:56:06,505 - INFO -   - Augmentations: ['flip', 'translation', 'scaling']
2025-07-23 09:56:06,505 - INFO -   - Total combinations: 8
2025-07-23 09:56:06,505 - INFO -   - Combinations: ['original', 'flip', 'translation', 'scaling', 'flip+translation', 'flip+scaling', 'translation+scaling', 'flip+translation+scaling']
2025-07-23 09:56:06,505 - INFO -  TRAIN class distribution:
2025-07-23 09:56:06,505 - INFO -   Class 1: 16 samples
2025-07-23 09:56:06,505 - INFO -   Class 2: 16 samples
2025-07-23 09:56:06,505 - INFO -   Class 3: 16 samples
2025-07-23 09:56:06,505 - INFO -   Class 4: 16 samples
2025-07-23 09:56:06,505 - INFO -   Class 5: 16 samples
2025-07-23 09:56:06,505 - INFO -   Class 6: 16 samples
2025-07-23 09:56:06,505 - INFO -   Class 7: 16 samples
2025-07-23 09:56:06,505 - INFO -   Class 8: 16 samples
2025-07-23 09:56:06,505 - INFO -   Class 9: 16 samples
2025-07-23 09:56:06,506 - INFO -   Class 10: 16 samples
2025-07-23 09:56:06,506 - INFO -   Class 11: 16 samples
2025-07-23 09:56:06,506 - INFO -   Class 12: 16 samples
2025-07-23 09:56:06,506 - INFO -   Class 13: 16 samples
2025-07-23 09:56:06,506 - INFO -   Class 14: 16 samples
2025-07-23 09:56:06,506 - INFO -   Class 15: 16 samples
2025-07-23 09:56:06,506 - INFO -  ✓ Balanced: 16 samples per class
2025-07-23 09:56:06,506 - INFO -  Using stratified split strategy
2025-07-23 09:56:06,506 - INFO -  VAL dataset: 60 original files
2025-07-23 09:56:06,506 - INFO -  No augmentation enabled: 60 total samples
2025-07-23 09:56:06,506 - INFO -  VAL class distribution:
2025-07-23 09:56:06,506 - INFO -   Class 1: 4 samples
2025-07-23 09:56:06,506 - INFO -   Class 2: 4 samples
2025-07-23 09:56:06,507 - INFO -   Class 3: 4 samples
2025-07-23 09:56:06,507 - INFO -   Class 4: 4 samples
2025-07-23 09:56:06,507 - INFO -   Class 5: 4 samples
2025-07-23 09:56:06,507 - INFO -   Class 6: 4 samples
2025-07-23 09:56:06,507 - INFO -   Class 7: 4 samples
2025-07-23 09:56:06,507 - INFO -   Class 8: 4 samples
2025-07-23 09:56:06,507 - INFO -   Class 9: 4 samples
2025-07-23 09:56:06,507 - INFO -   Class 10: 4 samples
2025-07-23 09:56:06,507 - INFO -   Class 11: 4 samples
2025-07-23 09:56:06,507 - INFO -   Class 12: 4 samples
2025-07-23 09:56:06,507 - INFO -   Class 13: 4 samples
2025-07-23 09:56:06,507 - INFO -   Class 14: 4 samples
2025-07-23 09:56:06,507 - INFO -   Class 15: 4 samples
2025-07-23 09:56:06,507 - INFO -  ✓ Balanced: 4 samples per class
2025-07-23 09:56:06,507 - INFO - 
2025-07-23 09:56:06,507 - INFO - Dataset summary:
2025-07-23 09:56:06,507 - INFO -   Total classes: 15
2025-07-23 09:56:06,507 - INFO -   Train samples: 1920
2025-07-23 09:56:06,507 - INFO -   Val samples: 60
2025-07-23 09:56:06,507 - INFO -   Strategy: Stratified split
2025-07-23 09:56:06,507 - INFO - 
2025-07-23 09:56:06,507 - INFO - Creating data loaders...
2025-07-23 09:56:06,508 - INFO -  Train batches: 240
2025-07-23 09:56:06,508 - INFO -  Valid batches: 8
2025-07-23 09:56:06,508 - INFO -  Batch size: 8
2025-07-23 09:56:06,508 - INFO -  Data Augmentation (flip + translation + scaling): 240 original → 1920 total samples
2025-07-23 09:56:06,508 - INFO -  Augmentation combinations: ['original', 'flip', 'translation', 'scaling', 'flip+translation', 'flip+scaling', 'translation+scaling', 'flip+translation+scaling']
2025-07-23 09:56:06,512 - INFO -  Sample keypoints shape: torch.Size([8, 60, 75, 2])
2025-07-23 09:56:06,512 - INFO -  Sample labels shape: torch.Size([8])
2025-07-23 09:56:06,512 - INFO - 
2025-07-23 09:56:06,512 - INFO - Creating adjacency matrix...
2025-07-23 09:56:06,527 - INFO -  Adjacency matrix shape: torch.Size([75, 75])
2025-07-23 09:56:06,528 - INFO -  Number of vertices: 75
2025-07-23 09:56:06,528 - INFO - 
2025-07-23 09:56:06,528 - INFO - Creating model...
2025-07-23 09:56:06,747 - INFO - Model created with 285584 parameters
2025-07-23 09:56:06,748 - INFO - Model configuration:
2025-07-23 09:56:06,748 - INFO -   - GCN layers: 2
2025-07-23 09:56:06,748 - INFO -   - GCN hidden dim: 128
2025-07-23 09:56:06,748 - INFO -   - LSTM hidden dim: 128
2025-07-23 09:56:06,748 - INFO -   - LSTM layers: 1
2025-07-23 09:56:06,748 - INFO -   - Bidirectional: True
2025-07-23 09:56:06,748 - INFO -   - Dropout: 0.5
2025-07-23 09:56:06,748 - INFO -   - Pooling type: attention
2025-07-23 09:56:06,748 - INFO -   - Sequence length: 60
2025-07-23 09:56:06,748 - INFO -   - Number of vertices: 75
2025-07-23 09:56:06,748 - INFO -   - Using Attention Pooling with dropout: 0.5
2025-07-23 09:56:06,748 - INFO -   - Attention weights can be visualized after forward pass
2025-07-23 09:56:06,748 - INFO - 
2025-07-23 09:56:06,748 - INFO - Starting training...
2025-07-23 09:56:06,748 - INFO -  Training configuration:
2025-07-23 09:56:06,748 - INFO -   - Epochs: 300
2025-07-23 09:56:06,748 - INFO -   - Batch size: 8
2025-07-23 09:56:06,748 - INFO -   - Learning rate: 0.001
2025-07-23 09:56:06,748 - INFO -   - Optimizer: adam
2025-07-23 09:56:06,748 - INFO -   - Scheduler: step
2025-07-23 09:56:06,748 - INFO -   - Early stopping patience: 100
2025-07-23 09:56:09,481 - INFO - Epoch 001/300 | Train Loss: 2.7209 Acc: 06.46% | Val Loss: 2.7140 Acc: 06.67% | LR: 0.001000
2025-07-23 09:56:11,125 - INFO - Epoch 002/300 | Train Loss: 2.7117 Acc: 06.82% | Val Loss: 2.7245 Acc: 05.00% | LR: 0.001000
2025-07-23 09:56:12,805 - INFO - Epoch 003/300 | Train Loss: 2.6989 Acc: 07.60% | Val Loss: 2.7473 Acc: 06.67% | LR: 0.001000
2025-07-23 09:56:14,425 - INFO - Epoch 004/300 | Train Loss: 2.6096 Acc: 13.28% | Val Loss: 2.4337 Acc: 10.00% | LR: 0.001000
2025-07-23 09:56:16,036 - INFO - Epoch 005/300 | Train Loss: 2.3804 Acc: 16.77% | Val Loss: 2.2585 Acc: 16.67% | LR: 0.001000
2025-07-23 09:56:17,654 - INFO - Epoch 006/300 | Train Loss: 2.2543 Acc: 20.26% | Val Loss: 2.2018 Acc: 18.33% | LR: 0.001000
2025-07-23 09:56:19,291 - INFO - Epoch 007/300 | Train Loss: 2.1323 Acc: 25.21% | Val Loss: 2.0849 Acc: 26.67% | LR: 0.001000
2025-07-23 09:56:20,918 - INFO - Epoch 008/300 | Train Loss: 2.0335 Acc: 27.66% | Val Loss: 1.9476 Acc: 30.00% | LR: 0.001000
2025-07-23 09:56:22,550 - INFO - Epoch 009/300 | Train Loss: 1.9347 Acc: 31.72% | Val Loss: 1.7902 Acc: 33.33% | LR: 0.001000
2025-07-23 09:56:24,174 - INFO - Epoch 010/300 | Train Loss: 1.8364 Acc: 34.22% | Val Loss: 1.7107 Acc: 36.67% | LR: 0.001000
2025-07-23 09:56:25,796 - INFO - Epoch 011/300 | Train Loss: 1.7572 Acc: 38.02% | Val Loss: 1.6485 Acc: 38.33% | LR: 0.001000
2025-07-23 09:56:27,417 - INFO - Epoch 012/300 | Train Loss: 1.6673 Acc: 40.99% | Val Loss: 1.6751 Acc: 36.67% | LR: 0.001000
2025-07-23 09:56:29,044 - INFO - Epoch 013/300 | Train Loss: 1.5493 Acc: 45.89% | Val Loss: 1.3186 Acc: 46.67% | LR: 0.001000
2025-07-23 09:56:30,680 - INFO - Epoch 014/300 | Train Loss: 1.5021 Acc: 47.45% | Val Loss: 1.1250 Acc: 55.00% | LR: 0.001000
2025-07-23 09:56:32,325 - INFO - Epoch 015/300 | Train Loss: 1.4399 Acc: 48.23% | Val Loss: 1.2497 Acc: 51.67% | LR: 0.001000
2025-07-23 09:56:33,964 - INFO - Epoch 016/300 | Train Loss: 1.3613 Acc: 50.21% | Val Loss: 1.0987 Acc: 58.33% | LR: 0.001000
2025-07-23 09:56:35,597 - INFO - Epoch 017/300 | Train Loss: 1.2595 Acc: 57.55% | Val Loss: 1.0092 Acc: 65.00% | LR: 0.001000
2025-07-23 09:56:37,221 - INFO - Epoch 018/300 | Train Loss: 1.2729 Acc: 55.68% | Val Loss: 1.0429 Acc: 58.33% | LR: 0.001000
2025-07-23 09:56:38,852 - INFO - Epoch 019/300 | Train Loss: 1.1705 Acc: 59.01% | Val Loss: 0.8698 Acc: 70.00% | LR: 0.001000
2025-07-23 09:56:40,488 - INFO - Epoch 020/300 | Train Loss: 1.1121 Acc: 61.30% | Val Loss: 0.8483 Acc: 66.67% | LR: 0.000500
2025-07-23 09:56:42,245 - INFO - Epoch 021/300 | Train Loss: 0.9797 Acc: 66.82% | Val Loss: 0.6488 Acc: 78.33% | LR: 0.000500
2025-07-23 09:56:44,031 - INFO - Epoch 022/300 | Train Loss: 0.8866 Acc: 68.75% | Val Loss: 0.5612 Acc: 83.33% | LR: 0.000500
2025-07-23 09:56:45,806 - INFO - Epoch 023/300 | Train Loss: 0.8406 Acc: 71.77% | Val Loss: 0.7013 Acc: 76.67% | LR: 0.000500
2025-07-23 09:56:47,586 - INFO - Epoch 024/300 | Train Loss: 0.7897 Acc: 73.80% | Val Loss: 0.6144 Acc: 81.67% | LR: 0.000500
2025-07-23 09:56:49,363 - INFO - Epoch 025/300 | Train Loss: 0.7458 Acc: 74.90% | Val Loss: 0.4859 Acc: 86.67% | LR: 0.000500
2025-07-23 09:56:51,133 - INFO - Epoch 026/300 | Train Loss: 0.7778 Acc: 73.07% | Val Loss: 0.5362 Acc: 78.33% | LR: 0.000500
2025-07-23 09:56:52,915 - INFO - Epoch 027/300 | Train Loss: 0.6957 Acc: 76.35% | Val Loss: 0.5035 Acc: 88.33% | LR: 0.000500
2025-07-23 09:56:54,699 - INFO - Epoch 028/300 | Train Loss: 0.7096 Acc: 75.94% | Val Loss: 0.6880 Acc: 76.67% | LR: 0.000500
2025-07-23 09:56:56,393 - INFO - Epoch 029/300 | Train Loss: 0.6570 Acc: 78.02% | Val Loss: 0.5954 Acc: 73.33% | LR: 0.000500
2025-07-23 09:56:58,021 - INFO - Epoch 030/300 | Train Loss: 0.6469 Acc: 77.34% | Val Loss: 0.5268 Acc: 83.33% | LR: 0.000500
2025-07-23 09:56:59,662 - INFO - Epoch 031/300 | Train Loss: 0.6442 Acc: 77.66% | Val Loss: 0.5876 Acc: 80.00% | LR: 0.000500
2025-07-23 09:57:01,304 - INFO - Epoch 032/300 | Train Loss: 0.5894 Acc: 81.25% | Val Loss: 0.5011 Acc: 85.00% | LR: 0.000500
2025-07-23 09:57:03,058 - INFO - Epoch 033/300 | Train Loss: 0.5826 Acc: 80.47% | Val Loss: 0.5845 Acc: 81.67% | LR: 0.000500
2025-07-23 09:57:04,687 - INFO - Epoch 034/300 | Train Loss: 0.5279 Acc: 83.28% | Val Loss: 0.4533 Acc: 86.67% | LR: 0.000500
2025-07-23 09:57:06,316 - INFO - Epoch 035/300 | Train Loss: 0.5661 Acc: 82.45% | Val Loss: 0.5504 Acc: 73.33% | LR: 0.000500
2025-07-23 09:57:07,948 - INFO - Epoch 036/300 | Train Loss: 0.5236 Acc: 83.96% | Val Loss: 0.4278 Acc: 88.33% | LR: 0.000500
2025-07-23 09:57:09,601 - INFO - Epoch 037/300 | Train Loss: 0.4731 Acc: 85.00% | Val Loss: 0.6442 Acc: 85.00% | LR: 0.000500
2025-07-23 09:57:11,241 - INFO - Epoch 038/300 | Train Loss: 0.4646 Acc: 84.22% | Val Loss: 0.6196 Acc: 85.00% | LR: 0.000500
2025-07-23 09:57:13,001 - INFO - Epoch 039/300 | Train Loss: 0.4760 Acc: 85.57% | Val Loss: 0.4143 Acc: 91.67% | LR: 0.000500
2025-07-23 09:57:14,784 - INFO - Epoch 040/300 | Train Loss: 0.4272 Acc: 86.15% | Val Loss: 0.4302 Acc: 90.00% | LR: 0.000250
2025-07-23 09:57:16,543 - INFO - Epoch 041/300 | Train Loss: 0.3627 Acc: 88.70% | Val Loss: 0.4498 Acc: 90.00% | LR: 0.000250
2025-07-23 09:57:18,179 - INFO - Epoch 042/300 | Train Loss: 0.3221 Acc: 90.83% | Val Loss: 0.3584 Acc: 93.33% | LR: 0.000250
2025-07-23 09:57:19,952 - INFO - Epoch 043/300 | Train Loss: 0.2895 Acc: 91.15% | Val Loss: 0.3986 Acc: 91.67% | LR: 0.000250
2025-07-23 09:57:21,657 - INFO - Epoch 044/300 | Train Loss: 0.3253 Acc: 91.51% | Val Loss: 0.4059 Acc: 93.33% | LR: 0.000250
2025-07-23 09:57:23,284 - INFO - Epoch 045/300 | Train Loss: 0.3167 Acc: 90.78% | Val Loss: 0.5240 Acc: 90.00% | LR: 0.000250
2025-07-23 09:57:24,939 - INFO - Epoch 046/300 | Train Loss: 0.2196 Acc: 93.54% | Val Loss: 0.4864 Acc: 91.67% | LR: 0.000250
2025-07-23 09:57:26,588 - INFO - Epoch 047/300 | Train Loss: 0.2859 Acc: 92.97% | Val Loss: 0.3826 Acc: 91.67% | LR: 0.000250
2025-07-23 09:57:28,230 - INFO - Epoch 048/300 | Train Loss: 0.2394 Acc: 93.39% | Val Loss: 0.3334 Acc: 91.67% | LR: 0.000250
2025-07-23 09:57:29,879 - INFO - Epoch 049/300 | Train Loss: 0.2575 Acc: 92.29% | Val Loss: 0.5306 Acc: 90.00% | LR: 0.000250
2025-07-23 09:57:31,639 - INFO - Epoch 050/300 | Train Loss: 0.2901 Acc: 92.19% | Val Loss: 0.4115 Acc: 91.67% | LR: 0.000250
2025-07-23 09:57:33,409 - INFO - Epoch 051/300 | Train Loss: 0.2223 Acc: 93.70% | Val Loss: 0.4762 Acc: 90.00% | LR: 0.000250
2025-07-23 09:57:35,186 - INFO - Epoch 052/300 | Train Loss: 0.2179 Acc: 93.75% | Val Loss: 0.4120 Acc: 88.33% | LR: 0.000250
2025-07-23 09:57:36,989 - INFO - Epoch 053/300 | Train Loss: 0.2321 Acc: 93.49% | Val Loss: 0.5485 Acc: 90.00% | LR: 0.000250
2025-07-23 09:57:38,847 - INFO - Epoch 054/300 | Train Loss: 0.2607 Acc: 92.97% | Val Loss: 0.4833 Acc: 91.67% | LR: 0.000250
2025-07-23 09:57:40,519 - INFO - Epoch 055/300 | Train Loss: 0.2343 Acc: 93.39% | Val Loss: 0.5482 Acc: 90.00% | LR: 0.000250
2025-07-23 09:57:42,196 - INFO - Epoch 056/300 | Train Loss: 0.2597 Acc: 92.81% | Val Loss: 0.5700 Acc: 90.00% | LR: 0.000250
2025-07-23 09:57:43,973 - INFO - Epoch 057/300 | Train Loss: 0.2284 Acc: 93.85% | Val Loss: 0.5589 Acc: 90.00% | LR: 0.000250
2025-07-23 09:57:45,743 - INFO - Epoch 058/300 | Train Loss: 0.2360 Acc: 93.85% | Val Loss: 0.3643 Acc: 91.67% | LR: 0.000250
2025-07-23 09:57:47,518 - INFO - Epoch 059/300 | Train Loss: 0.2167 Acc: 94.48% | Val Loss: 0.5909 Acc: 90.00% | LR: 0.000250
2025-07-23 09:57:49,289 - INFO - Epoch 060/300 | Train Loss: 0.2554 Acc: 93.39% | Val Loss: 0.5555 Acc: 91.67% | LR: 0.000125
2025-07-23 09:57:51,062 - INFO - Epoch 061/300 | Train Loss: 0.1498 Acc: 95.52% | Val Loss: 0.5399 Acc: 91.67% | LR: 0.000125
2025-07-23 09:57:52,831 - INFO - Epoch 062/300 | Train Loss: 0.1351 Acc: 96.35% | Val Loss: 0.5370 Acc: 91.67% | LR: 0.000125
2025-07-23 09:57:54,605 - INFO - Epoch 063/300 | Train Loss: 0.1316 Acc: 96.20% | Val Loss: 0.5553 Acc: 91.67% | LR: 0.000125
2025-07-23 09:57:56,377 - INFO - Epoch 064/300 | Train Loss: 0.1389 Acc: 96.30% | Val Loss: 0.5356 Acc: 91.67% | LR: 0.000125
2025-07-23 09:57:58,150 - INFO - Epoch 065/300 | Train Loss: 0.1301 Acc: 96.51% | Val Loss: 0.5409 Acc: 91.67% | LR: 0.000125
2025-07-23 09:57:59,934 - INFO - Epoch 066/300 | Train Loss: 0.1214 Acc: 96.51% | Val Loss: 0.4823 Acc: 91.67% | LR: 0.000125
2025-07-23 09:58:01,712 - INFO - Epoch 067/300 | Train Loss: 0.1396 Acc: 96.77% | Val Loss: 0.5506 Acc: 91.67% | LR: 0.000125
2025-07-23 09:58:03,481 - INFO - Epoch 068/300 | Train Loss: 0.1318 Acc: 96.67% | Val Loss: 0.5279 Acc: 91.67% | LR: 0.000125
2025-07-23 09:58:05,250 - INFO - Epoch 069/300 | Train Loss: 0.1299 Acc: 96.93% | Val Loss: 0.4003 Acc: 91.67% | LR: 0.000125
2025-07-23 09:58:07,025 - INFO - Epoch 070/300 | Train Loss: 0.1286 Acc: 96.61% | Val Loss: 0.5655 Acc: 91.67% | LR: 0.000125
2025-07-23 09:58:08,804 - INFO - Epoch 071/300 | Train Loss: 0.1236 Acc: 96.51% | Val Loss: 0.5214 Acc: 91.67% | LR: 0.000125
2025-07-23 09:58:10,581 - INFO - Epoch 072/300 | Train Loss: 0.1066 Acc: 97.14% | Val Loss: 0.4405 Acc: 91.67% | LR: 0.000125
2025-07-23 09:58:12,357 - INFO - Epoch 073/300 | Train Loss: 0.1395 Acc: 95.94% | Val Loss: 0.5647 Acc: 91.67% | LR: 0.000125
2025-07-23 09:58:14,011 - INFO - Epoch 074/300 | Train Loss: 0.1231 Acc: 96.93% | Val Loss: 0.5743 Acc: 91.67% | LR: 0.000125
2025-07-23 09:58:15,641 - INFO - Epoch 075/300 | Train Loss: 0.1208 Acc: 96.98% | Val Loss: 0.5861 Acc: 91.67% | LR: 0.000125
2025-07-23 09:58:17,270 - INFO - Epoch 076/300 | Train Loss: 0.1031 Acc: 97.81% | Val Loss: 0.4891 Acc: 93.33% | LR: 0.000125
2025-07-23 09:58:18,924 - INFO - Epoch 077/300 | Train Loss: 0.1244 Acc: 97.08% | Val Loss: 0.6115 Acc: 91.67% | LR: 0.000125
2025-07-23 09:58:20,554 - INFO - Epoch 078/300 | Train Loss: 0.1631 Acc: 96.61% | Val Loss: 0.5467 Acc: 91.67% | LR: 0.000125
2025-07-23 09:58:22,184 - INFO - Epoch 079/300 | Train Loss: 0.1164 Acc: 97.34% | Val Loss: 0.5228 Acc: 91.67% | LR: 0.000125
2025-07-23 09:58:23,815 - INFO - Epoch 080/300 | Train Loss: 0.1162 Acc: 96.93% | Val Loss: 0.4589 Acc: 91.67% | LR: 0.000063
2025-07-23 09:58:25,452 - INFO - Epoch 081/300 | Train Loss: 0.1174 Acc: 97.50% | Val Loss: 0.4394 Acc: 93.33% | LR: 0.000063
2025-07-23 09:58:27,086 - INFO - Epoch 082/300 | Train Loss: 0.0933 Acc: 97.86% | Val Loss: 0.5077 Acc: 93.33% | LR: 0.000063
2025-07-23 09:58:28,729 - INFO - Epoch 083/300 | Train Loss: 0.0807 Acc: 97.97% | Val Loss: 0.5024 Acc: 93.33% | LR: 0.000063
2025-07-23 09:58:30,366 - INFO - Epoch 084/300 | Train Loss: 0.1083 Acc: 97.55% | Val Loss: 0.5732 Acc: 91.67% | LR: 0.000063
2025-07-23 09:58:32,003 - INFO - Epoch 085/300 | Train Loss: 0.0826 Acc: 97.92% | Val Loss: 0.5975 Acc: 91.67% | LR: 0.000063
2025-07-23 09:58:33,646 - INFO - Epoch 086/300 | Train Loss: 0.1059 Acc: 97.55% | Val Loss: 0.5348 Acc: 93.33% | LR: 0.000063
2025-07-23 09:58:35,280 - INFO - Epoch 087/300 | Train Loss: 0.0732 Acc: 98.07% | Val Loss: 0.4600 Acc: 93.33% | LR: 0.000063
2025-07-23 09:58:36,920 - INFO - Epoch 088/300 | Train Loss: 0.0891 Acc: 97.71% | Val Loss: 0.4942 Acc: 93.33% | LR: 0.000063
2025-07-23 09:58:38,612 - INFO - Epoch 089/300 | Train Loss: 0.0783 Acc: 97.81% | Val Loss: 0.4901 Acc: 91.67% | LR: 0.000063
2025-07-23 09:58:40,340 - INFO - Epoch 090/300 | Train Loss: 0.0824 Acc: 98.07% | Val Loss: 0.6113 Acc: 91.67% | LR: 0.000063
2025-07-23 09:58:42,001 - INFO - Epoch 091/300 | Train Loss: 0.1069 Acc: 97.60% | Val Loss: 0.5904 Acc: 91.67% | LR: 0.000063
2025-07-23 09:58:43,643 - INFO - Epoch 092/300 | Train Loss: 0.0943 Acc: 98.07% | Val Loss: 0.5728 Acc: 90.00% | LR: 0.000063
2025-07-23 09:58:45,399 - INFO - Epoch 093/300 | Train Loss: 0.0807 Acc: 98.18% | Val Loss: 0.5953 Acc: 90.00% | LR: 0.000063
2025-07-23 09:58:47,130 - INFO - Epoch 094/300 | Train Loss: 0.0718 Acc: 98.59% | Val Loss: 0.5269 Acc: 91.67% | LR: 0.000063
2025-07-23 09:58:48,787 - INFO - Epoch 095/300 | Train Loss: 0.0684 Acc: 98.28% | Val Loss: 0.6016 Acc: 91.67% | LR: 0.000063
2025-07-23 09:58:50,438 - INFO - Epoch 096/300 | Train Loss: 0.0962 Acc: 97.86% | Val Loss: 0.5252 Acc: 91.67% | LR: 0.000063
2025-07-23 09:58:52,081 - INFO - Epoch 097/300 | Train Loss: 0.0880 Acc: 97.92% | Val Loss: 0.5809 Acc: 93.33% | LR: 0.000063
2025-07-23 09:58:53,729 - INFO - Epoch 098/300 | Train Loss: 0.1038 Acc: 97.86% | Val Loss: 0.4355 Acc: 93.33% | LR: 0.000063
2025-07-23 09:58:55,374 - INFO - Epoch 099/300 | Train Loss: 0.1397 Acc: 96.98% | Val Loss: 0.5423 Acc: 91.67% | LR: 0.000063
2025-07-23 09:58:57,033 - INFO - Epoch 100/300 | Train Loss: 0.0916 Acc: 98.23% | Val Loss: 0.5649 Acc: 91.67% | LR: 0.000031
2025-07-23 09:58:58,664 - INFO - Epoch 101/300 | Train Loss: 0.0762 Acc: 98.28% | Val Loss: 0.5866 Acc: 91.67% | LR: 0.000031
2025-07-23 09:59:00,306 - INFO - Epoch 102/300 | Train Loss: 0.0582 Acc: 98.65% | Val Loss: 0.5361 Acc: 93.33% | LR: 0.000031
2025-07-23 09:59:01,977 - INFO - Epoch 103/300 | Train Loss: 0.0719 Acc: 98.23% | Val Loss: 0.5314 Acc: 93.33% | LR: 0.000031
2025-07-23 09:59:03,754 - INFO - Epoch 104/300 | Train Loss: 0.1039 Acc: 97.66% | Val Loss: 0.5327 Acc: 93.33% | LR: 0.000031
2025-07-23 09:59:05,535 - INFO - Epoch 105/300 | Train Loss: 0.0754 Acc: 98.07% | Val Loss: 0.4421 Acc: 91.67% | LR: 0.000031
2025-07-23 09:59:07,309 - INFO - Epoch 106/300 | Train Loss: 0.0508 Acc: 98.75% | Val Loss: 0.5892 Acc: 91.67% | LR: 0.000031
2025-07-23 09:59:09,096 - INFO - Epoch 107/300 | Train Loss: 0.0690 Acc: 98.54% | Val Loss: 0.5071 Acc: 93.33% | LR: 0.000031
2025-07-23 09:59:10,837 - INFO - Epoch 108/300 | Train Loss: 0.0802 Acc: 98.44% | Val Loss: 0.4665 Acc: 93.33% | LR: 0.000031
2025-07-23 09:59:12,603 - INFO - Epoch 109/300 | Train Loss: 0.0543 Acc: 98.59% | Val Loss: 0.5390 Acc: 93.33% | LR: 0.000031
2025-07-23 09:59:14,382 - INFO - Epoch 110/300 | Train Loss: 0.0666 Acc: 98.65% | Val Loss: 0.5651 Acc: 91.67% | LR: 0.000031
2025-07-23 09:59:16,152 - INFO - Epoch 111/300 | Train Loss: 0.0545 Acc: 98.65% | Val Loss: 0.5151 Acc: 93.33% | LR: 0.000031
2025-07-23 09:59:17,886 - INFO - Epoch 112/300 | Train Loss: 0.0692 Acc: 98.33% | Val Loss: 0.5402 Acc: 93.33% | LR: 0.000031
2025-07-23 09:59:19,512 - INFO - Epoch 113/300 | Train Loss: 0.0385 Acc: 98.85% | Val Loss: 0.5571 Acc: 93.33% | LR: 0.000031
2025-07-23 09:59:21,117 - INFO - Epoch 114/300 | Train Loss: 0.0642 Acc: 98.49% | Val Loss: 0.5670 Acc: 93.33% | LR: 0.000031
2025-07-23 09:59:22,732 - INFO - Epoch 115/300 | Train Loss: 0.0759 Acc: 98.12% | Val Loss: 0.5293 Acc: 93.33% | LR: 0.000031
2025-07-23 09:59:24,350 - INFO - Epoch 116/300 | Train Loss: 0.0783 Acc: 98.12% | Val Loss: 0.5375 Acc: 93.33% | LR: 0.000031
2025-07-23 09:59:25,970 - INFO - Epoch 117/300 | Train Loss: 0.0427 Acc: 98.96% | Val Loss: 0.5195 Acc: 93.33% | LR: 0.000031
2025-07-23 09:59:27,580 - INFO - Epoch 118/300 | Train Loss: 0.0616 Acc: 98.65% | Val Loss: 0.6074 Acc: 91.67% | LR: 0.000031
2025-07-23 09:59:29,204 - INFO - Epoch 119/300 | Train Loss: 0.0503 Acc: 98.70% | Val Loss: 0.5519 Acc: 91.67% | LR: 0.000031
2025-07-23 09:59:30,827 - INFO - Epoch 120/300 | Train Loss: 0.0619 Acc: 98.28% | Val Loss: 0.5522 Acc: 93.33% | LR: 0.000016
2025-07-23 09:59:32,447 - INFO - Epoch 121/300 | Train Loss: 0.0609 Acc: 98.23% | Val Loss: 0.5308 Acc: 93.33% | LR: 0.000016
2025-07-23 09:59:34,067 - INFO - Epoch 122/300 | Train Loss: 0.0598 Acc: 98.65% | Val Loss: 0.5349 Acc: 93.33% | LR: 0.000016
2025-07-23 09:59:35,690 - INFO - Epoch 123/300 | Train Loss: 0.0772 Acc: 98.23% | Val Loss: 0.5477 Acc: 93.33% | LR: 0.000016
2025-07-23 09:59:37,304 - INFO - Epoch 124/300 | Train Loss: 0.0268 Acc: 99.27% | Val Loss: 0.4408 Acc: 93.33% | LR: 0.000016
2025-07-23 09:59:38,914 - INFO - Epoch 125/300 | Train Loss: 0.0673 Acc: 98.54% | Val Loss: 0.5050 Acc: 93.33% | LR: 0.000016
2025-07-23 09:59:40,535 - INFO - Epoch 126/300 | Train Loss: 0.0512 Acc: 98.85% | Val Loss: 0.4941 Acc: 93.33% | LR: 0.000016
2025-07-23 09:59:42,143 - INFO - Epoch 127/300 | Train Loss: 0.0694 Acc: 98.70% | Val Loss: 0.4876 Acc: 93.33% | LR: 0.000016
2025-07-23 09:59:43,754 - INFO - Epoch 128/300 | Train Loss: 0.0744 Acc: 98.18% | Val Loss: 0.5498 Acc: 93.33% | LR: 0.000016
2025-07-23 09:59:45,381 - INFO - Epoch 129/300 | Train Loss: 0.0336 Acc: 99.06% | Val Loss: 0.4665 Acc: 93.33% | LR: 0.000016
2025-07-23 09:59:47,009 - INFO - Epoch 130/300 | Train Loss: 0.0572 Acc: 98.70% | Val Loss: 0.4842 Acc: 93.33% | LR: 0.000016
2025-07-23 09:59:48,628 - INFO - Epoch 131/300 | Train Loss: 0.0517 Acc: 98.49% | Val Loss: 0.5717 Acc: 91.67% | LR: 0.000016
2025-07-23 09:59:50,259 - INFO - Epoch 132/300 | Train Loss: 0.0447 Acc: 98.65% | Val Loss: 0.5456 Acc: 93.33% | LR: 0.000016
2025-07-23 09:59:51,883 - INFO - Epoch 133/300 | Train Loss: 0.0915 Acc: 98.23% | Val Loss: 0.5519 Acc: 93.33% | LR: 0.000016
2025-07-23 09:59:53,498 - INFO - Epoch 134/300 | Train Loss: 0.0736 Acc: 98.54% | Val Loss: 0.5930 Acc: 91.67% | LR: 0.000016
2025-07-23 09:59:55,120 - INFO - Epoch 135/300 | Train Loss: 0.0494 Acc: 99.01% | Val Loss: 0.5399 Acc: 93.33% | LR: 0.000016
2025-07-23 09:59:56,740 - INFO - Epoch 136/300 | Train Loss: 0.0558 Acc: 98.80% | Val Loss: 0.5697 Acc: 93.33% | LR: 0.000016
2025-07-23 09:59:58,370 - INFO - Epoch 137/300 | Train Loss: 0.0699 Acc: 98.49% | Val Loss: 0.5217 Acc: 93.33% | LR: 0.000016
2025-07-23 10:00:00,002 - INFO - Epoch 138/300 | Train Loss: 0.0543 Acc: 98.49% | Val Loss: 0.5620 Acc: 93.33% | LR: 0.000016
2025-07-23 10:00:01,636 - INFO - Epoch 139/300 | Train Loss: 0.0420 Acc: 99.17% | Val Loss: 0.5306 Acc: 93.33% | LR: 0.000016
2025-07-23 10:00:03,260 - INFO - Epoch 140/300 | Train Loss: 0.0623 Acc: 98.49% | Val Loss: 0.4638 Acc: 95.00% | LR: 0.000008
2025-07-23 10:00:04,897 - INFO - Epoch 141/300 | Train Loss: 0.0473 Acc: 98.96% | Val Loss: 0.5541 Acc: 93.33% | LR: 0.000008
2025-07-23 10:00:06,546 - INFO - Epoch 142/300 | Train Loss: 0.0449 Acc: 98.91% | Val Loss: 0.4543 Acc: 95.00% | LR: 0.000008
2025-07-23 10:00:08,171 - INFO - Epoch 143/300 | Train Loss: 0.0327 Acc: 99.01% | Val Loss: 0.5234 Acc: 93.33% | LR: 0.000008
2025-07-23 10:00:09,806 - INFO - Epoch 144/300 | Train Loss: 0.0401 Acc: 99.01% | Val Loss: 0.5402 Acc: 93.33% | LR: 0.000008
2025-07-23 10:00:11,420 - INFO - Epoch 145/300 | Train Loss: 0.0666 Acc: 98.65% | Val Loss: 0.5230 Acc: 93.33% | LR: 0.000008
2025-07-23 10:00:13,033 - INFO - Epoch 146/300 | Train Loss: 0.0514 Acc: 98.80% | Val Loss: 0.6019 Acc: 91.67% | LR: 0.000008
2025-07-23 10:00:14,661 - INFO - Epoch 147/300 | Train Loss: 0.0719 Acc: 98.33% | Val Loss: 0.5670 Acc: 93.33% | LR: 0.000008
2025-07-23 10:00:16,288 - INFO - Epoch 148/300 | Train Loss: 0.0480 Acc: 98.91% | Val Loss: 0.5161 Acc: 93.33% | LR: 0.000008
2025-07-23 10:00:17,931 - INFO - Epoch 149/300 | Train Loss: 0.0333 Acc: 99.17% | Val Loss: 0.5589 Acc: 93.33% | LR: 0.000008
2025-07-23 10:00:19,565 - INFO - Epoch 150/300 | Train Loss: 0.0741 Acc: 98.65% | Val Loss: 0.5364 Acc: 93.33% | LR: 0.000008
2025-07-23 10:00:21,188 - INFO - Epoch 151/300 | Train Loss: 0.0566 Acc: 98.80% | Val Loss: 0.4824 Acc: 93.33% | LR: 0.000008
2025-07-23 10:00:22,803 - INFO - Epoch 152/300 | Train Loss: 0.0432 Acc: 99.11% | Val Loss: 0.5559 Acc: 93.33% | LR: 0.000008
2025-07-23 10:00:24,422 - INFO - Epoch 153/300 | Train Loss: 0.0506 Acc: 98.70% | Val Loss: 0.5425 Acc: 93.33% | LR: 0.000008
2025-07-23 10:00:26,046 - INFO - Epoch 154/300 | Train Loss: 0.0389 Acc: 98.85% | Val Loss: 0.5120 Acc: 93.33% | LR: 0.000008
2025-07-23 10:00:27,659 - INFO - Epoch 155/300 | Train Loss: 0.0708 Acc: 98.49% | Val Loss: 0.5660 Acc: 93.33% | LR: 0.000008
2025-07-23 10:00:29,297 - INFO - Epoch 156/300 | Train Loss: 0.0478 Acc: 99.01% | Val Loss: 0.5249 Acc: 93.33% | LR: 0.000008
2025-07-23 10:00:30,909 - INFO - Epoch 157/300 | Train Loss: 0.0615 Acc: 98.65% | Val Loss: 0.4562 Acc: 95.00% | LR: 0.000008
2025-07-23 10:00:32,521 - INFO - Epoch 158/300 | Train Loss: 0.0414 Acc: 99.01% | Val Loss: 0.5444 Acc: 93.33% | LR: 0.000008
2025-07-23 10:00:34,139 - INFO - Epoch 159/300 | Train Loss: 0.0537 Acc: 98.54% | Val Loss: 0.5165 Acc: 93.33% | LR: 0.000008
2025-07-23 10:00:35,760 - INFO - Epoch 160/300 | Train Loss: 0.0439 Acc: 98.91% | Val Loss: 0.5124 Acc: 93.33% | LR: 0.000004
2025-07-23 10:00:37,373 - INFO - Epoch 161/300 | Train Loss: 0.0410 Acc: 98.80% | Val Loss: 0.4889 Acc: 93.33% | LR: 0.000004
2025-07-23 10:00:38,994 - INFO - Epoch 162/300 | Train Loss: 0.0453 Acc: 98.91% | Val Loss: 0.4620 Acc: 95.00% | LR: 0.000004
2025-07-23 10:00:40,626 - INFO - Epoch 163/300 | Train Loss: 0.0359 Acc: 98.96% | Val Loss: 0.5709 Acc: 93.33% | LR: 0.000004
2025-07-23 10:00:42,256 - INFO - Epoch 164/300 | Train Loss: 0.0675 Acc: 98.33% | Val Loss: 0.5569 Acc: 93.33% | LR: 0.000004
2025-07-23 10:00:43,881 - INFO - Epoch 165/300 | Train Loss: 0.0548 Acc: 99.17% | Val Loss: 0.5178 Acc: 93.33% | LR: 0.000004
2025-07-23 10:00:45,526 - INFO - Epoch 166/300 | Train Loss: 0.0462 Acc: 99.06% | Val Loss: 0.4784 Acc: 93.33% | LR: 0.000004
2025-07-23 10:00:47,152 - INFO - Epoch 167/300 | Train Loss: 0.0494 Acc: 98.80% | Val Loss: 0.5634 Acc: 93.33% | LR: 0.000004
2025-07-23 10:00:48,775 - INFO - Epoch 168/300 | Train Loss: 0.0615 Acc: 98.49% | Val Loss: 0.5210 Acc: 93.33% | LR: 0.000004
2025-07-23 10:00:50,401 - INFO - Epoch 169/300 | Train Loss: 0.0387 Acc: 98.91% | Val Loss: 0.4644 Acc: 93.33% | LR: 0.000004
2025-07-23 10:00:52,012 - INFO - Epoch 170/300 | Train Loss: 0.0378 Acc: 98.80% | Val Loss: 0.5478 Acc: 93.33% | LR: 0.000004
2025-07-23 10:00:53,628 - INFO - Epoch 171/300 | Train Loss: 0.0596 Acc: 98.96% | Val Loss: 0.4840 Acc: 93.33% | LR: 0.000004
2025-07-23 10:00:55,250 - INFO - Epoch 172/300 | Train Loss: 0.0619 Acc: 98.54% | Val Loss: 0.4686 Acc: 95.00% | LR: 0.000004
2025-07-23 10:00:56,867 - INFO - Epoch 173/300 | Train Loss: 0.0323 Acc: 99.01% | Val Loss: 0.5523 Acc: 93.33% | LR: 0.000004
2025-07-23 10:00:58,479 - INFO - Epoch 174/300 | Train Loss: 0.0675 Acc: 98.59% | Val Loss: 0.5678 Acc: 93.33% | LR: 0.000004
2025-07-23 10:01:00,105 - INFO - Epoch 175/300 | Train Loss: 0.0406 Acc: 98.85% | Val Loss: 0.5137 Acc: 93.33% | LR: 0.000004
2025-07-23 10:01:01,733 - INFO - Epoch 176/300 | Train Loss: 0.0491 Acc: 98.96% | Val Loss: 0.5499 Acc: 93.33% | LR: 0.000004
2025-07-23 10:01:03,362 - INFO - Epoch 177/300 | Train Loss: 0.0514 Acc: 99.01% | Val Loss: 0.5615 Acc: 93.33% | LR: 0.000004
2025-07-23 10:01:04,996 - INFO - Epoch 178/300 | Train Loss: 0.0461 Acc: 98.65% | Val Loss: 0.5288 Acc: 93.33% | LR: 0.000004
2025-07-23 10:01:06,637 - INFO - Epoch 179/300 | Train Loss: 0.0431 Acc: 98.96% | Val Loss: 0.5534 Acc: 93.33% | LR: 0.000004
2025-07-23 10:01:08,279 - INFO - Epoch 180/300 | Train Loss: 0.0456 Acc: 98.70% | Val Loss: 0.4657 Acc: 95.00% | LR: 0.000002
2025-07-23 10:01:09,936 - INFO - Epoch 181/300 | Train Loss: 0.0650 Acc: 98.59% | Val Loss: 0.4427 Acc: 95.00% | LR: 0.000002
2025-07-23 10:01:11,561 - INFO - Epoch 182/300 | Train Loss: 0.0399 Acc: 99.01% | Val Loss: 0.5338 Acc: 93.33% | LR: 0.000002
2025-07-23 10:01:13,185 - INFO - Epoch 183/300 | Train Loss: 0.0657 Acc: 98.65% | Val Loss: 0.5583 Acc: 93.33% | LR: 0.000002
2025-07-23 10:01:14,807 - INFO - Epoch 184/300 | Train Loss: 0.0508 Acc: 98.80% | Val Loss: 0.4526 Acc: 95.00% | LR: 0.000002
2025-07-23 10:01:16,434 - INFO - Epoch 185/300 | Train Loss: 0.0410 Acc: 98.85% | Val Loss: 0.5543 Acc: 93.33% | LR: 0.000002
2025-07-23 10:01:18,053 - INFO - Epoch 186/300 | Train Loss: 0.0476 Acc: 98.54% | Val Loss: 0.5313 Acc: 93.33% | LR: 0.000002
2025-07-23 10:01:19,683 - INFO - Epoch 187/300 | Train Loss: 0.0541 Acc: 98.65% | Val Loss: 0.5443 Acc: 93.33% | LR: 0.000002
2025-07-23 10:01:21,313 - INFO - Epoch 188/300 | Train Loss: 0.0439 Acc: 99.01% | Val Loss: 0.4934 Acc: 93.33% | LR: 0.000002
2025-07-23 10:01:22,950 - INFO - Epoch 189/300 | Train Loss: 0.0397 Acc: 99.06% | Val Loss: 0.4989 Acc: 93.33% | LR: 0.000002
2025-07-23 10:01:24,584 - INFO - Epoch 190/300 | Train Loss: 0.0584 Acc: 98.85% | Val Loss: 0.5211 Acc: 93.33% | LR: 0.000002
2025-07-23 10:01:26,222 - INFO - Epoch 191/300 | Train Loss: 0.0439 Acc: 98.70% | Val Loss: 0.5600 Acc: 91.67% | LR: 0.000002
2025-07-23 10:01:27,855 - INFO - Epoch 192/300 | Train Loss: 0.0568 Acc: 98.59% | Val Loss: 0.5195 Acc: 93.33% | LR: 0.000002
2025-07-23 10:01:29,497 - INFO - Epoch 193/300 | Train Loss: 0.0722 Acc: 98.70% | Val Loss: 0.5552 Acc: 93.33% | LR: 0.000002
2025-07-23 10:01:31,136 - INFO - Epoch 194/300 | Train Loss: 0.0711 Acc: 98.18% | Val Loss: 0.5572 Acc: 93.33% | LR: 0.000002
2025-07-23 10:01:32,758 - INFO - Epoch 195/300 | Train Loss: 0.0558 Acc: 98.80% | Val Loss: 0.5144 Acc: 93.33% | LR: 0.000002
2025-07-23 10:01:34,390 - INFO - Epoch 196/300 | Train Loss: 0.0436 Acc: 99.17% | Val Loss: 0.5274 Acc: 93.33% | LR: 0.000002
2025-07-23 10:01:36,028 - INFO - Epoch 197/300 | Train Loss: 0.0350 Acc: 99.11% | Val Loss: 0.5392 Acc: 93.33% | LR: 0.000002
2025-07-23 10:01:37,668 - INFO - Epoch 198/300 | Train Loss: 0.0320 Acc: 99.17% | Val Loss: 0.4558 Acc: 95.00% | LR: 0.000002
2025-07-23 10:01:39,295 - INFO - Epoch 199/300 | Train Loss: 0.0529 Acc: 98.70% | Val Loss: 0.4634 Acc: 93.33% | LR: 0.000002
2025-07-23 10:01:40,921 - INFO - Epoch 200/300 | Train Loss: 0.0271 Acc: 99.32% | Val Loss: 0.5506 Acc: 93.33% | LR: 0.000001
2025-07-23 10:01:42,544 - INFO - Epoch 201/300 | Train Loss: 0.0528 Acc: 98.75% | Val Loss: 0.5595 Acc: 93.33% | LR: 0.000001
2025-07-23 10:01:44,167 - INFO - Epoch 202/300 | Train Loss: 0.0510 Acc: 98.80% | Val Loss: 0.5533 Acc: 93.33% | LR: 0.000001
2025-07-23 10:01:45,805 - INFO - Epoch 203/300 | Train Loss: 0.0361 Acc: 99.11% | Val Loss: 0.4678 Acc: 93.33% | LR: 0.000001
2025-07-23 10:01:47,429 - INFO - Epoch 204/300 | Train Loss: 0.0429 Acc: 99.01% | Val Loss: 0.5190 Acc: 93.33% | LR: 0.000001
2025-07-23 10:01:49,040 - INFO - Epoch 205/300 | Train Loss: 0.0369 Acc: 99.11% | Val Loss: 0.5093 Acc: 93.33% | LR: 0.000001
2025-07-23 10:01:50,660 - INFO - Epoch 206/300 | Train Loss: 0.0350 Acc: 99.11% | Val Loss: 0.5639 Acc: 93.33% | LR: 0.000001
2025-07-23 10:01:52,281 - INFO - Epoch 207/300 | Train Loss: 0.0263 Acc: 99.43% | Val Loss: 0.5306 Acc: 93.33% | LR: 0.000001
2025-07-23 10:01:53,908 - INFO - Epoch 208/300 | Train Loss: 0.0399 Acc: 99.11% | Val Loss: 0.5087 Acc: 93.33% | LR: 0.000001
2025-07-23 10:01:55,548 - INFO - Epoch 209/300 | Train Loss: 0.0551 Acc: 98.39% | Val Loss: 0.5443 Acc: 93.33% | LR: 0.000001
2025-07-23 10:01:57,185 - INFO - Epoch 210/300 | Train Loss: 0.0486 Acc: 99.01% | Val Loss: 0.5529 Acc: 93.33% | LR: 0.000001
2025-07-23 10:01:58,816 - INFO - Epoch 211/300 | Train Loss: 0.0490 Acc: 98.80% | Val Loss: 0.5792 Acc: 91.67% | LR: 0.000001
2025-07-23 10:02:00,442 - INFO - Epoch 212/300 | Train Loss: 0.0469 Acc: 98.85% | Val Loss: 0.5669 Acc: 93.33% | LR: 0.000001
2025-07-23 10:02:02,146 - INFO - Epoch 213/300 | Train Loss: 0.0467 Acc: 99.01% | Val Loss: 0.5691 Acc: 93.33% | LR: 0.000001
2025-07-23 10:02:03,783 - INFO - Epoch 214/300 | Train Loss: 0.0565 Acc: 98.44% | Val Loss: 0.5389 Acc: 93.33% | LR: 0.000001
2025-07-23 10:02:05,415 - INFO - Epoch 215/300 | Train Loss: 0.0520 Acc: 98.75% | Val Loss: 0.5098 Acc: 93.33% | LR: 0.000001
2025-07-23 10:02:07,039 - INFO - Epoch 216/300 | Train Loss: 0.0387 Acc: 98.85% | Val Loss: 0.5396 Acc: 93.33% | LR: 0.000001
2025-07-23 10:02:08,664 - INFO - Epoch 217/300 | Train Loss: 0.0418 Acc: 98.85% | Val Loss: 0.4930 Acc: 93.33% | LR: 0.000001
2025-07-23 10:02:10,299 - INFO - Epoch 218/300 | Train Loss: 0.0517 Acc: 98.91% | Val Loss: 0.5377 Acc: 93.33% | LR: 0.000001
2025-07-23 10:02:11,929 - INFO - Epoch 219/300 | Train Loss: 0.0368 Acc: 99.06% | Val Loss: 0.5293 Acc: 93.33% | LR: 0.000001
2025-07-23 10:02:13,548 - INFO - Epoch 220/300 | Train Loss: 0.0369 Acc: 98.96% | Val Loss: 0.4522 Acc: 95.00% | LR: 0.000000
2025-07-23 10:02:15,173 - INFO - Epoch 221/300 | Train Loss: 0.0556 Acc: 99.01% | Val Loss: 0.5083 Acc: 93.33% | LR: 0.000000
2025-07-23 10:02:16,794 - INFO - Epoch 222/300 | Train Loss: 0.0509 Acc: 99.01% | Val Loss: 0.4836 Acc: 93.33% | LR: 0.000000
2025-07-23 10:02:18,421 - INFO - Epoch 223/300 | Train Loss: 0.0419 Acc: 99.01% | Val Loss: 0.5406 Acc: 93.33% | LR: 0.000000
2025-07-23 10:02:20,046 - INFO - Epoch 224/300 | Train Loss: 0.0627 Acc: 98.75% | Val Loss: 0.5614 Acc: 93.33% | LR: 0.000000
2025-07-23 10:02:21,680 - INFO - Epoch 225/300 | Train Loss: 0.0460 Acc: 98.96% | Val Loss: 0.5201 Acc: 93.33% | LR: 0.000000
2025-07-23 10:02:23,307 - INFO - Epoch 226/300 | Train Loss: 0.0442 Acc: 99.01% | Val Loss: 0.5348 Acc: 93.33% | LR: 0.000000
2025-07-23 10:02:24,942 - INFO - Epoch 227/300 | Train Loss: 0.0494 Acc: 99.11% | Val Loss: 0.4828 Acc: 93.33% | LR: 0.000000
2025-07-23 10:02:26,577 - INFO - Epoch 228/300 | Train Loss: 0.0607 Acc: 98.65% | Val Loss: 0.5563 Acc: 93.33% | LR: 0.000000
2025-07-23 10:02:28,207 - INFO - Epoch 229/300 | Train Loss: 0.0492 Acc: 98.85% | Val Loss: 0.4745 Acc: 93.33% | LR: 0.000000
2025-07-23 10:02:29,845 - INFO - Epoch 230/300 | Train Loss: 0.0417 Acc: 99.01% | Val Loss: 0.4557 Acc: 95.00% | LR: 0.000000
2025-07-23 10:02:31,503 - INFO - Epoch 231/300 | Train Loss: 0.0612 Acc: 98.49% | Val Loss: 0.5447 Acc: 93.33% | LR: 0.000000
2025-07-23 10:02:33,142 - INFO - Epoch 232/300 | Train Loss: 0.0345 Acc: 99.22% | Val Loss: 0.5464 Acc: 93.33% | LR: 0.000000
2025-07-23 10:02:34,814 - INFO - Epoch 233/300 | Train Loss: 0.0543 Acc: 98.75% | Val Loss: 0.5648 Acc: 93.33% | LR: 0.000000
2025-07-23 10:02:36,490 - INFO - Epoch 234/300 | Train Loss: 0.0436 Acc: 98.96% | Val Loss: 0.4609 Acc: 95.00% | LR: 0.000000
2025-07-23 10:02:38,119 - INFO - Epoch 235/300 | Train Loss: 0.0352 Acc: 99.22% | Val Loss: 0.5208 Acc: 93.33% | LR: 0.000000
2025-07-23 10:02:39,847 - INFO - Epoch 236/300 | Train Loss: 0.0550 Acc: 98.80% | Val Loss: 0.5443 Acc: 93.33% | LR: 0.000000
2025-07-23 10:02:41,531 - INFO - Epoch 237/300 | Train Loss: 0.0637 Acc: 98.70% | Val Loss: 0.5592 Acc: 93.33% | LR: 0.000000
2025-07-23 10:02:43,207 - INFO - Epoch 238/300 | Train Loss: 0.0439 Acc: 99.06% | Val Loss: 0.5494 Acc: 93.33% | LR: 0.000000
2025-07-23 10:02:44,859 - INFO - Epoch 239/300 | Train Loss: 0.0438 Acc: 98.96% | Val Loss: 0.5277 Acc: 93.33% | LR: 0.000000
2025-07-23 10:02:46,616 - INFO - Epoch 240/300 | Train Loss: 0.0337 Acc: 99.32% | Val Loss: 0.5501 Acc: 93.33% | LR: 0.000000
2025-07-23 10:02:48,476 - INFO - Epoch 241/300 | Train Loss: 0.0698 Acc: 98.54% | Val Loss: 0.5409 Acc: 93.33% | LR: 0.000000
2025-07-23 10:02:50,169 - INFO - Epoch 242/300 | Train Loss: 0.0498 Acc: 98.91% | Val Loss: 0.5591 Acc: 93.33% | LR: 0.000000
2025-07-23 10:02:51,910 - INFO - Epoch 243/300 | Train Loss: 0.0518 Acc: 98.80% | Val Loss: 0.5578 Acc: 93.33% | LR: 0.000000
2025-07-23 10:02:53,626 - INFO - Epoch 244/300 | Train Loss: 0.0501 Acc: 98.65% | Val Loss: 0.5099 Acc: 93.33% | LR: 0.000000
2025-07-23 10:02:55,335 - INFO - Epoch 245/300 | Train Loss: 0.0335 Acc: 99.43% | Val Loss: 0.5539 Acc: 93.33% | LR: 0.000000
2025-07-23 10:02:57,106 - INFO - Epoch 246/300 | Train Loss: 0.0406 Acc: 99.22% | Val Loss: 0.5590 Acc: 93.33% | LR: 0.000000
2025-07-23 10:02:58,928 - INFO - Epoch 247/300 | Train Loss: 0.0161 Acc: 99.38% | Val Loss: 0.5504 Acc: 93.33% | LR: 0.000000
2025-07-23 10:03:00,739 - INFO - Epoch 248/300 | Train Loss: 0.0548 Acc: 98.70% | Val Loss: 0.5611 Acc: 93.33% | LR: 0.000000
2025-07-23 10:03:02,569 - INFO - Epoch 249/300 | Train Loss: 0.0436 Acc: 98.91% | Val Loss: 0.5571 Acc: 93.33% | LR: 0.000000
2025-07-23 10:03:04,424 - INFO - Epoch 250/300 | Train Loss: 0.0464 Acc: 99.22% | Val Loss: 0.4860 Acc: 93.33% | LR: 0.000000
2025-07-23 10:03:06,298 - INFO - Epoch 251/300 | Train Loss: 0.0459 Acc: 98.85% | Val Loss: 0.5817 Acc: 93.33% | LR: 0.000000
2025-07-23 10:03:08,163 - INFO - Epoch 252/300 | Train Loss: 0.0519 Acc: 98.59% | Val Loss: 0.5008 Acc: 93.33% | LR: 0.000000
2025-07-23 10:03:10,005 - INFO - Epoch 253/300 | Train Loss: 0.0513 Acc: 98.80% | Val Loss: 0.5545 Acc: 93.33% | LR: 0.000000
2025-07-23 10:03:11,746 - INFO - Epoch 254/300 | Train Loss: 0.0443 Acc: 99.11% | Val Loss: 0.5651 Acc: 93.33% | LR: 0.000000
2025-07-23 10:03:13,477 - INFO - Epoch 255/300 | Train Loss: 0.0365 Acc: 99.06% | Val Loss: 0.5836 Acc: 93.33% | LR: 0.000000
2025-07-23 10:03:15,214 - INFO - Epoch 256/300 | Train Loss: 0.0493 Acc: 98.85% | Val Loss: 0.5208 Acc: 93.33% | LR: 0.000000
2025-07-23 10:03:16,949 - INFO - Epoch 257/300 | Train Loss: 0.0540 Acc: 98.59% | Val Loss: 0.5666 Acc: 93.33% | LR: 0.000000
2025-07-23 10:03:18,669 - INFO - Epoch 258/300 | Train Loss: 0.0661 Acc: 98.75% | Val Loss: 0.5344 Acc: 93.33% | LR: 0.000000
2025-07-23 10:03:20,404 - INFO - Epoch 259/300 | Train Loss: 0.0788 Acc: 98.39% | Val Loss: 0.5463 Acc: 93.33% | LR: 0.000000
2025-07-23 10:03:22,173 - INFO - Epoch 260/300 | Train Loss: 0.0553 Acc: 98.91% | Val Loss: 0.5226 Acc: 93.33% | LR: 0.000000
2025-07-23 10:03:23,951 - INFO - Epoch 261/300 | Train Loss: 0.0532 Acc: 98.80% | Val Loss: 0.4859 Acc: 93.33% | LR: 0.000000
2025-07-23 10:03:25,745 - INFO - Epoch 262/300 | Train Loss: 0.0296 Acc: 99.11% | Val Loss: 0.5686 Acc: 93.33% | LR: 0.000000
2025-07-23 10:03:27,472 - INFO - Epoch 263/300 | Train Loss: 0.0483 Acc: 98.91% | Val Loss: 0.5695 Acc: 93.33% | LR: 0.000000
2025-07-23 10:03:29,114 - INFO - Epoch 264/300 | Train Loss: 0.0326 Acc: 98.91% | Val Loss: 0.5514 Acc: 93.33% | LR: 0.000000
2025-07-23 10:03:30,787 - INFO - Epoch 265/300 | Train Loss: 0.0386 Acc: 99.11% | Val Loss: 0.4932 Acc: 93.33% | LR: 0.000000
2025-07-23 10:03:32,430 - INFO - Epoch 266/300 | Train Loss: 0.0437 Acc: 99.01% | Val Loss: 0.5174 Acc: 93.33% | LR: 0.000000
2025-07-23 10:03:34,077 - INFO - Epoch 267/300 | Train Loss: 0.0450 Acc: 99.06% | Val Loss: 0.5559 Acc: 93.33% | LR: 0.000000
2025-07-23 10:03:35,724 - INFO - Epoch 268/300 | Train Loss: 0.0654 Acc: 98.59% | Val Loss: 0.5239 Acc: 93.33% | LR: 0.000000
2025-07-23 10:03:37,361 - INFO - Epoch 269/300 | Train Loss: 0.0444 Acc: 98.96% | Val Loss: 0.4721 Acc: 93.33% | LR: 0.000000
2025-07-23 10:03:38,996 - INFO - Epoch 270/300 | Train Loss: 0.0611 Acc: 98.91% | Val Loss: 0.5440 Acc: 93.33% | LR: 0.000000
2025-07-23 10:03:40,635 - INFO - Epoch 271/300 | Train Loss: 0.0508 Acc: 98.85% | Val Loss: 0.5554 Acc: 93.33% | LR: 0.000000
2025-07-23 10:03:42,266 - INFO - Epoch 272/300 | Train Loss: 0.0560 Acc: 98.91% | Val Loss: 0.5618 Acc: 93.33% | LR: 0.000000
2025-07-23 10:03:43,967 - INFO - Epoch 273/300 | Train Loss: 0.0456 Acc: 98.85% | Val Loss: 0.5568 Acc: 93.33% | LR: 0.000000
2025-07-23 10:03:45,722 - INFO - Epoch 274/300 | Train Loss: 0.0491 Acc: 98.91% | Val Loss: 0.5333 Acc: 93.33% | LR: 0.000000
2025-07-23 10:03:47,364 - INFO - Epoch 275/300 | Train Loss: 0.0329 Acc: 99.17% | Val Loss: 0.5654 Acc: 93.33% | LR: 0.000000
2025-07-23 10:03:49,014 - INFO - Epoch 276/300 | Train Loss: 0.0366 Acc: 99.27% | Val Loss: 0.5542 Acc: 93.33% | LR: 0.000000
2025-07-23 10:03:50,649 - INFO - Epoch 277/300 | Train Loss: 0.0802 Acc: 98.59% | Val Loss: 0.5446 Acc: 93.33% | LR: 0.000000
2025-07-23 10:03:52,286 - INFO - Epoch 278/300 | Train Loss: 0.0346 Acc: 99.22% | Val Loss: 0.4559 Acc: 95.00% | LR: 0.000000
2025-07-23 10:03:53,936 - INFO - Epoch 279/300 | Train Loss: 0.0370 Acc: 99.01% | Val Loss: 0.5583 Acc: 93.33% | LR: 0.000000
2025-07-23 10:03:55,585 - INFO - Epoch 280/300 | Train Loss: 0.0527 Acc: 98.75% | Val Loss: 0.5419 Acc: 93.33% | LR: 0.000000
2025-07-23 10:03:57,221 - INFO - Epoch 281/300 | Train Loss: 0.0621 Acc: 98.59% | Val Loss: 0.5517 Acc: 93.33% | LR: 0.000000
2025-07-23 10:03:58,854 - INFO - Epoch 282/300 | Train Loss: 0.0570 Acc: 98.75% | Val Loss: 0.4627 Acc: 93.33% | LR: 0.000000
2025-07-23 10:04:00,500 - INFO - Epoch 283/300 | Train Loss: 0.0336 Acc: 99.11% | Val Loss: 0.5477 Acc: 93.33% | LR: 0.000000
2025-07-23 10:04:02,158 - INFO - Epoch 284/300 | Train Loss: 0.0462 Acc: 99.01% | Val Loss: 0.5587 Acc: 93.33% | LR: 0.000000
2025-07-23 10:04:03,822 - INFO - Epoch 285/300 | Train Loss: 0.0695 Acc: 98.49% | Val Loss: 0.5518 Acc: 93.33% | LR: 0.000000
2025-07-23 10:04:05,477 - INFO - Epoch 286/300 | Train Loss: 0.0433 Acc: 99.17% | Val Loss: 0.4592 Acc: 95.00% | LR: 0.000000
2025-07-23 10:04:07,158 - INFO - Epoch 287/300 | Train Loss: 0.0531 Acc: 98.65% | Val Loss: 0.5482 Acc: 93.33% | LR: 0.000000
2025-07-23 10:04:08,939 - INFO - Epoch 288/300 | Train Loss: 0.0485 Acc: 99.06% | Val Loss: 0.5213 Acc: 93.33% | LR: 0.000000
2025-07-23 10:04:10,729 - INFO - Epoch 289/300 | Train Loss: 0.0496 Acc: 98.96% | Val Loss: 0.4531 Acc: 95.00% | LR: 0.000000
2025-07-23 10:04:12,512 - INFO - Epoch 290/300 | Train Loss: 0.0474 Acc: 99.17% | Val Loss: 0.5499 Acc: 93.33% | LR: 0.000000
2025-07-23 10:04:14,299 - INFO - Epoch 291/300 | Train Loss: 0.0556 Acc: 98.80% | Val Loss: 0.5532 Acc: 93.33% | LR: 0.000000
2025-07-23 10:04:16,093 - INFO - Epoch 292/300 | Train Loss: 0.0647 Acc: 98.54% | Val Loss: 0.4837 Acc: 93.33% | LR: 0.000000
2025-07-23 10:04:17,870 - INFO - Epoch 293/300 | Train Loss: 0.0449 Acc: 98.80% | Val Loss: 0.5714 Acc: 91.67% | LR: 0.000000
2025-07-23 10:04:19,644 - INFO - Epoch 294/300 | Train Loss: 0.0375 Acc: 99.11% | Val Loss: 0.5179 Acc: 93.33% | LR: 0.000000
2025-07-23 10:04:21,435 - INFO - Epoch 295/300 | Train Loss: 0.0602 Acc: 98.75% | Val Loss: 0.5679 Acc: 93.33% | LR: 0.000000
2025-07-23 10:04:23,219 - INFO - Epoch 296/300 | Train Loss: 0.0404 Acc: 99.11% | Val Loss: 0.4534 Acc: 95.00% | LR: 0.000000
2025-07-23 10:04:25,000 - INFO - Epoch 297/300 | Train Loss: 0.0441 Acc: 99.17% | Val Loss: 0.5282 Acc: 93.33% | LR: 0.000000
2025-07-23 10:04:26,793 - INFO - Epoch 298/300 | Train Loss: 0.0402 Acc: 99.06% | Val Loss: 0.5726 Acc: 93.33% | LR: 0.000000
2025-07-23 10:04:28,579 - INFO - Epoch 299/300 | Train Loss: 0.0428 Acc: 98.96% | Val Loss: 0.5657 Acc: 93.33% | LR: 0.000000
2025-07-23 10:04:30,366 - INFO - Epoch 300/300 | Train Loss: 0.0340 Acc: 99.11% | Val Loss: 0.5577 Acc: 93.33% | LR: 0.000000
2025-07-23 10:04:30,366 - INFO - Training completed. Best validation accuracy: 95.00% (Train: 99.22%)
2025-07-23 10:04:30,366 - INFO - 
2025-07-23 10:04:30,366 - INFO - Generating training visualizations...
2025-07-23 10:04:30,367 - INFO - Loading best model from: outputs/models/best_hgc_lstm.pth
2025-07-23 10:04:30,817 - INFO - Training curves saved to: training_plots/training_curves.png
2025-07-23 10:04:42,360 - INFO - 
2025-07-23 10:04:42,360 - INFO - 📊 TRAINING SUMMARY:
2025-07-23 10:04:42,360 - INFO -    Best Validation Accuracy: 95.00% (Epoch 140)
2025-07-23 10:04:42,360 - INFO -    Final Training Accuracy: 99.11%
2025-07-23 10:04:42,360 - INFO -  Analyzing model performance on validation set...
2025-07-23 10:04:42,873 - INFO - Confusion matrix saved to: training_plots/confusion_matrix.png
2025-07-23 10:04:44,461 - INFO - 
2025-07-23 10:04:44,462 - INFO - ============================================================
2025-07-23 10:04:44,462 - INFO - CLASSIFICATION REPORT
2025-07-23 10:04:44,462 - INFO - ============================================================
2025-07-23 10:04:44,466 - INFO -               precision    recall  f1-score   support
2025-07-23 10:04:44,466 - INFO - 
2025-07-23 10:04:44,466 - INFO -      Class_1       0.75      0.75      0.75         4
2025-07-23 10:04:44,466 - INFO -      Class_2       1.00      1.00      1.00         4
2025-07-23 10:04:44,466 - INFO -      Class_3       1.00      1.00      1.00         4
2025-07-23 10:04:44,466 - INFO -      Class_4       1.00      1.00      1.00         4
2025-07-23 10:04:44,466 - INFO -      Class_5       1.00      1.00      1.00         4
2025-07-23 10:04:44,466 - INFO -      Class_6       1.00      1.00      1.00         4
2025-07-23 10:04:44,466 - INFO -      Class_7       1.00      1.00      1.00         4
2025-07-23 10:04:44,466 - INFO -      Class_8       1.00      1.00      1.00         4
2025-07-23 10:04:44,466 - INFO -      Class_9       1.00      0.75      0.86         4
2025-07-23 10:04:44,466 - INFO -     Class_10       1.00      1.00      1.00         4
2025-07-23 10:04:44,466 - INFO -     Class_11       1.00      1.00      1.00         4
2025-07-23 10:04:44,466 - INFO -     Class_12       0.60      0.75      0.67         4
2025-07-23 10:04:44,466 - INFO -     Class_13       1.00      1.00      1.00         4
2025-07-23 10:04:44,466 - INFO -     Class_14       1.00      1.00      1.00         4
2025-07-23 10:04:44,467 - INFO -     Class_15       1.00      1.00      1.00         4
2025-07-23 10:04:44,467 - INFO - 
2025-07-23 10:04:44,467 - INFO -     accuracy                           0.95        60
2025-07-23 10:04:44,467 - INFO -    macro avg       0.96      0.95      0.95        60
2025-07-23 10:04:44,467 - INFO - weighted avg       0.96      0.95      0.95        60
2025-07-23 10:04:44,467 - INFO - 
2025-07-23 10:04:44,467 - INFO - ================================================================================
2025-07-23 10:04:44,467 - INFO - 🎉 TRAINING COMPLETED SUCCESSFULLY!
2025-07-23 10:04:44,467 - INFO - ================================================================================
2025-07-23 10:04:44,467 - INFO - 🏆 Best validation accuracy: 95.00%
2025-07-23 10:04:44,467 - INFO - 💾 Model saved to: outputs/models/best_hgc_lstm.pth
2025-07-23 10:04:44,467 - INFO - 📊 Plots saved to: outputs/plots
2025-07-23 10:04:44,467 - INFO - 📝 Training log saved to: /home/na/VSLR/outputs/logs/training_20250723_095606.log
2025-07-23 10:04:44,467 - INFO - 📅 End time: 2025-07-23 10:04:44
2025-07-23 10:04:44,467 - INFO - ================================================================================
