2025-07-22 21:55:29,458 - INFO - ================================================================================
2025-07-22 21:55:29,458 - INFO - 🚀 VSLR Training Started
2025-07-22 21:55:29,458 - INFO - ================================================================================
2025-07-22 21:55:29,458 - INFO - 📝 Log file: /home/na/VSLR/outputs/logs/training_20250722_215529.log
2025-07-22 21:55:29,458 - INFO - 📅 Start time: 2025-07-22 21:55:29
2025-07-22 21:55:29,526 - INFO - Using device: cuda
2025-07-22 21:55:29,526 - INFO - Configuration loaded
2025-07-22 21:55:29,526 - INFO - Loading labels...
2025-07-22 21:55:29,528 - INFO -  15 classes: [1, 2, 3, 4, 5, 6, 7, 8, 9, 10, 11, 12, 13, 14, 15]
2025-07-22 21:55:29,528 - INFO -  300 videos
2025-07-22 21:55:29,529 - INFO - 
2025-07-22 21:55:29,529 - INFO -  Creating datasets...
2025-07-22 21:55:29,529 - INFO - Configuration:
2025-07-22 21:55:29,529 - INFO -    Split strategy: Stratified
2025-07-22 21:55:29,529 - INFO -    Train flip augmentation: Enabled
2025-07-22 21:55:29,529 - INFO -    Train transform augmentation: Enabled
2025-07-22 21:55:29,529 - INFO -    Translation range: ±0.1
2025-07-22 21:55:29,529 - INFO -    Scale range: ±0.1
2025-07-22 21:55:29,529 - INFO -    Val augmentation: Disabled (for fair evaluation)
2025-07-22 21:55:29,529 - INFO -  Using stratified split strategy
2025-07-22 21:55:29,529 - INFO -  TRAIN dataset: 240 original files
2025-07-22 21:55:29,529 - INFO -  Augmentation enabled: 960 total samples (x4)
2025-07-22 21:55:29,530 - INFO -   - Flip augmentation: ✓
2025-07-22 21:55:29,530 - INFO -   - Transform augmentation: ✓
2025-07-22 21:55:29,530 - INFO -  TRAIN class distribution:
2025-07-22 21:55:29,530 - INFO -   Class 1: 16 samples
2025-07-22 21:55:29,530 - INFO -   Class 2: 16 samples
2025-07-22 21:55:29,530 - INFO -   Class 3: 16 samples
2025-07-22 21:55:29,530 - INFO -   Class 4: 16 samples
2025-07-22 21:55:29,530 - INFO -   Class 5: 16 samples
2025-07-22 21:55:29,530 - INFO -   Class 6: 16 samples
2025-07-22 21:55:29,530 - INFO -   Class 7: 16 samples
2025-07-22 21:55:29,530 - INFO -   Class 8: 16 samples
2025-07-22 21:55:29,530 - INFO -   Class 9: 16 samples
2025-07-22 21:55:29,530 - INFO -   Class 10: 16 samples
2025-07-22 21:55:29,530 - INFO -   Class 11: 16 samples
2025-07-22 21:55:29,530 - INFO -   Class 12: 16 samples
2025-07-22 21:55:29,530 - INFO -   Class 13: 16 samples
2025-07-22 21:55:29,530 - INFO -   Class 14: 16 samples
2025-07-22 21:55:29,530 - INFO -   Class 15: 16 samples
2025-07-22 21:55:29,530 - INFO -  ✓ Balanced: 16 samples per class
2025-07-22 21:55:29,531 - INFO -  Using stratified split strategy
2025-07-22 21:55:29,531 - INFO -  VAL dataset: 60 original files
2025-07-22 21:55:29,531 - INFO -  VAL class distribution:
2025-07-22 21:55:29,531 - INFO -   Class 1: 4 samples
2025-07-22 21:55:29,531 - INFO -   Class 2: 4 samples
2025-07-22 21:55:29,531 - INFO -   Class 3: 4 samples
2025-07-22 21:55:29,531 - INFO -   Class 4: 4 samples
2025-07-22 21:55:29,531 - INFO -   Class 5: 4 samples
2025-07-22 21:55:29,531 - INFO -   Class 6: 4 samples
2025-07-22 21:55:29,531 - INFO -   Class 7: 4 samples
2025-07-22 21:55:29,531 - INFO -   Class 8: 4 samples
2025-07-22 21:55:29,531 - INFO -   Class 9: 4 samples
2025-07-22 21:55:29,531 - INFO -   Class 10: 4 samples
2025-07-22 21:55:29,531 - INFO -   Class 11: 4 samples
2025-07-22 21:55:29,531 - INFO -   Class 12: 4 samples
2025-07-22 21:55:29,531 - INFO -   Class 13: 4 samples
2025-07-22 21:55:29,531 - INFO -   Class 14: 4 samples
2025-07-22 21:55:29,531 - INFO -   Class 15: 4 samples
2025-07-22 21:55:29,532 - INFO -  ✓ Balanced: 4 samples per class
2025-07-22 21:55:29,532 - INFO - 
2025-07-22 21:55:29,532 - INFO - Dataset summary:
2025-07-22 21:55:29,532 - INFO -   Total classes: 15
2025-07-22 21:55:29,532 - INFO -   Train samples: 960
2025-07-22 21:55:29,532 - INFO -   Val samples: 60
2025-07-22 21:55:29,532 - INFO -   Strategy: Stratified split
2025-07-22 21:55:29,532 - INFO - 
2025-07-22 21:55:29,532 - INFO - Creating data loaders...
2025-07-22 21:55:29,532 - INFO -  Train batches: 120
2025-07-22 21:55:29,532 - INFO -  Valid batches: 8
2025-07-22 21:55:29,532 - INFO -  Batch size: 8
2025-07-22 21:55:29,532 - INFO -  Data Augmentation (Flip + Transform): 240 original → 960 total samples
2025-07-22 21:55:29,536 - INFO -  Sample keypoints shape: torch.Size([8, 60, 75, 2])
2025-07-22 21:55:29,536 - INFO -  Sample labels shape: torch.Size([8])
2025-07-22 21:55:29,536 - INFO - 
2025-07-22 21:55:29,536 - INFO - Creating adjacency matrix...
2025-07-22 21:55:29,560 - INFO -  Adjacency matrix shape: torch.Size([75, 75])
2025-07-22 21:55:29,560 - INFO -  Number of vertices: 75
2025-07-22 21:55:29,560 - INFO - 
2025-07-22 21:55:29,560 - INFO - Creating model...
2025-07-22 21:55:29,773 - INFO - Model created with 285584 parameters
2025-07-22 21:55:29,773 - INFO - Model configuration:
2025-07-22 21:55:29,773 - INFO -   - GCN layers: 2
2025-07-22 21:55:29,773 - INFO -   - GCN hidden dim: 128
2025-07-22 21:55:29,773 - INFO -   - LSTM hidden dim: 128
2025-07-22 21:55:29,773 - INFO -   - LSTM layers: 1
2025-07-22 21:55:29,773 - INFO -   - Bidirectional: True
2025-07-22 21:55:29,773 - INFO -   - Dropout: 0.5
2025-07-22 21:55:29,773 - INFO -   - Pooling type: attention
2025-07-22 21:55:29,773 - INFO -   - Sequence length: 60
2025-07-22 21:55:29,773 - INFO -   - Number of vertices: 75
2025-07-22 21:55:29,773 - INFO -   - Using Attention Pooling with dropout: 0.5
2025-07-22 21:55:29,773 - INFO -   - Attention weights can be visualized after forward pass
2025-07-22 21:55:29,774 - INFO - 
2025-07-22 21:55:29,774 - INFO - Starting training...
2025-07-22 21:55:29,774 - INFO -  Training configuration:
2025-07-22 21:55:29,774 - INFO -   - Epochs: 300
2025-07-22 21:55:29,774 - INFO -   - Batch size: 8
2025-07-22 21:55:29,774 - INFO -   - Learning rate: 0.001
2025-07-22 21:55:29,774 - INFO -   - Optimizer: adam
2025-07-22 21:55:29,774 - INFO -   - Scheduler: step
2025-07-22 21:55:29,774 - INFO -   - Early stopping patience: 100
2025-07-22 21:55:32,145 - INFO - Epoch 001/300 | Train Loss: 2.7343 Acc: 05.31% | Val Loss: 2.7179 Acc: 06.67% | LR: 0.001000
2025-07-22 21:55:33,292 - INFO - Epoch 002/300 | Train Loss: 2.7162 Acc: 06.98% | Val Loss: 2.7150 Acc: 11.67% | LR: 0.001000
2025-07-22 21:55:34,428 - INFO - Epoch 003/300 | Train Loss: 2.7139 Acc: 07.29% | Val Loss: 2.7134 Acc: 11.67% | LR: 0.001000
2025-07-22 21:55:35,585 - INFO - Epoch 004/300 | Train Loss: 2.7077 Acc: 07.40% | Val Loss: 2.7147 Acc: 06.67% | LR: 0.001000
2025-07-22 21:55:36,815 - INFO - Epoch 005/300 | Train Loss: 2.7096 Acc: 07.08% | Val Loss: 2.7106 Acc: 10.00% | LR: 0.001000
2025-07-22 21:55:38,059 - INFO - Epoch 006/300 | Train Loss: 2.6981 Acc: 07.19% | Val Loss: 2.7175 Acc: 10.00% | LR: 0.001000
2025-07-22 21:55:39,288 - INFO - Epoch 007/300 | Train Loss: 2.7025 Acc: 08.33% | Val Loss: 2.7148 Acc: 10.00% | LR: 0.001000
2025-07-22 21:55:40,481 - INFO - Epoch 008/300 | Train Loss: 2.6827 Acc: 10.94% | Val Loss: 2.7058 Acc: 15.00% | LR: 0.001000
2025-07-22 21:55:41,648 - INFO - Epoch 009/300 | Train Loss: 2.6221 Acc: 10.52% | Val Loss: 2.5064 Acc: 11.67% | LR: 0.001000
2025-07-22 21:55:42,844 - INFO - Epoch 010/300 | Train Loss: 2.5312 Acc: 12.71% | Val Loss: 2.4374 Acc: 15.00% | LR: 0.001000
2025-07-22 21:55:44,036 - INFO - Epoch 011/300 | Train Loss: 2.3407 Acc: 19.06% | Val Loss: 2.2306 Acc: 20.00% | LR: 0.001000
2025-07-22 21:55:45,233 - INFO - Epoch 012/300 | Train Loss: 2.3203 Acc: 18.96% | Val Loss: 2.2024 Acc: 16.67% | LR: 0.001000
2025-07-22 21:55:46,441 - INFO - Epoch 013/300 | Train Loss: 2.2536 Acc: 19.27% | Val Loss: 2.0870 Acc: 25.00% | LR: 0.001000
2025-07-22 21:55:47,648 - INFO - Epoch 014/300 | Train Loss: 2.1829 Acc: 20.00% | Val Loss: 2.0573 Acc: 30.00% | LR: 0.001000
2025-07-22 21:55:48,858 - INFO - Epoch 015/300 | Train Loss: 2.1224 Acc: 25.73% | Val Loss: 2.0396 Acc: 30.00% | LR: 0.001000
2025-07-22 21:55:50,055 - INFO - Epoch 016/300 | Train Loss: 2.0967 Acc: 26.15% | Val Loss: 2.0271 Acc: 23.33% | LR: 0.001000
2025-07-22 21:55:51,271 - INFO - Epoch 017/300 | Train Loss: 2.0391 Acc: 25.52% | Val Loss: 1.8273 Acc: 38.33% | LR: 0.001000
2025-07-22 21:55:52,455 - INFO - Epoch 018/300 | Train Loss: 1.9793 Acc: 30.31% | Val Loss: 1.7572 Acc: 38.33% | LR: 0.001000
2025-07-22 21:55:53,638 - INFO - Epoch 019/300 | Train Loss: 2.0019 Acc: 31.25% | Val Loss: 1.7334 Acc: 36.67% | LR: 0.001000
2025-07-22 21:55:54,816 - INFO - Epoch 020/300 | Train Loss: 1.8390 Acc: 35.62% | Val Loss: 1.7524 Acc: 33.33% | LR: 0.000500
2025-07-22 21:55:55,999 - INFO - Epoch 021/300 | Train Loss: 1.7083 Acc: 39.17% | Val Loss: 1.5176 Acc: 41.67% | LR: 0.000500
2025-07-22 21:55:57,192 - INFO - Epoch 022/300 | Train Loss: 1.6100 Acc: 42.40% | Val Loss: 1.4585 Acc: 43.33% | LR: 0.000500
2025-07-22 21:55:58,400 - INFO - Epoch 023/300 | Train Loss: 1.5906 Acc: 43.33% | Val Loss: 1.3425 Acc: 50.00% | LR: 0.000500
2025-07-22 21:55:59,619 - INFO - Epoch 024/300 | Train Loss: 1.5535 Acc: 44.38% | Val Loss: 1.3381 Acc: 53.33% | LR: 0.000500
2025-07-22 21:56:00,800 - INFO - Epoch 025/300 | Train Loss: 1.4227 Acc: 51.04% | Val Loss: 1.0375 Acc: 60.00% | LR: 0.000500
2025-07-22 21:56:02,064 - INFO - Epoch 026/300 | Train Loss: 1.4102 Acc: 50.31% | Val Loss: 1.1212 Acc: 58.33% | LR: 0.000500
2025-07-22 21:56:03,298 - INFO - Epoch 027/300 | Train Loss: 1.3763 Acc: 54.38% | Val Loss: 1.1325 Acc: 56.67% | LR: 0.000500
2025-07-22 21:56:04,535 - INFO - Epoch 028/300 | Train Loss: 1.3344 Acc: 51.46% | Val Loss: 1.1174 Acc: 51.67% | LR: 0.000500
2025-07-22 21:56:05,781 - INFO - Epoch 029/300 | Train Loss: 1.2769 Acc: 56.67% | Val Loss: 0.9408 Acc: 60.00% | LR: 0.000500
2025-07-22 21:56:07,022 - INFO - Epoch 030/300 | Train Loss: 1.1733 Acc: 58.54% | Val Loss: 0.9265 Acc: 66.67% | LR: 0.000500
2025-07-22 21:56:08,261 - INFO - Epoch 031/300 | Train Loss: 1.2068 Acc: 58.44% | Val Loss: 0.8979 Acc: 75.00% | LR: 0.000500
2025-07-22 21:56:09,516 - INFO - Epoch 032/300 | Train Loss: 1.1073 Acc: 61.98% | Val Loss: 0.7621 Acc: 73.33% | LR: 0.000500
2025-07-22 21:56:10,770 - INFO - Epoch 033/300 | Train Loss: 1.1313 Acc: 60.62% | Val Loss: 0.6986 Acc: 73.33% | LR: 0.000500
2025-07-22 21:56:12,005 - INFO - Epoch 034/300 | Train Loss: 1.0477 Acc: 65.31% | Val Loss: 0.7197 Acc: 78.33% | LR: 0.000500
2025-07-22 21:56:13,250 - INFO - Epoch 035/300 | Train Loss: 1.0295 Acc: 63.75% | Val Loss: 0.7433 Acc: 71.67% | LR: 0.000500
2025-07-22 21:56:14,453 - INFO - Epoch 036/300 | Train Loss: 1.0209 Acc: 64.27% | Val Loss: 0.7088 Acc: 73.33% | LR: 0.000500
2025-07-22 21:56:15,632 - INFO - Epoch 037/300 | Train Loss: 1.0230 Acc: 63.75% | Val Loss: 0.6967 Acc: 73.33% | LR: 0.000500
2025-07-22 21:56:16,814 - INFO - Epoch 038/300 | Train Loss: 0.9966 Acc: 64.06% | Val Loss: 0.7110 Acc: 75.00% | LR: 0.000500
2025-07-22 21:56:18,008 - INFO - Epoch 039/300 | Train Loss: 0.9319 Acc: 66.77% | Val Loss: 0.7297 Acc: 75.00% | LR: 0.000500
2025-07-22 21:56:19,217 - INFO - Epoch 040/300 | Train Loss: 0.9296 Acc: 65.83% | Val Loss: 0.6918 Acc: 73.33% | LR: 0.000250
2025-07-22 21:56:20,408 - INFO - Epoch 041/300 | Train Loss: 0.8292 Acc: 71.04% | Val Loss: 0.5791 Acc: 83.33% | LR: 0.000250
2025-07-22 21:56:21,618 - INFO - Epoch 042/300 | Train Loss: 0.7946 Acc: 73.12% | Val Loss: 0.5818 Acc: 85.00% | LR: 0.000250
2025-07-22 21:56:22,827 - INFO - Epoch 043/300 | Train Loss: 0.7595 Acc: 75.52% | Val Loss: 0.5266 Acc: 88.33% | LR: 0.000250
2025-07-22 21:56:24,099 - INFO - Epoch 044/300 | Train Loss: 0.7630 Acc: 75.21% | Val Loss: 0.5386 Acc: 83.33% | LR: 0.000250
2025-07-22 21:56:25,327 - INFO - Epoch 045/300 | Train Loss: 0.7212 Acc: 74.79% | Val Loss: 0.5402 Acc: 81.67% | LR: 0.000250
2025-07-22 21:56:26,530 - INFO - Epoch 046/300 | Train Loss: 0.7423 Acc: 74.06% | Val Loss: 0.5238 Acc: 85.00% | LR: 0.000250
2025-07-22 21:56:27,781 - INFO - Epoch 047/300 | Train Loss: 0.6984 Acc: 75.10% | Val Loss: 0.5056 Acc: 88.33% | LR: 0.000250
2025-07-22 21:56:28,963 - INFO - Epoch 048/300 | Train Loss: 0.6802 Acc: 76.46% | Val Loss: 0.4873 Acc: 88.33% | LR: 0.000250
2025-07-22 21:56:30,039 - INFO - Epoch 049/300 | Train Loss: 0.6431 Acc: 77.40% | Val Loss: 0.4678 Acc: 86.67% | LR: 0.000250
2025-07-22 21:56:31,128 - INFO - Epoch 050/300 | Train Loss: 0.6413 Acc: 78.85% | Val Loss: 0.4583 Acc: 88.33% | LR: 0.000250
2025-07-22 21:56:32,219 - INFO - Epoch 051/300 | Train Loss: 0.6034 Acc: 78.44% | Val Loss: 0.4409 Acc: 88.33% | LR: 0.000250
2025-07-22 21:56:33,458 - INFO - Epoch 052/300 | Train Loss: 0.6377 Acc: 77.50% | Val Loss: 0.4740 Acc: 88.33% | LR: 0.000250
2025-07-22 21:56:34,658 - INFO - Epoch 053/300 | Train Loss: 0.6348 Acc: 77.71% | Val Loss: 0.4478 Acc: 88.33% | LR: 0.000250
2025-07-22 21:56:35,883 - INFO - Epoch 054/300 | Train Loss: 0.5574 Acc: 82.92% | Val Loss: 0.4182 Acc: 91.67% | LR: 0.000250
2025-07-22 21:56:37,081 - INFO - Epoch 055/300 | Train Loss: 0.6015 Acc: 79.27% | Val Loss: 0.4276 Acc: 86.67% | LR: 0.000250
2025-07-22 21:56:38,288 - INFO - Epoch 056/300 | Train Loss: 0.5740 Acc: 81.77% | Val Loss: 0.3830 Acc: 90.00% | LR: 0.000250
2025-07-22 21:56:39,476 - INFO - Epoch 057/300 | Train Loss: 0.5693 Acc: 81.46% | Val Loss: 0.3973 Acc: 88.33% | LR: 0.000250
2025-07-22 21:56:40,673 - INFO - Epoch 058/300 | Train Loss: 0.5078 Acc: 83.33% | Val Loss: 0.4613 Acc: 88.33% | LR: 0.000250
2025-07-22 21:56:41,912 - INFO - Epoch 059/300 | Train Loss: 0.5594 Acc: 83.23% | Val Loss: 0.4446 Acc: 86.67% | LR: 0.000250
2025-07-22 21:56:43,102 - INFO - Epoch 060/300 | Train Loss: 0.5350 Acc: 83.23% | Val Loss: 0.4672 Acc: 88.33% | LR: 0.000125
2025-07-22 21:56:44,280 - INFO - Epoch 061/300 | Train Loss: 0.4607 Acc: 85.73% | Val Loss: 0.4077 Acc: 88.33% | LR: 0.000125
2025-07-22 21:56:45,484 - INFO - Epoch 062/300 | Train Loss: 0.4347 Acc: 86.67% | Val Loss: 0.3919 Acc: 90.00% | LR: 0.000125
2025-07-22 21:56:46,672 - INFO - Epoch 063/300 | Train Loss: 0.4290 Acc: 86.04% | Val Loss: 0.4185 Acc: 90.00% | LR: 0.000125
2025-07-22 21:56:47,861 - INFO - Epoch 064/300 | Train Loss: 0.4329 Acc: 86.98% | Val Loss: 0.4385 Acc: 90.00% | LR: 0.000125
2025-07-22 21:56:49,062 - INFO - Epoch 065/300 | Train Loss: 0.4058 Acc: 87.40% | Val Loss: 0.3991 Acc: 90.00% | LR: 0.000125
2025-07-22 21:56:50,258 - INFO - Epoch 066/300 | Train Loss: 0.3815 Acc: 87.29% | Val Loss: 0.3829 Acc: 90.00% | LR: 0.000125
2025-07-22 21:56:51,475 - INFO - Epoch 067/300 | Train Loss: 0.3805 Acc: 88.44% | Val Loss: 0.4079 Acc: 90.00% | LR: 0.000125
2025-07-22 21:56:52,681 - INFO - Epoch 068/300 | Train Loss: 0.3888 Acc: 87.92% | Val Loss: 0.4403 Acc: 88.33% | LR: 0.000125
2025-07-22 21:56:53,882 - INFO - Epoch 069/300 | Train Loss: 0.3534 Acc: 89.58% | Val Loss: 0.3726 Acc: 90.00% | LR: 0.000125
2025-07-22 21:56:55,030 - INFO - Epoch 070/300 | Train Loss: 0.3772 Acc: 87.92% | Val Loss: 0.4086 Acc: 90.00% | LR: 0.000125
2025-07-22 21:56:56,121 - INFO - Epoch 071/300 | Train Loss: 0.3797 Acc: 88.75% | Val Loss: 0.4661 Acc: 88.33% | LR: 0.000125
2025-07-22 21:56:57,331 - INFO - Epoch 072/300 | Train Loss: 0.3849 Acc: 88.44% | Val Loss: 0.4246 Acc: 90.00% | LR: 0.000125
2025-07-22 21:56:58,523 - INFO - Epoch 073/300 | Train Loss: 0.3775 Acc: 89.38% | Val Loss: 0.3770 Acc: 90.00% | LR: 0.000125
2025-07-22 21:56:59,714 - INFO - Epoch 074/300 | Train Loss: 0.3294 Acc: 89.27% | Val Loss: 0.3675 Acc: 91.67% | LR: 0.000125
2025-07-22 21:57:00,909 - INFO - Epoch 075/300 | Train Loss: 0.3730 Acc: 89.38% | Val Loss: 0.3742 Acc: 91.67% | LR: 0.000125
2025-07-22 21:57:02,147 - INFO - Epoch 076/300 | Train Loss: 0.3543 Acc: 89.38% | Val Loss: 0.3166 Acc: 90.00% | LR: 0.000125
2025-07-22 21:57:03,379 - INFO - Epoch 077/300 | Train Loss: 0.3396 Acc: 90.00% | Val Loss: 0.3651 Acc: 91.67% | LR: 0.000125
2025-07-22 21:57:04,614 - INFO - Epoch 078/300 | Train Loss: 0.3781 Acc: 88.54% | Val Loss: 0.3653 Acc: 91.67% | LR: 0.000125
2025-07-22 21:57:05,821 - INFO - Epoch 079/300 | Train Loss: 0.3525 Acc: 88.96% | Val Loss: 0.3780 Acc: 91.67% | LR: 0.000125
2025-07-22 21:57:07,024 - INFO - Epoch 080/300 | Train Loss: 0.3302 Acc: 90.00% | Val Loss: 0.3576 Acc: 93.33% | LR: 0.000063
2025-07-22 21:57:08,238 - INFO - Epoch 081/300 | Train Loss: 0.3001 Acc: 91.88% | Val Loss: 0.3702 Acc: 91.67% | LR: 0.000063
2025-07-22 21:57:09,456 - INFO - Epoch 082/300 | Train Loss: 0.2997 Acc: 90.31% | Val Loss: 0.3462 Acc: 91.67% | LR: 0.000063
2025-07-22 21:57:10,697 - INFO - Epoch 083/300 | Train Loss: 0.2765 Acc: 91.88% | Val Loss: 0.3740 Acc: 91.67% | LR: 0.000063
2025-07-22 21:57:11,926 - INFO - Epoch 084/300 | Train Loss: 0.3011 Acc: 90.52% | Val Loss: 0.3482 Acc: 91.67% | LR: 0.000063
2025-07-22 21:57:13,006 - INFO - Epoch 085/300 | Train Loss: 0.2517 Acc: 92.92% | Val Loss: 0.3794 Acc: 91.67% | LR: 0.000063
2025-07-22 21:57:14,081 - INFO - Epoch 086/300 | Train Loss: 0.2437 Acc: 92.81% | Val Loss: 0.3967 Acc: 91.67% | LR: 0.000063
2025-07-22 21:57:15,123 - INFO - Epoch 087/300 | Train Loss: 0.2385 Acc: 93.65% | Val Loss: 0.3839 Acc: 91.67% | LR: 0.000063
2025-07-22 21:57:16,156 - INFO - Epoch 088/300 | Train Loss: 0.2768 Acc: 91.77% | Val Loss: 0.4064 Acc: 91.67% | LR: 0.000063
2025-07-22 21:57:17,199 - INFO - Epoch 089/300 | Train Loss: 0.2319 Acc: 93.96% | Val Loss: 0.3536 Acc: 93.33% | LR: 0.000063
2025-07-22 21:57:18,220 - INFO - Epoch 090/300 | Train Loss: 0.2733 Acc: 92.40% | Val Loss: 0.3583 Acc: 91.67% | LR: 0.000063
2025-07-22 21:57:19,245 - INFO - Epoch 091/300 | Train Loss: 0.2668 Acc: 93.23% | Val Loss: 0.3520 Acc: 91.67% | LR: 0.000063
2025-07-22 21:57:20,263 - INFO - Epoch 092/300 | Train Loss: 0.2072 Acc: 93.96% | Val Loss: 0.3723 Acc: 91.67% | LR: 0.000063
2025-07-22 21:57:21,289 - INFO - Epoch 093/300 | Train Loss: 0.2427 Acc: 92.50% | Val Loss: 0.3407 Acc: 93.33% | LR: 0.000063
2025-07-22 21:57:22,321 - INFO - Epoch 094/300 | Train Loss: 0.2264 Acc: 93.44% | Val Loss: 0.3811 Acc: 91.67% | LR: 0.000063
2025-07-22 21:57:23,339 - INFO - Epoch 095/300 | Train Loss: 0.2463 Acc: 93.12% | Val Loss: 0.4179 Acc: 91.67% | LR: 0.000063
2025-07-22 21:57:24,359 - INFO - Epoch 096/300 | Train Loss: 0.2812 Acc: 92.08% | Val Loss: 0.3848 Acc: 91.67% | LR: 0.000063
2025-07-22 21:57:25,392 - INFO - Epoch 097/300 | Train Loss: 0.2486 Acc: 92.71% | Val Loss: 0.4011 Acc: 91.67% | LR: 0.000063
2025-07-22 21:57:26,407 - INFO - Epoch 098/300 | Train Loss: 0.2664 Acc: 92.81% | Val Loss: 0.3927 Acc: 91.67% | LR: 0.000063
2025-07-22 21:57:27,426 - INFO - Epoch 099/300 | Train Loss: 0.2326 Acc: 93.85% | Val Loss: 0.4070 Acc: 91.67% | LR: 0.000063
2025-07-22 21:57:28,448 - INFO - Epoch 100/300 | Train Loss: 0.2233 Acc: 94.17% | Val Loss: 0.4037 Acc: 91.67% | LR: 0.000031
2025-07-22 21:57:29,479 - INFO - Epoch 101/300 | Train Loss: 0.2393 Acc: 93.54% | Val Loss: 0.3556 Acc: 91.67% | LR: 0.000031
2025-07-22 21:57:30,495 - INFO - Epoch 102/300 | Train Loss: 0.1833 Acc: 95.00% | Val Loss: 0.3665 Acc: 91.67% | LR: 0.000031
2025-07-22 21:57:31,539 - INFO - Epoch 103/300 | Train Loss: 0.1845 Acc: 94.69% | Val Loss: 0.3504 Acc: 91.67% | LR: 0.000031
2025-07-22 21:57:32,564 - INFO - Epoch 104/300 | Train Loss: 0.2126 Acc: 94.38% | Val Loss: 0.3443 Acc: 91.67% | LR: 0.000031
2025-07-22 21:57:33,606 - INFO - Epoch 105/300 | Train Loss: 0.2052 Acc: 94.38% | Val Loss: 0.3673 Acc: 91.67% | LR: 0.000031
2025-07-22 21:57:34,618 - INFO - Epoch 106/300 | Train Loss: 0.1859 Acc: 95.21% | Val Loss: 0.3542 Acc: 91.67% | LR: 0.000031
2025-07-22 21:57:35,638 - INFO - Epoch 107/300 | Train Loss: 0.2217 Acc: 94.58% | Val Loss: 0.3681 Acc: 91.67% | LR: 0.000031
2025-07-22 21:57:36,657 - INFO - Epoch 108/300 | Train Loss: 0.2035 Acc: 94.48% | Val Loss: 0.3857 Acc: 91.67% | LR: 0.000031
2025-07-22 21:57:37,682 - INFO - Epoch 109/300 | Train Loss: 0.1964 Acc: 95.31% | Val Loss: 0.3822 Acc: 91.67% | LR: 0.000031
2025-07-22 21:57:38,707 - INFO - Epoch 110/300 | Train Loss: 0.2309 Acc: 93.65% | Val Loss: 0.3598 Acc: 91.67% | LR: 0.000031
2025-07-22 21:57:39,727 - INFO - Epoch 111/300 | Train Loss: 0.2291 Acc: 92.71% | Val Loss: 0.3422 Acc: 91.67% | LR: 0.000031
2025-07-22 21:57:40,748 - INFO - Epoch 112/300 | Train Loss: 0.2423 Acc: 93.54% | Val Loss: 0.3625 Acc: 91.67% | LR: 0.000031
2025-07-22 21:57:41,773 - INFO - Epoch 113/300 | Train Loss: 0.1943 Acc: 94.90% | Val Loss: 0.3517 Acc: 91.67% | LR: 0.000031
2025-07-22 21:57:42,796 - INFO - Epoch 114/300 | Train Loss: 0.1967 Acc: 94.58% | Val Loss: 0.3415 Acc: 91.67% | LR: 0.000031
2025-07-22 21:57:43,816 - INFO - Epoch 115/300 | Train Loss: 0.1672 Acc: 95.62% | Val Loss: 0.3585 Acc: 91.67% | LR: 0.000031
2025-07-22 21:57:44,824 - INFO - Epoch 116/300 | Train Loss: 0.1754 Acc: 95.31% | Val Loss: 0.3617 Acc: 91.67% | LR: 0.000031
2025-07-22 21:57:45,849 - INFO - Epoch 117/300 | Train Loss: 0.1807 Acc: 94.48% | Val Loss: 0.3623 Acc: 91.67% | LR: 0.000031
2025-07-22 21:57:46,860 - INFO - Epoch 118/300 | Train Loss: 0.1909 Acc: 95.42% | Val Loss: 0.3602 Acc: 91.67% | LR: 0.000031
2025-07-22 21:57:47,884 - INFO - Epoch 119/300 | Train Loss: 0.1761 Acc: 94.90% | Val Loss: 0.3647 Acc: 91.67% | LR: 0.000031
2025-07-22 21:57:48,897 - INFO - Epoch 120/300 | Train Loss: 0.1931 Acc: 94.90% | Val Loss: 0.3670 Acc: 91.67% | LR: 0.000016
2025-07-22 21:57:49,916 - INFO - Epoch 121/300 | Train Loss: 0.2361 Acc: 94.58% | Val Loss: 0.3663 Acc: 91.67% | LR: 0.000016
2025-07-22 21:57:50,933 - INFO - Epoch 122/300 | Train Loss: 0.2096 Acc: 94.58% | Val Loss: 0.3734 Acc: 91.67% | LR: 0.000016
2025-07-22 21:57:51,959 - INFO - Epoch 123/300 | Train Loss: 0.1743 Acc: 95.21% | Val Loss: 0.3574 Acc: 91.67% | LR: 0.000016
2025-07-22 21:57:52,996 - INFO - Epoch 124/300 | Train Loss: 0.1835 Acc: 95.83% | Val Loss: 0.3786 Acc: 91.67% | LR: 0.000016
2025-07-22 21:57:54,020 - INFO - Epoch 125/300 | Train Loss: 0.1843 Acc: 95.00% | Val Loss: 0.3681 Acc: 91.67% | LR: 0.000016
2025-07-22 21:57:55,054 - INFO - Epoch 126/300 | Train Loss: 0.1649 Acc: 95.62% | Val Loss: 0.3785 Acc: 91.67% | LR: 0.000016
2025-07-22 21:57:56,081 - INFO - Epoch 127/300 | Train Loss: 0.1771 Acc: 96.04% | Val Loss: 0.3709 Acc: 91.67% | LR: 0.000016
2025-07-22 21:57:57,111 - INFO - Epoch 128/300 | Train Loss: 0.1357 Acc: 96.88% | Val Loss: 0.3790 Acc: 91.67% | LR: 0.000016
2025-07-22 21:57:58,128 - INFO - Epoch 129/300 | Train Loss: 0.2128 Acc: 94.79% | Val Loss: 0.3640 Acc: 91.67% | LR: 0.000016
2025-07-22 21:57:59,151 - INFO - Epoch 130/300 | Train Loss: 0.1505 Acc: 96.15% | Val Loss: 0.3779 Acc: 91.67% | LR: 0.000016
2025-07-22 21:58:00,175 - INFO - Epoch 131/300 | Train Loss: 0.1542 Acc: 96.88% | Val Loss: 0.3649 Acc: 91.67% | LR: 0.000016
2025-07-22 21:58:01,213 - INFO - Epoch 132/300 | Train Loss: 0.1585 Acc: 96.46% | Val Loss: 0.3804 Acc: 91.67% | LR: 0.000016
2025-07-22 21:58:02,243 - INFO - Epoch 133/300 | Train Loss: 0.2215 Acc: 94.38% | Val Loss: 0.3856 Acc: 91.67% | LR: 0.000016
2025-07-22 21:58:03,258 - INFO - Epoch 134/300 | Train Loss: 0.1693 Acc: 95.83% | Val Loss: 0.3802 Acc: 91.67% | LR: 0.000016
2025-07-22 21:58:04,284 - INFO - Epoch 135/300 | Train Loss: 0.2023 Acc: 94.27% | Val Loss: 0.3764 Acc: 91.67% | LR: 0.000016
2025-07-22 21:58:05,302 - INFO - Epoch 136/300 | Train Loss: 0.1736 Acc: 95.10% | Val Loss: 0.3834 Acc: 91.67% | LR: 0.000016
2025-07-22 21:58:06,350 - INFO - Epoch 137/300 | Train Loss: 0.1427 Acc: 96.25% | Val Loss: 0.3902 Acc: 91.67% | LR: 0.000016
2025-07-22 21:58:07,362 - INFO - Epoch 138/300 | Train Loss: 0.1871 Acc: 95.62% | Val Loss: 0.3828 Acc: 91.67% | LR: 0.000016
2025-07-22 21:58:08,395 - INFO - Epoch 139/300 | Train Loss: 0.2000 Acc: 94.90% | Val Loss: 0.3839 Acc: 91.67% | LR: 0.000016
2025-07-22 21:58:09,455 - INFO - Epoch 140/300 | Train Loss: 0.1532 Acc: 95.94% | Val Loss: 0.3789 Acc: 91.67% | LR: 0.000008
2025-07-22 21:58:10,502 - INFO - Epoch 141/300 | Train Loss: 0.1460 Acc: 96.56% | Val Loss: 0.3781 Acc: 91.67% | LR: 0.000008
2025-07-22 21:58:11,534 - INFO - Epoch 142/300 | Train Loss: 0.2121 Acc: 94.90% | Val Loss: 0.3775 Acc: 91.67% | LR: 0.000008
2025-07-22 21:58:12,570 - INFO - Epoch 143/300 | Train Loss: 0.1339 Acc: 96.35% | Val Loss: 0.3942 Acc: 91.67% | LR: 0.000008
2025-07-22 21:58:13,596 - INFO - Epoch 144/300 | Train Loss: 0.2031 Acc: 94.58% | Val Loss: 0.3920 Acc: 91.67% | LR: 0.000008
2025-07-22 21:58:14,625 - INFO - Epoch 145/300 | Train Loss: 0.1816 Acc: 95.31% | Val Loss: 0.3881 Acc: 91.67% | LR: 0.000008
2025-07-22 21:58:15,652 - INFO - Epoch 146/300 | Train Loss: 0.1658 Acc: 95.42% | Val Loss: 0.3901 Acc: 91.67% | LR: 0.000008
2025-07-22 21:58:16,688 - INFO - Epoch 147/300 | Train Loss: 0.1543 Acc: 96.15% | Val Loss: 0.4007 Acc: 91.67% | LR: 0.000008
2025-07-22 21:58:17,718 - INFO - Epoch 148/300 | Train Loss: 0.2064 Acc: 95.42% | Val Loss: 0.3858 Acc: 91.67% | LR: 0.000008
2025-07-22 21:58:18,749 - INFO - Epoch 149/300 | Train Loss: 0.1611 Acc: 95.42% | Val Loss: 0.3668 Acc: 91.67% | LR: 0.000008
2025-07-22 21:58:19,865 - INFO - Epoch 150/300 | Train Loss: 0.1336 Acc: 96.88% | Val Loss: 0.3758 Acc: 91.67% | LR: 0.000008
2025-07-22 21:58:21,093 - INFO - Epoch 151/300 | Train Loss: 0.1550 Acc: 95.73% | Val Loss: 0.3815 Acc: 91.67% | LR: 0.000008
2025-07-22 21:58:22,304 - INFO - Epoch 152/300 | Train Loss: 0.1438 Acc: 96.15% | Val Loss: 0.3931 Acc: 91.67% | LR: 0.000008
2025-07-22 21:58:23,501 - INFO - Epoch 153/300 | Train Loss: 0.1885 Acc: 95.31% | Val Loss: 0.3737 Acc: 91.67% | LR: 0.000008
2025-07-22 21:58:24,693 - INFO - Epoch 154/300 | Train Loss: 0.1734 Acc: 94.58% | Val Loss: 0.3773 Acc: 91.67% | LR: 0.000008
2025-07-22 21:58:25,907 - INFO - Epoch 155/300 | Train Loss: 0.1556 Acc: 96.15% | Val Loss: 0.3894 Acc: 91.67% | LR: 0.000008
2025-07-22 21:58:27,103 - INFO - Epoch 156/300 | Train Loss: 0.1820 Acc: 95.83% | Val Loss: 0.3925 Acc: 91.67% | LR: 0.000008
2025-07-22 21:58:28,323 - INFO - Epoch 157/300 | Train Loss: 0.1975 Acc: 95.62% | Val Loss: 0.3944 Acc: 91.67% | LR: 0.000008
2025-07-22 21:58:29,563 - INFO - Epoch 158/300 | Train Loss: 0.1732 Acc: 95.42% | Val Loss: 0.3766 Acc: 91.67% | LR: 0.000008
2025-07-22 21:58:30,787 - INFO - Epoch 159/300 | Train Loss: 0.1718 Acc: 95.10% | Val Loss: 0.3962 Acc: 91.67% | LR: 0.000008
2025-07-22 21:58:32,000 - INFO - Epoch 160/300 | Train Loss: 0.1803 Acc: 95.73% | Val Loss: 0.3870 Acc: 91.67% | LR: 0.000004
2025-07-22 21:58:33,200 - INFO - Epoch 161/300 | Train Loss: 0.1357 Acc: 96.35% | Val Loss: 0.4018 Acc: 91.67% | LR: 0.000004
2025-07-22 21:58:34,412 - INFO - Epoch 162/300 | Train Loss: 0.1501 Acc: 96.67% | Val Loss: 0.3810 Acc: 91.67% | LR: 0.000004
2025-07-22 21:58:35,622 - INFO - Epoch 163/300 | Train Loss: 0.1374 Acc: 96.56% | Val Loss: 0.3833 Acc: 91.67% | LR: 0.000004
2025-07-22 21:58:36,871 - INFO - Epoch 164/300 | Train Loss: 0.1548 Acc: 96.25% | Val Loss: 0.3943 Acc: 91.67% | LR: 0.000004
2025-07-22 21:58:38,107 - INFO - Epoch 165/300 | Train Loss: 0.1541 Acc: 96.15% | Val Loss: 0.3962 Acc: 91.67% | LR: 0.000004
2025-07-22 21:58:39,363 - INFO - Epoch 166/300 | Train Loss: 0.1938 Acc: 95.62% | Val Loss: 0.3906 Acc: 91.67% | LR: 0.000004
2025-07-22 21:58:40,453 - INFO - Epoch 167/300 | Train Loss: 0.1530 Acc: 96.56% | Val Loss: 0.3940 Acc: 91.67% | LR: 0.000004
2025-07-22 21:58:41,719 - INFO - Epoch 168/300 | Train Loss: 0.1638 Acc: 95.94% | Val Loss: 0.3831 Acc: 91.67% | LR: 0.000004
2025-07-22 21:58:42,894 - INFO - Epoch 169/300 | Train Loss: 0.1482 Acc: 95.73% | Val Loss: 0.3902 Acc: 91.67% | LR: 0.000004
2025-07-22 21:58:43,938 - INFO - Epoch 170/300 | Train Loss: 0.1535 Acc: 95.62% | Val Loss: 0.3976 Acc: 91.67% | LR: 0.000004
2025-07-22 21:58:44,974 - INFO - Epoch 171/300 | Train Loss: 0.1617 Acc: 95.94% | Val Loss: 0.3938 Acc: 91.67% | LR: 0.000004
2025-07-22 21:58:46,001 - INFO - Epoch 172/300 | Train Loss: 0.2347 Acc: 94.27% | Val Loss: 0.3945 Acc: 91.67% | LR: 0.000004
2025-07-22 21:58:47,064 - INFO - Epoch 173/300 | Train Loss: 0.1457 Acc: 96.25% | Val Loss: 0.3874 Acc: 91.67% | LR: 0.000004
2025-07-22 21:58:48,185 - INFO - Epoch 174/300 | Train Loss: 0.1800 Acc: 95.10% | Val Loss: 0.3709 Acc: 91.67% | LR: 0.000004
2025-07-22 21:58:49,269 - INFO - Epoch 175/300 | Train Loss: 0.1603 Acc: 95.73% | Val Loss: 0.3818 Acc: 91.67% | LR: 0.000004
2025-07-22 21:58:50,312 - INFO - Epoch 176/300 | Train Loss: 0.1595 Acc: 95.94% | Val Loss: 0.3744 Acc: 91.67% | LR: 0.000004
2025-07-22 21:58:51,350 - INFO - Epoch 177/300 | Train Loss: 0.1658 Acc: 96.04% | Val Loss: 0.3734 Acc: 91.67% | LR: 0.000004
2025-07-22 21:58:52,395 - INFO - Epoch 178/300 | Train Loss: 0.1321 Acc: 96.77% | Val Loss: 0.3748 Acc: 91.67% | LR: 0.000004
2025-07-22 21:58:53,547 - INFO - Epoch 179/300 | Train Loss: 0.1617 Acc: 95.73% | Val Loss: 0.3846 Acc: 91.67% | LR: 0.000004
2025-07-22 21:58:54,665 - INFO - Epoch 180/300 | Train Loss: 0.1797 Acc: 95.00% | Val Loss: 0.3947 Acc: 91.67% | LR: 0.000002
2025-07-22 21:58:55,687 - INFO - Epoch 181/300 | Train Loss: 0.1948 Acc: 95.83% | Val Loss: 0.3856 Acc: 91.67% | LR: 0.000002
2025-07-22 21:58:56,693 - INFO - Epoch 182/300 | Train Loss: 0.1773 Acc: 95.21% | Val Loss: 0.3856 Acc: 91.67% | LR: 0.000002
2025-07-22 21:58:57,707 - INFO - Epoch 183/300 | Train Loss: 0.1827 Acc: 94.58% | Val Loss: 0.3978 Acc: 91.67% | LR: 0.000002
2025-07-22 21:58:58,726 - INFO - Epoch 184/300 | Train Loss: 0.1571 Acc: 95.83% | Val Loss: 0.4057 Acc: 91.67% | LR: 0.000002
2025-07-22 21:58:59,753 - INFO - Epoch 185/300 | Train Loss: 0.1752 Acc: 95.73% | Val Loss: 0.3858 Acc: 91.67% | LR: 0.000002
2025-07-22 21:59:00,769 - INFO - Epoch 186/300 | Train Loss: 0.1598 Acc: 96.35% | Val Loss: 0.3842 Acc: 91.67% | LR: 0.000002
2025-07-22 21:59:01,780 - INFO - Epoch 187/300 | Train Loss: 0.1500 Acc: 95.94% | Val Loss: 0.3823 Acc: 91.67% | LR: 0.000002
2025-07-22 21:59:02,802 - INFO - Epoch 188/300 | Train Loss: 0.1963 Acc: 95.00% | Val Loss: 0.3872 Acc: 91.67% | LR: 0.000002
2025-07-22 21:59:03,817 - INFO - Epoch 189/300 | Train Loss: 0.1732 Acc: 95.83% | Val Loss: 0.3883 Acc: 91.67% | LR: 0.000002
2025-07-22 21:59:03,817 - INFO - Early stopping triggered after 189 epochs
2025-07-22 21:59:03,817 - INFO - Training completed. Best validation accuracy: 93.33% (Train: 93.96%)
2025-07-22 21:59:03,817 - INFO - 
2025-07-22 21:59:03,818 - INFO - Generating training visualizations...
2025-07-22 21:59:03,818 - INFO - Loading best model from: outputs/models/best_hgc_lstm.pth
2025-07-22 21:59:04,316 - INFO - Training curves saved to: training_plots/training_curves.png
2025-07-22 21:59:19,176 - INFO - 
2025-07-22 21:59:19,176 - INFO - 📊 TRAINING SUMMARY:
2025-07-22 21:59:19,177 - INFO -    Best Validation Accuracy: 93.33% (Epoch 80)
2025-07-22 21:59:19,177 - INFO -    Final Training Accuracy: 95.83%
2025-07-22 21:59:19,177 - INFO -  Analyzing model performance on validation set...
2025-07-22 21:59:19,726 - INFO - Confusion matrix saved to: training_plots/confusion_matrix.png
2025-07-22 21:59:27,791 - INFO - 
2025-07-22 21:59:27,792 - INFO - ============================================================
2025-07-22 21:59:27,792 - INFO - CLASSIFICATION REPORT
2025-07-22 21:59:27,792 - INFO - ============================================================
2025-07-22 21:59:27,796 - INFO -               precision    recall  f1-score   support
2025-07-22 21:59:27,796 - INFO - 
2025-07-22 21:59:27,796 - INFO -      Class_1       0.75      0.75      0.75         4
2025-07-22 21:59:27,796 - INFO -      Class_2       0.80      1.00      0.89         4
2025-07-22 21:59:27,796 - INFO -      Class_3       1.00      1.00      1.00         4
2025-07-22 21:59:27,796 - INFO -      Class_4       1.00      1.00      1.00         4
2025-07-22 21:59:27,796 - INFO -      Class_5       1.00      1.00      1.00         4
2025-07-22 21:59:27,796 - INFO -      Class_6       1.00      1.00      1.00         4
2025-07-22 21:59:27,796 - INFO -      Class_7       1.00      1.00      1.00         4
2025-07-22 21:59:27,796 - INFO -      Class_8       1.00      1.00      1.00         4
2025-07-22 21:59:27,796 - INFO -      Class_9       0.75      0.75      0.75         4
2025-07-22 21:59:27,797 - INFO -     Class_10       1.00      1.00      1.00         4
2025-07-22 21:59:27,797 - INFO -     Class_11       1.00      0.75      0.86         4
2025-07-22 21:59:27,797 - INFO -     Class_12       0.75      0.75      0.75         4
2025-07-22 21:59:27,797 - INFO -     Class_13       1.00      1.00      1.00         4
2025-07-22 21:59:27,797 - INFO -     Class_14       1.00      1.00      1.00         4
2025-07-22 21:59:27,797 - INFO -     Class_15       1.00      1.00      1.00         4
2025-07-22 21:59:27,797 - INFO - 
2025-07-22 21:59:27,797 - INFO -     accuracy                           0.93        60
2025-07-22 21:59:27,797 - INFO -    macro avg       0.94      0.93      0.93        60
2025-07-22 21:59:27,797 - INFO - weighted avg       0.94      0.93      0.93        60
2025-07-22 21:59:27,797 - INFO - 
2025-07-22 21:59:27,797 - INFO - ================================================================================
2025-07-22 21:59:27,797 - INFO - 🎉 TRAINING COMPLETED SUCCESSFULLY!
2025-07-22 21:59:27,797 - INFO - ================================================================================
2025-07-22 21:59:27,797 - INFO - 🏆 Best validation accuracy: 93.33%
2025-07-22 21:59:27,797 - INFO - 💾 Model saved to: outputs/models/best_hgc_lstm.pth
2025-07-22 21:59:27,797 - INFO - 📊 Plots saved to: outputs/plots
2025-07-22 21:59:27,797 - INFO - 📝 Training log saved to: /home/na/VSLR/outputs/logs/training_20250722_215529.log
2025-07-22 21:59:27,798 - INFO - 📅 End time: 2025-07-22 21:59:27
2025-07-22 21:59:27,798 - INFO - ================================================================================
